2021-10-01: read from cache
2021-10-02: read from cache
2021-10-03: read from cache
2021-10-04: read from cache
2021-10-05: read from cache
2021-10-06: read from cache
2021-10-07: read from cache
2021-10-08: read from cache
2021-10-09: read from cache
2021-10-10: read from cache
2021-10-11: read from cache
2021-10-12: read from cache
2021-10-13: read from cache
2021-10-14: read from cache
2021-10-15: read from cache
2021-10-16: read from cache
2021-10-17: read from cache
2021-10-18: read from cache
2021-10-19: read from cache
2021-10-20: read from cache
2021-10-21: read from cache
2021-10-22: read from cache
2021-10-23: read from cache
2021-10-24: read from cache
2021-10-25: read from cache
2021-10-26: read from cache
2021-10-27: read from cache
2021-10-28: read from cache
2021-10-29: read from cache
2021-10-30: read from cache
2021-10-31: read from cache
2021-11-01: read from cache
2021-11-02: read from cache
2021-11-03: read from cache
2021-11-04: read from cache
2021-11-05: read from cache
2021-11-06: read from cache
2021-11-07: read from cache
2021-11-08: read from cache
2021-11-09: read from cache
2021-11-10: read from cache
2021-11-11: read from cache
2021-11-12: read from cache
2021-11-13: read from cache
2021-11-14: read from cache
2021-11-15: read from cache
2021-11-16: read from cache
2021-11-17: read from cache
2021-11-18: read from cache
2021-11-19: read from cache
2021-11-20: read from cache
2021-11-21: read from cache
2021-11-22: read from cache
2021-11-23: read from cache
2021-11-24: read from cache
2021-11-25: read from cache
2021-11-26: read from cache
2021-11-27: read from cache
2021-11-28: read from cache
2021-11-29: read from cache
2021-11-30: read from cache
2021-12-01: read from cache
2021-12-02: read from cache
2021-12-03: read from cache
2021-12-04: read from cache
2021-12-05: read from cache
2021-12-06: read from cache
2021-12-07: read from cache
2021-12-08: read from cache
2021-12-09: read from cache
2021-12-10: read from cache
2021-12-11: read from cache
2021-12-12: read from cache
2021-12-13: read from cache
0104.A-9033(A)  TOI-447 GROND 2021-11-15T03:09:45
0104.A-9033(A)  TOI-447 GROND 2021-11-15T03:09:45
0104.A-9033(A)  TOI-447 GROND 2021-11-15T03:09:45
0104.A-9033(A)  TOI-447 GROND 2021-11-15T03:09:45
0104.A-9033(A)  TOI-447 GROND 2021-11-15T03:09:45
0104.A-9033(A)  TOI-447 GROND 2021-11-15T03:09:45
0104.A-9033(A)  TOI-447 GROND 2021-11-15T03:09:45
0104.A-9033(A)  TOI-447 GROND 2021-11-15T03:09:45
0104.A-9033(A)  TOI-447 GROND 2021-11-15T03:09:45
0104.A-9033(A)  TOI-447 GROND 2021-11-15T03:09:45
0104.A-9033(A)  TOI-447 GROND 2021-11-15T03:09:45
0104.A-9033(A) FLAT Standard calibs GROND 2021-11-14T19:43:34
0104.A-9033(A) FLAT Standard calibs GROND 2021-11-14T19:43:34
0104.A-9033(A) FLAT Standard calibs GROND 2021-11-14T19:43:34
0104.A-9033(A) FLAT Standard calibs GROND 2021-11-14T19:43:34
0104.A-9033(A) FLAT Standard calibs GROND 2021-11-14T19:43:34
0104.A-9033(A) FLAT Standard calibs GROND 2021-11-14T19:43:34
0104.A-9033(A) FLAT Standard calibs GROND 2021-11-14T19:43:34
0104.A-9033(A) FLAT Standard calibs GROND 2021-11-14T19:43:34
0104.A-9033(A) FLAT Standard calibs GROND 2021-11-14T19:43:34
0104.A-9033(A) FLAT Standard calibs GROND 2021-11-14T19:43:34
0104.A-9033(A) FLAT Standard calibs GROND 2021-11-14T19:43:34
0104.A-9033(A) FLAT Standard calibs GROND 2021-11-14T19:43:34
0104.A-9033(A) FLAT Standard calibs GROND 2021-11-14T19:43:34
0104.A-9033(A) FLAT Standard calibs GROND 2021-11-14T19:43:34
0104.A-9033(A) FLAT Standard calibs GROND 2021-11-14T19:43:34
0104.A-9033(A) FLAT Standard calibs GROND 2021-11-14T19:43:34
0104.A-9033(A) FLAT Standard calibs GROND 2021-11-14T19:43:34
0104.A-9033(A) FLAT Standard calibs GROND 2021-11-14T19:43:34
0104.A-9033(A) FLAT Standard calibs GROND 2021-11-14T19:43:34
0104.A-9033(A) FLAT Standard calibs GROND 2021-11-14T19:43:34
0104.A-9033(A) FLAT Standard calibs GROND 2021-11-14T19:43:34
0104.A-9033(A) FLAT Standard calibs GROND 2021-11-14T19:43:34
0104.A-9033(A) FLAT Standard calibs GROND 2021-11-14T19:43:34
0104.A-9033(A) FLAT Standard calibs GROND 2021-11-14T19:43:34
0104.A-9033(A) FLAT Standard calibs GROND 2021-11-14T19:43:34
0104.A-9033(A) FLAT Standard calibs GROND 2021-11-14T19:43:34
0104.A-9033(A) FLAT Standard calibs GROND 2021-11-14T19:43:34
0104.A-9033(A) FLAT Standard calibs GROND 2021-11-14T19:43:34
0104.A-9033(A) FLAT Standard calibs GROND 2021-11-14T19:43:34
0104.A-9033(A) FLAT Standard calibs GROND 2021-11-14T19:43:34
0104.A-9033(A) FLAT Standard calibs GROND 2021-11-14T19:43:34
0104.A-9033(A) FLAT Standard calibs GROND 2021-11-14T19:43:34
0104.A-9033(A) FLAT Standard calibs GROND 2021-11-14T19:43:34
0104.A-9033(A) FLAT Standard calibs GROND 2021-11-14T19:43:34
0104.A-9033(A) FLAT Standard calibs GROND 2021-11-14T19:43:34
0104.A-9033(A) FLAT Standard calibs GROND 2021-11-14T19:43:34
0104.A-9033(A) FLAT Standard calibs GROND 2021-11-14T19:43:34
0104.A-9033(A) FLAT Standard calibs GROND 2021-11-14T19:43:34
0104.A-9033(A) FLAT Standard calibs GROND 2021-11-14T19:43:34
0104.A-9033(A) FLAT Standard calibs GROND 2021-11-14T19:43:34
0104.A-9033(A) FLAT Standard calibs GROND 2021-11-14T19:43:34
0104.A-9033(A) FLAT Standard calibs GROND 2021-11-14T19:43:34
0104.A-9033(A) FLAT Standard calibs GROND 2021-11-14T19:43:34
0104.A-9033(A) FLAT Standard calibs GROND 2021-11-14T19:43:34
0104.A-9033(A) FLAT Standard calibs GROND 2021-11-14T19:43:34
0104.A-9033(A) FLAT Standard calibs GROND 2021-11-14T19:43:34
0104.A-9033(A) FLAT Standard calibs GROND 2021-11-14T19:43:34
0104.A-9033(A) FLAT Standard calibs GROND 2021-11-14T19:43:34
0104.A-9033(A) FLAT Standard calibs GROND 2021-11-14T19:43:34
0104.A-9033(A) FLAT Standard calibs GROND 2021-11-14T19:43:34
0104.A-9033(A) FLAT Standard calibs GROND 2021-11-14T19:43:34
0104.A-9033(A) FLAT Standard calibs GROND 2021-11-14T19:43:34
0104.A-9033(A) FLAT Standard calibs GROND 2021-11-14T19:43:34
0104.A-9033(A) FLAT Standard calibs GROND 2021-11-14T19:43:34
0104.A-9033(A) FLAT Standard calibs GROND 2021-11-14T19:43:34
0104.A-9033(A) FLAT Standard calibs GROND 2021-11-14T19:43:34
0104.A-9033(A) FLAT Standard calibs GROND 2021-11-14T19:43:34
0104.A-9033(A) FLAT Standard calibs GROND 2021-11-14T19:43:34
0104.A-9033(A) FLAT Standard calibs GROND 2021-11-14T19:43:34
0104.A-9033(A) FLAT Standard calibs GROND 2021-11-14T19:43:34
0104.A-9033(A) FLAT Standard calibs GROND 2021-11-14T19:43:34
0104.A-9033(A) FLAT Standard calibs GROND 2021-11-14T19:43:34
0104.A-9033(A) FLAT Standard calibs GROND 2021-11-14T19:43:34
0104.A-9033(A) FLAT Standard calibs GROND 2021-11-14T19:43:34
0104.A-9033(A) FLAT Standard calibs GROND 2021-11-14T19:43:34
0104.A-9033(A) FLAT Standard calibs GROND 2021-11-14T19:43:34
0104.A-9033(A) FLAT Standard calibs GROND 2021-11-14T19:43:34
0104.A-9033(A) FLAT Standard calibs GROND 2021-11-14T19:43:34
0104.A-9033(A) FLAT Standard calibs GROND 2021-11-14T19:43:34
0104.A-9033(A) FLAT Standard calibs GROND 2021-11-14T19:43:34
0104.A-9033(A) FLAT Standard calibs GROND 2021-11-14T19:43:34
0104.A-9033(A) FLAT Standard calibs GROND 2021-11-14T19:43:34
0104.A-9033(A) FLAT Standard calibs GROND 2021-11-14T19:43:34
0104.A-9033(A) FLAT Standard calibs GROND 2021-11-14T19:43:34
0104.A-9033(A) FLAT Standard calibs GROND 2021-11-14T19:43:34
0104.A-9033(A) FLAT Standard calibs GROND 2021-11-14T19:43:34
0104.A-9033(A) FLAT Standard calibs GROND 2021-11-14T19:43:34
0104.A-9033(A) FLAT Standard calibs GROND 2021-11-14T19:43:34
0104.A-9033(A) FLAT Standard calibs GROND 2021-11-14T19:43:34
0104.A-9033(A) FLAT Standard calibs GROND 2021-11-14T19:43:34
0104.A-9033(A) FLAT Standard calibs GROND 2021-11-14T19:43:34
0104.A-9033(A) FLAT Standard calibs GROND 2021-11-14T19:43:34
0104.A-9033(A) FLAT Standard calibs GROND 2021-11-14T19:43:34
0104.A-9033(A) FLAT Standard calibs GROND 2021-11-14T19:43:34
0104.A-9033(A) FLAT Standard calibs GROND 2021-11-14T19:43:34
0104.A-9033(A) FLAT Standard calibs GROND 2021-11-14T19:43:34
0104.A-9033(A) FLAT Standard calibs GROND 2021-11-14T19:43:34
0104.A-9033(A) FLAT Standard calibs GROND 2021-11-14T19:43:34
0104.A-9033(A) FLAT Standard calibs GROND 2021-11-14T19:43:34
0104.A-9033(A) FLAT Standard calibs GROND 2021-11-14T19:43:34
0104.A-9033(A) FLAT Standard calibs GROND 2021-11-14T19:43:34
0104.A-9033(A) FLAT Standard calibs GROND 2021-11-14T19:43:34
0104.A-9033(A) FLAT Standard calibs GROND 2021-11-14T19:43:34
0104.A-9033(A) BIAS Standard calibs GROND 2021-11-14T19:43:34
0104.A-9033(A) BIAS Standard calibs GROND 2021-11-14T19:43:34
0104.A-9033(A) BIAS Standard calibs GROND 2021-11-14T19:43:34
0104.A-9033(A) BIAS Standard calibs GROND 2021-11-14T19:43:34
0104.A-9033(A) BIAS Standard calibs GROND 2021-11-14T19:43:34
0104.A-9033(A) BIAS Standard calibs GROND 2021-11-14T19:43:34
0104.A-9033(A) BIAS Standard calibs GROND 2021-11-14T19:43:34
0104.A-9033(A) BIAS Standard calibs GROND 2021-11-14T19:43:34
0104.A-9033(A) BIAS Standard calibs GROND 2021-11-14T19:43:34
0104.A-9033(A) BIAS Standard calibs GROND 2021-11-14T19:43:34
0104.A-9033(A) BIAS Standard calibs GROND 2021-11-14T19:43:34
0104.A-9033(A) BIAS Standard calibs GROND 2021-11-14T19:43:34
0104.A-9033(A) BIAS Standard calibs GROND 2021-11-14T19:43:34
0104.A-9033(A) BIAS Standard calibs GROND 2021-11-14T19:43:34
0104.A-9033(A) BIAS Standard calibs GROND 2021-11-14T19:43:34
0104.A-9033(A) DARK Standard calibs GROND 2021-11-14T19:43:34
0104.A-9033(A) DARK Standard calibs GROND 2021-11-14T19:43:34
0104.A-9033(A) DARK Standard calibs GROND 2021-11-14T19:43:34
0104.A-9033(A) DARK Standard calibs GROND 2021-11-14T19:43:34
0104.A-9033(A) DARK Standard calibs GROND 2021-11-14T19:43:34
0104.A-9033(A) DARK Standard calibs GROND 2021-11-14T19:43:34
0104.A-9033(A) DARK Standard calibs GROND 2021-11-14T19:43:34
0104.A-9033(A) DARK Standard calibs GROND 2021-11-14T19:43:34
0104.A-9033(A) DARK Standard calibs GROND 2021-11-14T19:43:34
0104.A-9033(A) DARK Standard calibs GROND 2021-11-14T19:43:34
0104.A-9033(A) DARK Standard calibs GROND 2021-11-14T19:43:34
0104.A-9033(A) DARK Standard calibs GROND 2021-11-14T19:43:34
0104.A-9033(A) DARK Standard calibs GROND 2021-11-14T19:43:34
0104.A-9033(A) DARK Standard calibs GROND 2021-11-14T19:43:34
0104.A-9033(A) DARK Standard calibs GROND 2021-11-14T19:43:34
0104.A-9033(A) DARK Standard calibs GROND 2021-11-14T19:43:34
0104.A-9033(A) DARK Standard calibs GROND 2021-11-14T19:43:34
0104.A-9033(A) DARK Standard calibs GROND 2021-11-14T19:43:34
0104.A-9033(A) DARK Standard calibs GROND 2021-11-14T19:43:34
0104.A-9033(A) DARK Standard calibs GROND 2021-11-14T19:43:34
0104.A-9033(A) DARK Standard calibs GROND 2021-11-14T19:43:34
0104.A-9033(A) DARK Standard calibs GROND 2021-11-14T19:43:34
0104.A-9033(A) DARK Standard calibs GROND 2021-11-14T19:43:34
0104.A-9033(A) DARK Standard calibs GROND 2021-11-14T19:43:34
0104.A-9033(A) DARK Standard calibs GROND 2021-11-14T19:43:34
0104.A-9033(A) DARK Standard calibs GROND 2021-11-14T19:43:34
0104.A-9033(A) DARK Standard calibs GROND 2021-11-14T19:43:34
0104.A-9033(A) DARK Standard calibs GROND 2021-11-14T19:43:34
0104.A-9033(A) DARK Standard calibs GROND 2021-11-14T19:43:34
0104.A-9033(A) DARK Standard calibs GROND 2021-11-14T19:43:34
0104.A-9033(A) DARK Standard calibs GROND 2021-11-14T19:43:34
0104.A-9033(A) DARK Standard calibs GROND 2021-11-14T19:43:34
0104.A-9033(A) DARK Standard calibs GROND 2021-11-14T19:43:34
0104.A-9033(A) DARK Standard calibs GROND 2021-11-14T19:43:34
0104.A-9033(A) DARK Standard calibs GROND 2021-11-14T19:43:34
0104.A-9033(A) DARK Standard calibs GROND 2021-11-14T19:43:34
0104.A-9033(A) DARK Standard calibs GROND 2021-11-14T19:43:34
0104.A-9033(A) DARK Standard calibs GROND 2021-11-14T19:43:34
0104.A-9033(A) DARK Standard calibs GROND 2021-11-14T19:43:34
0104.A-9033(A) DARK Standard calibs GROND 2021-11-14T19:43:34
0104.A-9033(A) DARK Standard calibs GROND 2021-11-14T19:43:34
0104.A-9033(A) DARK Standard calibs GROND 2021-11-14T19:43:34
0104.A-9033(A) DARK Standard calibs GROND 2021-11-14T19:43:34
0104.A-9033(A) DARK Standard calibs GROND 2021-11-14T19:43:34
0104.A-9033(A) DARK Standard calibs GROND 2021-11-14T19:43:34
0104.A-9033(A) DARK Standard calibs GROND 2021-11-14T19:43:34
0104.A-9033(A) DARK Standard calibs GROND 2021-11-14T19:43:34
0104.A-9033(A) DARK Standard calibs GROND 2021-11-14T19:43:34
0104.A-9033(A) DARK Standard calibs GROND 2021-11-14T19:43:34
0104.A-9033(A) DARK Standard calibs GROND 2021-11-14T19:43:34
0104.A-9033(A) DARK Standard calibs GROND 2021-11-14T19:43:34
0104.A-9033(A) DARK Standard calibs GROND 2021-11-14T19:43:34
0104.A-9033(A) DARK Standard calibs GROND 2021-11-14T19:43:34
0104.A-9033(A) DARK Standard calibs GROND 2021-11-14T19:43:34
0104.A-9033(A) DARK Standard calibs GROND 2021-11-14T19:43:34
0104.A-9033(A) DARK Standard calibs GROND 2021-11-14T19:43:34
0104.A-9033(A) DARK Standard calibs GROND 2021-11-14T19:43:34
0104.A-9033(A) DARK Standard calibs GROND 2021-11-14T19:43:34
0104.A-9033(A) DARK Standard calibs GROND 2021-11-14T19:43:34
0104.A-9033(A) DARK Standard calibs GROND 2021-11-14T19:43:34
0104.A-9033(A) DARK Standard calibs GROND 2021-11-14T19:43:34
0104.A-9033(A) DARK Standard calibs GROND 2021-11-14T19:43:34
0104.A-9033(A) DARK Standard calibs GROND 2021-11-14T19:43:34
0104.A-9033(A) DARK Standard calibs GROND 2021-11-14T19:43:34
0104.A-9033(A) DARK Standard calibs GROND 2021-11-14T19:43:34
0104.A-9033(A) DARK Standard calibs GROND 2021-11-14T19:43:34
0104.A-9033(A) DARK Standard calibs GROND 2021-11-14T19:43:34
0104.A-9033(A) DARK Standard calibs GROND 2021-11-14T19:43:34
0104.A-9033(A) DARK Standard calibs GROND 2021-11-14T19:43:34
0104.A-9033(A) DARK Standard calibs GROND 2021-11-14T19:43:34
0104.A-9033(A) DARK Standard calibs GROND 2021-11-14T19:43:34
0104.A-9033(A) DARK Standard calibs GROND 2021-11-14T19:43:34
0104.A-9033(A) DARK Standard calibs GROND 2021-11-14T19:43:34
0104.A-9033(A) DARK Standard calibs GROND 2021-11-14T19:43:34
0104.A-9033(A) DARK Standard calibs GROND 2021-11-14T19:43:34
0104.A-9033(A) DARK Standard calibs GROND 2021-11-14T19:43:34
0104.A-9033(A) DARK Standard calibs GROND 2021-11-14T19:43:34
0104.A-9033(A) DARK Standard calibs GROND 2021-11-14T19:43:34
0104.A-9033(A) DARK Standard calibs GROND 2021-11-14T19:43:34
0104.A-9033(A) DARK Standard calibs GROND 2021-11-14T19:43:34
0104.A-9033(A) DARK Standard calibs GROND 2021-11-14T19:43:34
0104.A-9033(A) DARK Standard calibs GROND 2021-11-14T19:43:34
0104.A-9033(A) DARK Standard calibs GROND 2021-11-14T19:43:34
0104.A-9033(A) DARK Standard calibs GROND 2021-11-14T19:43:34
0104.A-9033(A) DARK Standard calibs GROND 2021-11-14T19:43:34
0104.A-9033(A) DARK Standard calibs GROND 2021-11-14T19:43:34
0104.A-9033(A) DARK Standard calibs GROND 2021-11-14T19:43:34
0104.A-9033(A) DARK Standard calibs GROND 2021-11-14T19:43:34
0104.A-9033(A) DARK Standard calibs GROND 2021-11-14T19:43:34
0104.A-9033(A) DARK Standard calibs GROND 2021-11-14T19:43:34
0104.A-9033(A) DARK Standard calibs GROND 2021-11-14T19:43:34
0104.A-9033(A) DARK Standard calibs GROND 2021-11-14T19:43:34
0104.A-9033(A) DARK Standard calibs GROND 2021-11-14T19:43:34
0104.A-9033(A) DARK Standard calibs GROND 2021-11-14T19:43:34
0104.A-9033(A) DARK Standard calibs GROND 2021-11-14T19:43:34
0104.A-9033(A) DARK Standard calibs GROND 2021-11-14T19:43:34
0104.A-9033(A) DARK Standard calibs GROND 2021-11-14T19:43:34
0104.A-9033(A) DARK Standard calibs GROND 2021-11-14T19:43:34
0104.A-9033(A) DARK Standard calibs GROND 2021-11-14T19:43:34
0104.A-9033(A) DARK Standard calibs GROND 2021-11-14T19:43:34
0104.A-9033(A) DARK Standard calibs GROND 2021-11-14T19:43:34
0104.A-9033(A) DARK Standard calibs GROND 2021-11-14T19:43:34
0104.A-9033(A) DARK Standard calibs GROND 2021-11-14T19:43:34
0104.A-9033(A) DARK Standard calibs GROND 2021-11-14T19:43:34
0104.A-9033(A) DARK Standard calibs GROND 2021-11-14T19:43:34
0104.A-9033(A) DARK Standard calibs GROND 2021-11-14T19:43:34
0104.A-9033(A) DARK Standard calibs GROND 2021-11-14T19:43:34
0104.A-9033(A) DARK Standard calibs GROND 2021-11-14T19:43:34
0104.A-9033(A) DARK Standard calibs GROND 2021-11-14T19:43:34
0104.A-9033(A) DARK Standard calibs GROND 2021-11-14T19:43:34
0104.A-9033(A) DARK Standard calibs GROND 2021-11-14T19:43:34
0104.A-9033(A) DARK Standard calibs GROND 2021-11-14T19:43:34
0104.A-9033(A) DARK Standard calibs GROND 2021-11-14T19:43:34
0104.A-9033(A) DARK Standard calibs GROND 2021-11-14T19:43:34
0104.A-9033(A) DARK Standard calibs GROND 2021-11-14T19:43:34
0104.A-9033(A) DARK Standard calibs GROND 2021-11-14T19:43:34
0104.A-9033(A) DARK Standard calibs GROND 2021-11-14T19:43:34
0104.A-9033(A) DARK Standard calibs GROND 2021-11-14T19:43:34
0104.A-9033(A) DARK Standard calibs GROND 2021-11-14T19:43:34
0104.A-9033(A) DARK Standard calibs GROND 2021-11-14T19:43:34
0104.A-9033(A) DARK Standard calibs GROND 2021-11-14T19:43:34
0104.A-9033(A) DARK Standard calibs GROND 2021-11-14T19:43:34
0104.A-9033(A) DARK Standard calibs GROND 2021-11-14T19:43:34
0104.A-9033(A) DARK Standard calibs GROND 2021-11-14T19:43:34
0104.A-9033(A) DARK Standard calibs GROND 2021-11-14T19:43:34
0104.A-9033(A) DARK Standard calibs GROND 2021-11-14T19:43:34
0104.A-9033(A) DARK Standard calibs GROND 2021-11-14T19:43:34
0104.A-9033(A) DARK Standard calibs GROND 2021-11-14T19:43:34
0104.A-9033(A) DARK Standard calibs GROND 2021-11-14T19:43:34
0104.A-9033(A) DARK Standard calibs GROND 2021-11-14T19:43:34
0104.A-9033(A) DARK Standard calibs GROND 2021-11-14T19:43:34
0104.A-9033(A) DARK Standard calibs GROND 2021-11-14T19:43:34
0104.A-9033(A) DARK Standard calibs GROND 2021-11-14T19:43:34
0104.A-9033(A) DARK Standard calibs GROND 2021-11-14T19:43:34
0104.A-9033(A) DARK Standard calibs GROND 2021-11-14T19:43:34
0104.A-9033(A) DARK Standard calibs GROND 2021-11-14T19:43:34
0104.A-9033(A) DARK Standard calibs GROND 2021-11-14T19:43:34
0104.A-9033(A) DARK Standard calibs GROND 2021-11-14T19:43:34
0104.A-9033(A) DARK Standard calibs GROND 2021-11-14T19:43:34
0104.A-9033(A) DARK Standard calibs GROND 2021-11-14T19:43:34
0104.A-9033(A) DARK Standard calibs GROND 2021-11-14T19:43:34
0104.A-9033(A) DARK Standard calibs GROND 2021-11-14T19:43:34
0104.A-9033(A) DARK Standard calibs GROND 2021-11-14T19:43:34
0104.A-9033(A) DARK Standard calibs GROND 2021-11-14T19:43:34
0104.A-9033(A) DARK Standard calibs GROND 2021-11-14T19:43:34
0104.A-9033(A) DARK Standard calibs GROND 2021-11-14T19:43:34
0104.A-9033(A) DARK Standard calibs GROND 2021-11-14T19:43:34
0104.A-9033(A) DARK Standard calibs GROND 2021-11-14T19:43:34
0104.A-9033(A) DARK Standard calibs GROND 2021-11-14T19:43:34
0104.A-9033(A) DARK Standard calibs GROND 2021-11-14T19:43:34
0104.A-9033(A) DARK Standard calibs GROND 2021-11-14T19:43:34
0104.A-9033(A) DARK Standard calibs GROND 2021-11-14T19:43:34
0104.A-9033(A) DARK Standard calibs GROND 2021-11-14T19:43:34
0104.A-9033(A) DARK Standard calibs GROND 2021-11-14T19:43:34
0104.A-9033(A) DARK Standard calibs GROND 2021-11-14T19:43:34
0104.A-9033(A) DARK Standard calibs GROND 2021-11-14T19:43:34
0104.A-9033(A) DARK Standard calibs GROND 2021-11-14T19:43:34
0104.A-9033(A) DARK Standard calibs GROND 2021-11-14T19:43:34
0104.A-9033(A) DARK Standard calibs GROND 2021-11-14T19:43:34
0104.A-9033(A) DARK Standard calibs GROND 2021-11-14T19:43:34
0104.A-9033(A) DARK Standard calibs GROND 2021-11-14T19:43:34
0104.A-9033(A) DARK Standard calibs GROND 2021-11-14T19:43:34
0104.A-9033(A) DARK Standard calibs GROND 2021-11-14T19:43:34
0104.A-9033(A) DARK Standard calibs GROND 2021-11-14T19:43:34
0104.A-9033(A) DARK Standard calibs GROND 2021-11-14T19:43:34
0104.A-9033(A) DARK Standard calibs GROND 2021-11-14T19:43:34
0104.A-9033(A) DARK Standard calibs GROND 2021-11-14T19:43:34
0104.A-9033(A) DARK Standard calibs GROND 2021-11-14T19:43:34
0104.A-9033(A) DARK Standard calibs GROND 2021-11-14T19:43:34
0104.A-9033(A) DARK Standard calibs GROND 2021-11-14T19:43:34
0104.A-9033(A) DARK Standard calibs GROND 2021-11-14T19:43:34
0104.A-9033(A) DARK Standard calibs GROND 2021-11-14T19:43:34
0104.A-9033(A) DARK Standard calibs GROND 2021-11-14T19:43:34
0104.A-9033(A) DARK Standard calibs GROND 2021-11-14T19:43:34
0104.A-9033(A) DARK Standard calibs GROND 2021-11-14T19:43:34
0104.A-9033(A) DARK Standard calibs GROND 2021-11-14T19:43:34
0104.A-9033(A) DARK Standard calibs GROND 2021-11-14T19:43:34
0104.A-9033(A) DARK Standard calibs GROND 2021-11-14T19:43:34
0104.A-9033(A) DARK Standard calibs GROND 2021-11-14T19:43:34
0104.A-9033(A) DARK Standard calibs GROND 2021-11-14T19:43:34
0104.A-9033(A) DARK Standard calibs GROND 2021-11-14T19:43:34
0104.A-9033(A) DARK Standard calibs GROND 2021-11-14T19:43:34
0104.A-9033(A) DARK Standard calibs GROND 2021-11-14T19:43:34
0104.A-9033(A) DARK Standard calibs GROND 2021-11-14T19:43:34
0104.A-9033(A) DARK Standard calibs GROND 2021-11-14T19:43:34
0104.A-9033(A) DARK Standard calibs GROND 2021-11-14T19:43:34
0104.A-9033(A) DARK Standard calibs GROND 2021-11-14T19:43:34
0104.A-9033(A) DARK Standard calibs GROND 2021-11-14T19:43:34
0104.A-9033(A) DARK Standard calibs GROND 2021-11-14T19:43:34
0104.A-9033(A) DARK Standard calibs GROND 2021-11-14T19:43:34
0104.A-9033(A) DARK Standard calibs GROND 2021-11-14T19:43:34
0104.A-9033(A) DARK Standard calibs GROND 2021-11-14T19:43:34
0104.A-9033(A) DARK Standard calibs GROND 2021-11-14T19:43:34
0104.A-9033(A) DARK Standard calibs GROND 2021-11-14T19:43:34
0104.A-9033(A) DARK Standard calibs GROND 2021-11-14T19:43:34
0104.A-9033(A) FLAT Standard calibs GROND 2021-11-15T16:44:55
0104.A-9033(A) FLAT Standard calibs GROND 2021-11-15T16:44:55
0104.A-9033(A) FLAT Standard calibs GROND 2021-11-15T16:44:55
0104.A-9033(A) FLAT Standard calibs GROND 2021-11-15T16:44:55
0104.A-9033(A) FLAT Standard calibs GROND 2021-11-15T16:44:55
0104.A-9033(A) FLAT Standard calibs GROND 2021-11-15T16:44:55
0104.A-9033(A) FLAT Standard calibs GROND 2021-11-15T16:44:55
0104.A-9033(A) FLAT Standard calibs GROND 2021-11-15T16:44:55
0104.A-9033(A) FLAT Standard calibs GROND 2021-11-15T16:44:55
0104.A-9033(A) FLAT Standard calibs GROND 2021-11-15T16:44:55
0104.A-9033(A) FLAT Standard calibs GROND 2021-11-15T16:44:55
0104.A-9033(A) FLAT Standard calibs GROND 2021-11-15T16:44:55
0104.A-9033(A) FLAT Standard calibs GROND 2021-11-15T16:44:55
0104.A-9033(A) FLAT Standard calibs GROND 2021-11-15T16:44:55
0104.A-9033(A) FLAT Standard calibs GROND 2021-11-15T16:44:55
0104.A-9033(A) FLAT Standard calibs GROND 2021-11-15T16:44:55
0104.A-9033(A) FLAT Standard calibs GROND 2021-11-15T16:44:55
0104.A-9033(A) FLAT Standard calibs GROND 2021-11-15T16:44:55
0104.A-9033(A) FLAT Standard calibs GROND 2021-11-15T16:44:55
0104.A-9033(A) FLAT Standard calibs GROND 2021-11-15T16:44:55
0104.A-9033(A) FLAT Standard calibs GROND 2021-11-15T16:44:55
0104.A-9033(A) FLAT Standard calibs GROND 2021-11-15T16:44:55
0104.A-9033(A) FLAT Standard calibs GROND 2021-11-15T16:44:55
0104.A-9033(A) FLAT Standard calibs GROND 2021-11-15T16:44:55
0104.A-9033(A) FLAT Standard calibs GROND 2021-11-15T16:44:55
0104.A-9033(A) FLAT Standard calibs GROND 2021-11-15T16:44:55
0104.A-9033(A) FLAT Standard calibs GROND 2021-11-15T16:44:55
0104.A-9033(A) FLAT Standard calibs GROND 2021-11-15T16:44:55
0104.A-9033(A) FLAT Standard calibs GROND 2021-11-15T16:44:55
0104.A-9033(A) FLAT Standard calibs GROND 2021-11-15T16:44:55
0104.A-9033(A) FLAT Standard calibs GROND 2021-11-15T16:44:55
0104.A-9033(A) FLAT Standard calibs GROND 2021-11-15T16:44:55
0104.A-9033(A) FLAT Standard calibs GROND 2021-11-15T16:44:55
0104.A-9033(A) FLAT Standard calibs GROND 2021-11-15T16:44:55
0104.A-9033(A) FLAT Standard calibs GROND 2021-11-15T16:44:55
0104.A-9033(A) FLAT Standard calibs GROND 2021-11-15T16:44:55
0104.A-9033(A) FLAT Standard calibs GROND 2021-11-15T16:44:55
0104.A-9033(A) FLAT Standard calibs GROND 2021-11-15T16:44:55
0104.A-9033(A) FLAT Standard calibs GROND 2021-11-15T16:44:55
0104.A-9033(A) FLAT Standard calibs GROND 2021-11-15T16:44:55
0104.A-9033(A) FLAT Standard calibs GROND 2021-11-15T16:44:55
0104.A-9033(A) FLAT Standard calibs GROND 2021-11-15T16:44:55
0104.A-9033(A) FLAT Standard calibs GROND 2021-11-15T16:44:55
0104.A-9033(A) FLAT Standard calibs GROND 2021-11-15T16:44:55
0104.A-9033(A) FLAT Standard calibs GROND 2021-11-15T16:44:55
0104.A-9033(A) FLAT Standard calibs GROND 2021-11-15T16:44:55
0104.A-9033(A) FLAT Standard calibs GROND 2021-11-15T16:44:55
0104.A-9033(A) FLAT Standard calibs GROND 2021-11-15T16:44:55
0104.A-9033(A) FLAT Standard calibs GROND 2021-11-15T16:44:55
0104.A-9033(A) FLAT Standard calibs GROND 2021-11-15T16:44:55
0104.A-9033(A) FLAT Standard calibs GROND 2021-11-15T16:44:55
0104.A-9033(A) FLAT Standard calibs GROND 2021-11-15T16:44:55
0104.A-9033(A) FLAT Standard calibs GROND 2021-11-15T16:44:55
0104.A-9033(A) FLAT Standard calibs GROND 2021-11-15T16:44:55
0104.A-9033(A) FLAT Standard calibs GROND 2021-11-15T16:44:55
0104.A-9033(A) FLAT Standard calibs GROND 2021-11-15T16:44:55
0104.A-9033(A) FLAT Standard calibs GROND 2021-11-15T16:44:55
0104.A-9033(A) FLAT Standard calibs GROND 2021-11-15T16:44:55
0104.A-9033(A) FLAT Standard calibs GROND 2021-11-15T16:44:55
0104.A-9033(A) FLAT Standard calibs GROND 2021-11-15T16:44:55
0104.A-9033(A) FLAT Standard calibs GROND 2021-11-15T16:44:55
0104.A-9033(A) FLAT Standard calibs GROND 2021-11-15T16:44:55
0104.A-9033(A) FLAT Standard calibs GROND 2021-11-15T16:44:55
0104.A-9033(A) FLAT Standard calibs GROND 2021-11-15T16:44:55
0104.A-9033(A) FLAT Standard calibs GROND 2021-11-15T16:44:55
0104.A-9033(A) FLAT Standard calibs GROND 2021-11-15T16:44:55
0104.A-9033(A) FLAT Standard calibs GROND 2021-11-15T16:44:55
0104.A-9033(A) FLAT Standard calibs GROND 2021-11-15T16:44:55
0104.A-9033(A) FLAT Standard calibs GROND 2021-11-15T16:44:55
0104.A-9033(A) FLAT Standard calibs GROND 2021-11-15T16:44:55
0104.A-9033(A) FLAT Standard calibs GROND 2021-11-15T16:44:55
0104.A-9033(A) FLAT Standard calibs GROND 2021-11-15T16:44:55
0104.A-9033(A) FLAT Standard calibs GROND 2021-11-15T16:44:55
0104.A-9033(A) FLAT Standard calibs GROND 2021-11-15T16:44:55
0104.A-9033(A) FLAT Standard calibs GROND 2021-11-15T16:44:55
0104.A-9033(A) FLAT Standard calibs GROND 2021-11-15T16:44:55
0104.A-9033(A) FLAT Standard calibs GROND 2021-11-15T16:44:55
0104.A-9033(A) FLAT Standard calibs GROND 2021-11-15T16:44:55
0104.A-9033(A) FLAT Standard calibs GROND 2021-11-15T16:44:55
0104.A-9033(A) FLAT Standard calibs GROND 2021-11-15T16:44:55
0104.A-9033(A) FLAT Standard calibs GROND 2021-11-15T16:44:55
0104.A-9033(A) FLAT Standard calibs GROND 2021-11-15T16:44:55
0104.A-9033(A) FLAT Standard calibs GROND 2021-11-15T16:44:55
0104.A-9033(A) FLAT Standard calibs GROND 2021-11-15T16:44:55
0104.A-9033(A) FLAT Standard calibs GROND 2021-11-15T16:44:55
0104.A-9033(A) FLAT Standard calibs GROND 2021-11-15T16:44:55
0104.A-9033(A) FLAT Standard calibs GROND 2021-11-15T16:44:55
0104.A-9033(A) FLAT Standard calibs GROND 2021-11-15T16:44:55
0104.A-9033(A) FLAT Standard calibs GROND 2021-11-15T16:44:55
0104.A-9033(A) FLAT Standard calibs GROND 2021-11-15T16:44:55
0104.A-9033(A) FLAT Standard calibs GROND 2021-11-15T16:44:55
0104.A-9033(A) FLAT Standard calibs GROND 2021-11-15T16:44:55
0104.A-9033(A) FLAT Standard calibs GROND 2021-11-15T16:44:55
0104.A-9033(A) FLAT Standard calibs GROND 2021-11-15T16:44:55
0104.A-9033(A) FLAT Standard calibs GROND 2021-11-15T16:44:55
0104.A-9033(A) FLAT Standard calibs GROND 2021-11-15T16:44:55
0104.A-9033(A) FLAT Standard calibs GROND 2021-11-15T16:44:55
0104.A-9033(A) FLAT Standard calibs GROND 2021-11-15T16:44:55
0104.A-9033(A) FLAT Standard calibs GROND 2021-11-15T16:44:55
0104.A-9033(A) FLAT Standard calibs GROND 2021-11-15T16:44:55
0104.A-9033(A) BIAS Standard calibs GROND 2021-11-15T16:44:55
0104.A-9033(A) BIAS Standard calibs GROND 2021-11-15T16:44:55
0104.A-9033(A) BIAS Standard calibs GROND 2021-11-15T16:44:55
0104.A-9033(A) BIAS Standard calibs GROND 2021-11-15T16:44:55
0104.A-9033(A) BIAS Standard calibs GROND 2021-11-15T16:44:55
0104.A-9033(A) BIAS Standard calibs GROND 2021-11-15T16:44:55
0104.A-9033(A) BIAS Standard calibs GROND 2021-11-15T16:44:55
0104.A-9033(A) BIAS Standard calibs GROND 2021-11-15T16:44:55
0104.A-9033(A) BIAS Standard calibs GROND 2021-11-15T16:44:55
0104.A-9033(A) BIAS Standard calibs GROND 2021-11-15T16:44:55
0104.A-9033(A) BIAS Standard calibs GROND 2021-11-15T16:44:55
0104.A-9033(A) BIAS Standard calibs GROND 2021-11-15T16:44:55
0104.A-9033(A) BIAS Standard calibs GROND 2021-11-15T16:44:55
0104.A-9033(A) BIAS Standard calibs GROND 2021-11-15T16:44:55
0104.A-9033(A) BIAS Standard calibs GROND 2021-11-15T16:44:55
0104.A-9033(A) BIAS Standard calibs GROND 2021-11-16T08:27:10
0104.A-9033(A) BIAS Standard calibs GROND 2021-11-16T08:27:10
0104.A-9033(A) BIAS Standard calibs GROND 2021-11-16T08:27:10
0104.A-9033(A) BIAS Standard calibs GROND 2021-11-16T08:27:10
0104.A-9033(A) BIAS Standard calibs GROND 2021-11-16T08:27:10
0104.A-9033(A) BIAS Standard calibs GROND 2021-11-16T08:27:10
0104.A-9033(A) BIAS Standard calibs GROND 2021-11-16T08:27:10
0104.A-9033(A) BIAS Standard calibs GROND 2021-11-16T08:27:10
0104.A-9033(A) BIAS Standard calibs GROND 2021-11-16T08:27:10
0104.A-9033(A) BIAS Standard calibs GROND 2021-11-16T08:27:10
0104.A-9033(A) BIAS Standard calibs GROND 2021-11-16T08:27:10
0104.A-9033(A) BIAS Standard calibs GROND 2021-11-16T08:27:10
0104.A-9033(A) BIAS Standard calibs GROND 2021-11-16T08:27:10
0104.A-9033(A) BIAS Standard calibs GROND 2021-11-16T08:27:10
0104.A-9033(A) BIAS Standard calibs GROND 2021-11-16T08:27:10
0104.A-9033(A) BIAS Standard calibs GROND 2021-11-16T08:27:10
0104.A-9033(A) DARK Standard calibs GROND 2021-11-16T08:27:10
0104.A-9033(A) DARK Standard calibs GROND 2021-11-16T08:27:10
0104.A-9033(A) DARK Standard calibs GROND 2021-11-16T08:27:10
0104.A-9033(A) DARK Standard calibs GROND 2021-11-16T08:27:10
0104.A-9033(A) DARK Standard calibs GROND 2021-11-16T08:27:10
0104.A-9033(A) DARK Standard calibs GROND 2021-11-16T08:27:10
0104.A-9033(A) DARK Standard calibs GROND 2021-11-16T08:27:10
0104.A-9033(A) DARK Standard calibs GROND 2021-11-16T08:27:10
0104.A-9033(A) DARK Standard calibs GROND 2021-11-16T08:27:10
0104.A-9033(A) DARK Standard calibs GROND 2021-11-16T08:27:10
0104.A-9033(A) DARK Standard calibs GROND 2021-11-16T08:27:10
0104.A-9033(A) DARK Standard calibs GROND 2021-11-16T08:27:10
0104.A-9033(A) DARK Standard calibs GROND 2021-11-16T08:27:10
0104.A-9033(A) DARK Standard calibs GROND 2021-11-16T08:27:10
0104.A-9033(A) DARK Standard calibs GROND 2021-11-16T08:27:10
0104.A-9033(A) DARK Standard calibs GROND 2021-11-16T08:27:10
0104.A-9033(A) DARK Standard calibs GROND 2021-11-16T08:27:10
0104.A-9033(A) DARK Standard calibs GROND 2021-11-16T08:27:10
0104.A-9033(A) DARK Standard calibs GROND 2021-11-16T08:27:10
0104.A-9033(A) DARK Standard calibs GROND 2021-11-16T08:27:10
0104.A-9033(A) DARK Standard calibs GROND 2021-11-16T08:27:10
0104.A-9033(A) DARK Standard calibs GROND 2021-11-16T08:27:10
0104.A-9033(A) DARK Standard calibs GROND 2021-11-16T08:27:10
0104.A-9033(A) DARK Standard calibs GROND 2021-11-16T08:27:10
0104.A-9033(A) DARK Standard calibs GROND 2021-11-16T08:27:10
0104.A-9033(A) DARK Standard calibs GROND 2021-11-16T08:27:10
0104.A-9033(A) DARK Standard calibs GROND 2021-11-16T08:27:10
0104.A-9033(A) DARK Standard calibs GROND 2021-11-16T08:27:10
0104.A-9033(A) DARK Standard calibs GROND 2021-11-16T08:27:10
0104.A-9033(A) DARK Standard calibs GROND 2021-11-16T08:27:10
0104.A-9033(A) DARK Standard calibs GROND 2021-11-16T08:27:10
0104.A-9033(A) DARK Standard calibs GROND 2021-11-16T08:27:10
0104.A-9033(A) DARK Standard calibs GROND 2021-11-16T08:27:10
0104.A-9033(A) DARK Standard calibs GROND 2021-11-16T08:27:10
0104.A-9033(A) DARK Standard calibs GROND 2021-11-16T08:27:10
0104.A-9033(A) DARK Standard calibs GROND 2021-11-16T08:27:10
0104.A-9033(A) DARK Standard calibs GROND 2021-11-16T08:27:10
0104.A-9033(A) DARK Standard calibs GROND 2021-11-16T08:27:10
0104.A-9033(A) DARK Standard calibs GROND 2021-11-16T08:27:10
0104.A-9033(A) DARK Standard calibs GROND 2021-11-16T08:27:10
0104.A-9033(A) DARK Standard calibs GROND 2021-11-16T08:27:10
0104.A-9033(A) DARK Standard calibs GROND 2021-11-16T08:27:10
0104.A-9033(A) DARK Standard calibs GROND 2021-11-16T08:27:10
0104.A-9033(A) DARK Standard calibs GROND 2021-11-16T08:27:10
0104.A-9033(A) DARK Standard calibs GROND 2021-11-16T08:27:10
0104.A-9033(A) DARK Standard calibs GROND 2021-11-16T08:27:10
0104.A-9033(A) DARK Standard calibs GROND 2021-11-16T08:27:10
0104.A-9033(A) DARK Standard calibs GROND 2021-11-16T08:27:10
0104.A-9033(A) DARK Standard calibs GROND 2021-11-16T08:27:10
0104.A-9033(A) DARK Standard calibs GROND 2021-11-16T08:27:10
0104.A-9033(A) DARK Standard calibs GROND 2021-11-16T08:27:10
0104.A-9033(A) DARK Standard calibs GROND 2021-11-16T08:27:10
0104.A-9033(A) DARK Standard calibs GROND 2021-11-16T08:27:10
0104.A-9033(A) DARK Standard calibs GROND 2021-11-16T08:27:10
0104.A-9033(A) DARK Standard calibs GROND 2021-11-16T08:27:10
0104.A-9033(A) DARK Standard calibs GROND 2021-11-16T08:27:10
0104.A-9033(A) DARK Standard calibs GROND 2021-11-16T08:27:10
0104.A-9033(A) DARK Standard calibs GROND 2021-11-16T08:27:10
0104.A-9033(A) DARK Standard calibs GROND 2021-11-16T08:27:10
0104.A-9033(A) DARK Standard calibs GROND 2021-11-16T08:27:10
0104.A-9033(A) DARK Standard calibs GROND 2021-11-16T08:27:10
0104.A-9033(A) DARK Standard calibs GROND 2021-11-16T08:27:10
0104.A-9033(A) DARK Standard calibs GROND 2021-11-16T08:27:10
0104.A-9033(A) DARK Standard calibs GROND 2021-11-16T08:27:10
0104.A-9033(A) DARK Standard calibs GROND 2021-11-16T08:27:10
0104.A-9033(A) DARK Standard calibs GROND 2021-11-16T08:27:10
0104.A-9033(A) DARK Standard calibs GROND 2021-11-16T08:27:10
0104.A-9033(A) DARK Standard calibs GROND 2021-11-16T08:27:10
0104.A-9033(A) DARK Standard calibs GROND 2021-11-16T08:27:10
0104.A-9033(A) DARK Standard calibs GROND 2021-11-16T08:27:10
0104.A-9033(A) DARK Standard calibs GROND 2021-11-16T08:27:10
0104.A-9033(A) DARK Standard calibs GROND 2021-11-16T08:27:10
0104.A-9033(A) DARK Standard calibs GROND 2021-11-16T08:27:10
0104.A-9033(A) DARK Standard calibs GROND 2021-11-16T08:27:10
0104.A-9033(A) DARK Standard calibs GROND 2021-11-16T08:27:10
0104.A-9033(A) DARK Standard calibs GROND 2021-11-16T08:27:10
0104.A-9033(A) DARK Standard calibs GROND 2021-11-16T08:27:10
0104.A-9033(A) DARK Standard calibs GROND 2021-11-16T08:27:10
0104.A-9033(A) DARK Standard calibs GROND 2021-11-16T08:27:10
0104.A-9033(A) DARK Standard calibs GROND 2021-11-16T08:27:10
0104.A-9033(A) DARK Standard calibs GROND 2021-11-16T08:27:10
0104.A-9033(A) DARK Standard calibs GROND 2021-11-16T08:27:10
0104.A-9033(A) DARK Standard calibs GROND 2021-11-16T08:27:10
0104.A-9033(A) DARK Standard calibs GROND 2021-11-16T08:27:10
0104.A-9033(A) DARK Standard calibs GROND 2021-11-16T08:27:10
0104.A-9033(A) DARK Standard calibs GROND 2021-11-16T08:27:10
0104.A-9033(A) DARK Standard calibs GROND 2021-11-16T08:27:10
0104.A-9033(A) DARK Standard calibs GROND 2021-11-16T08:27:10
0104.A-9033(A) DARK Standard calibs GROND 2021-11-16T08:27:10
0104.A-9033(A) DARK Standard calibs GROND 2021-11-16T08:27:10
0104.A-9033(A) DARK Standard calibs GROND 2021-11-16T08:27:10
0104.A-9033(A) DARK Standard calibs GROND 2021-11-16T08:27:10
0104.A-9033(A) DARK Standard calibs GROND 2021-11-16T08:27:10
0104.A-9033(A) DARK Standard calibs GROND 2021-11-16T08:27:10
0104.A-9033(A) DARK Standard calibs GROND 2021-11-16T08:27:10
0104.A-9033(A) DARK Standard calibs GROND 2021-11-16T08:27:10
0104.A-9033(A) DARK Standard calibs GROND 2021-11-16T08:27:10
0104.A-9033(A) DARK Standard calibs GROND 2021-11-16T08:27:10
0104.A-9033(A) DARK Standard calibs GROND 2021-11-16T08:27:10
0104.A-9033(A) DARK Standard calibs GROND 2021-11-16T08:27:10
0104.A-9033(A) DARK Standard calibs GROND 2021-11-16T08:27:10
0104.A-9033(A) DARK Standard calibs GROND 2021-11-16T08:27:10
0104.A-9033(A) DARK Standard calibs GROND 2021-11-16T08:27:10
0104.A-9033(A) DARK Standard calibs GROND 2021-11-16T08:27:10
0104.A-9033(A) DARK Standard calibs GROND 2021-11-16T08:27:10
0104.A-9033(A) DARK Standard calibs GROND 2021-11-16T08:27:10
0104.A-9033(A) DARK Standard calibs GROND 2021-11-16T08:27:10
0104.A-9033(A) DARK Standard calibs GROND 2021-11-16T08:27:10
0104.A-9033(A) DARK Standard calibs GROND 2021-11-16T08:27:10
0104.A-9033(A) DARK Standard calibs GROND 2021-11-16T08:27:10
0104.A-9033(A) DARK Standard calibs GROND 2021-11-16T08:27:10
0104.A-9033(A) DARK Standard calibs GROND 2021-11-16T08:27:10
0104.A-9033(A) DARK Standard calibs GROND 2021-11-16T08:27:10
0104.A-9033(A) DARK Standard calibs GROND 2021-11-16T08:27:10
0104.A-9033(A) DARK Standard calibs GROND 2021-11-16T08:27:10
0104.A-9033(A) DARK Standard calibs GROND 2021-11-16T08:27:10
0104.A-9033(A) DARK Standard calibs GROND 2021-11-16T08:27:10
0104.A-9033(A) DARK Standard calibs GROND 2021-11-16T08:27:10
0104.A-9033(A) DARK Standard calibs GROND 2021-11-16T08:27:10
0104.A-9033(A) DARK Standard calibs GROND 2021-11-16T08:27:10
0104.A-9033(A) DARK Standard calibs GROND 2021-11-16T08:27:10
0104.A-9033(A) DARK Standard calibs GROND 2021-11-16T08:27:10
0104.A-9033(A) DARK Standard calibs GROND 2021-11-16T08:27:10
0104.A-9033(A) DARK Standard calibs GROND 2021-11-16T08:27:10
0104.A-9033(A) DARK Standard calibs GROND 2021-11-16T08:27:10
0104.A-9033(A) DARK Standard calibs GROND 2021-11-16T08:27:10
0104.A-9033(A) DARK Standard calibs GROND 2021-11-16T08:27:10
0104.A-9033(A) DARK Standard calibs GROND 2021-11-16T08:27:10
0104.A-9033(A) DARK Standard calibs GROND 2021-11-16T08:27:10
0104.A-9033(A) DARK Standard calibs GROND 2021-11-16T08:27:10
0104.A-9033(A) DARK Standard calibs GROND 2021-11-16T08:27:10
0104.A-9033(A) DARK Standard calibs GROND 2021-11-16T08:27:10
0104.A-9033(A) DARK Standard calibs GROND 2021-11-16T08:27:10
0104.A-9033(A) DARK Standard calibs GROND 2021-11-16T08:27:10
0104.A-9033(A) DARK Standard calibs GROND 2021-11-16T08:27:10
0104.A-9033(A) DARK Standard calibs GROND 2021-11-16T08:27:10
0104.A-9033(A) DARK Standard calibs GROND 2021-11-16T08:27:10
0104.A-9033(A) DARK Standard calibs GROND 2021-11-16T08:27:10
0104.A-9033(A) DARK Standard calibs GROND 2021-11-16T08:27:10
0104.A-9033(A) DARK Standard calibs GROND 2021-11-16T08:27:10
0104.A-9033(A) DARK Standard calibs GROND 2021-11-16T08:27:10
0104.A-9033(A) DARK Standard calibs GROND 2021-11-16T08:27:10
0104.A-9033(A) DARK Standard calibs GROND 2021-11-16T08:27:10
0104.A-9033(A) DARK Standard calibs GROND 2021-11-16T08:27:10
0104.A-9033(A) DARK Standard calibs GROND 2021-11-16T08:27:10
0104.A-9033(A) DARK Standard calibs GROND 2021-11-16T08:27:10
0104.A-9033(A) DARK Standard calibs GROND 2021-11-16T08:27:10
0104.A-9033(A) DARK Standard calibs GROND 2021-11-16T08:27:10
0104.A-9033(A) DARK Standard calibs GROND 2021-11-16T08:27:10
0104.A-9033(A) DARK Standard calibs GROND 2021-11-16T08:27:10
0104.A-9033(A) DARK Standard calibs GROND 2021-11-16T08:27:10
0104.A-9033(A) DARK Standard calibs GROND 2021-11-16T08:27:10
0104.A-9033(A) DARK Standard calibs GROND 2021-11-16T08:27:10
0104.A-9033(A) DARK Standard calibs GROND 2021-11-16T08:27:10
0104.A-9033(A) DARK Standard calibs GROND 2021-11-16T08:27:10
0104.A-9033(A) DARK Standard calibs GROND 2021-11-16T08:27:10
0104.A-9033(A) DARK Standard calibs GROND 2021-11-16T08:27:10
0104.A-9033(A) DARK Standard calibs GROND 2021-11-16T08:27:10
0104.A-9033(A) DARK Standard calibs GROND 2021-11-16T08:27:10
0104.A-9033(A) DARK Standard calibs GROND 2021-11-16T08:27:10
0104.A-9033(A) DARK Standard calibs GROND 2021-11-16T08:27:10
0104.A-9033(A) DARK Standard calibs GROND 2021-11-16T08:27:10
0104.A-9033(A) DARK Standard calibs GROND 2021-11-16T08:27:10
0104.A-9033(A) DARK Standard calibs GROND 2021-11-16T08:27:10
0104.A-9033(A) DARK Standard calibs GROND 2021-11-16T08:27:10
0104.A-9033(A) DARK Standard calibs GROND 2021-11-16T08:27:10
0104.A-9033(A) DARK Standard calibs GROND 2021-11-16T08:27:10
0104.A-9033(A) DARK Standard calibs GROND 2021-11-16T08:27:10
0104.A-9033(A) DARK Standard calibs GROND 2021-11-16T08:27:10
0104.A-9033(A) DARK Standard calibs GROND 2021-11-16T08:27:10
0104.A-9033(A) DARK Standard calibs GROND 2021-11-16T08:27:10
0104.A-9033(A) DARK Standard calibs GROND 2021-11-16T08:27:10
0104.A-9033(A) DARK Standard calibs GROND 2021-11-16T08:27:10
0104.A-9033(A) DARK Standard calibs GROND 2021-11-16T08:27:10
0104.A-9033(A) DARK Standard calibs GROND 2021-11-16T08:27:10
0104.A-9033(A) DARK Standard calibs GROND 2021-11-16T08:27:10
0104.A-9033(A) DARK Standard calibs GROND 2021-11-16T08:27:10
0104.A-9033(A) DARK Standard calibs GROND 2021-11-16T08:27:10
0104.A-9033(A) DARK Standard calibs GROND 2021-11-16T08:27:10
0104.A-9033(A) DARK Standard calibs GROND 2021-11-16T08:27:10
0104.A-9033(A) DARK Standard calibs GROND 2021-11-16T08:27:10
0104.A-9033(A) DARK Standard calibs GROND 2021-11-16T08:27:10
0104.A-9033(A) DARK Standard calibs GROND 2021-11-16T08:27:10
0104.A-9033(A) DARK Standard calibs GROND 2021-11-16T08:27:10
0104.A-9033(A) DARK Standard calibs GROND 2021-11-16T08:27:10
0104.A-9033(A) DARK Standard calibs GROND 2021-11-16T08:27:10
0104.A-9033(A) DARK Standard calibs GROND 2021-11-16T08:27:10
0104.A-9033(A) DARK Standard calibs GROND 2021-11-16T08:27:10
0104.A-9033(A) DARK Standard calibs GROND 2021-11-16T08:27:10
0104.A-9033(A) DARK Standard calibs GROND 2021-11-16T08:27:10
0104.A-9033(A) DARK Standard calibs GROND 2021-11-16T08:27:10
0104.A-9033(A) DARK Standard calibs GROND 2021-11-16T08:27:10
0104.A-9033(A) DARK Standard calibs GROND 2021-11-16T08:27:10
0104.A-9033(A) DARK Standard calibs GROND 2021-11-16T08:27:10
0104.A-9033(A) DARK Standard calibs GROND 2021-11-16T08:27:10
0104.A-9033(A)  TOI-447 GROND 2021-11-17T00:56:26
0104.A-9033(A)  TOI-447 GROND 2021-11-17T00:56:26
0104.A-9033(A)  TOI-447 GROND 2021-11-17T00:56:26
0104.A-9033(A)  TOI-447 GROND 2021-11-17T00:56:26
0104.A-9033(A)  TOI-447 GROND 2021-11-17T00:56:26
0104.A-9033(A)  TOI-447 GROND 2021-11-17T00:56:26
0104.A-9033(A)  TOI-447 GROND 2021-11-17T00:56:26
0104.A-9033(A)  TOI-447 GROND 2021-11-17T00:56:26
0104.A-9033(A)  TOI-447 GROND 2021-11-17T00:56:26
0104.A-9033(A)  TOI-447 GROND 2021-11-17T00:56:26
0104.A-9033(A)  TOI-447 GROND 2021-11-17T00:56:26
0104.A-9033(A)  TOI-447 GROND 2021-11-17T00:56:26
0104.A-9033(A)  TOI-447 GROND 2021-11-17T00:56:26
0104.A-9033(A)  TOI-447 GROND 2021-11-17T00:56:26
0104.A-9033(A)  TOI-447 GROND 2021-11-17T00:56:26
0104.A-9033(A)  TOI-447 GROND 2021-11-17T00:56:26
0104.A-9033(A)  TOI-447 GROND 2021-11-17T00:56:26
0104.A-9033(A)  TOI-447 GROND 2021-11-17T00:56:26
0104.A-9033(A)  TOI-447 GROND 2021-11-17T00:56:26
0104.A-9033(A)  TOI-447 GROND 2021-11-17T00:56:26
0104.A-9033(A)  TOI-447 GROND 2021-11-17T00:56:26
0104.A-9033(A)  TOI-447 GROND 2021-11-17T00:56:26
0104.A-9033(A)  TOI-447 GROND 2021-11-17T00:56:26
0104.A-9033(A)  TOI-447 GROND 2021-11-17T00:56:26
0104.A-9033(A)  TOI-447 GROND 2021-11-17T00:56:26
0104.A-9033(A)  TOI-447 GROND 2021-11-17T00:56:26
0104.A-9033(A)  TOI-447 GROND 2021-11-17T00:56:26
0104.A-9033(A)  TOI-447 GROND 2021-11-17T00:56:26
0104.A-9033(A)  TOI-447 GROND 2021-11-17T00:56:26
0104.A-9033(A)  TOI-447 GROND 2021-11-17T00:56:26
0104.A-9033(A)  TOI-447 GROND 2021-11-17T00:56:26
0104.A-9033(A)  TOI-447 GROND 2021-11-17T00:56:26
0104.A-9033(A)  TOI-447 GROND 2021-11-17T00:56:26
0104.A-9033(A)  TOI-447 GROND 2021-11-17T00:56:26
0104.A-9033(A)  TOI-447 GROND 2021-11-17T00:56:26
0104.A-9033(A)  TOI-447 GROND 2021-11-17T00:56:26
0104.A-9033(A)  TOI-447 GROND 2021-11-17T00:56:26
0104.A-9033(A)  TOI-447 GROND 2021-11-17T00:56:26
0104.A-9033(A)  TOI-447 GROND 2021-11-17T00:56:26
0104.A-9033(A)  TOI-447 GROND 2021-11-17T00:56:26
0104.A-9033(A)  TOI-447 GROND 2021-11-17T00:56:26
0104.A-9033(A)  TOI-447 GROND 2021-11-17T00:56:26
0104.A-9033(A)  TOI-447 GROND 2021-11-17T00:56:26
0104.A-9033(A)  TOI-447 GROND 2021-11-17T00:56:26
0104.A-9033(A)  TOI-447 GROND 2021-11-17T00:56:26
0104.A-9033(A)  TOI-447 GROND 2021-11-17T00:56:26
0104.A-9033(A)  TOI-447 GROND 2021-11-17T00:56:26
0104.A-9033(A)  TOI-447 GROND 2021-11-17T00:56:26
0104.A-9033(A)  TOI-447 GROND 2021-11-17T00:56:26
0104.A-9033(A)  TOI-447 GROND 2021-11-17T00:56:26
0104.A-9033(A)  TOI-447 GROND 2021-11-17T00:56:26
0104.A-9033(A)  TOI-447 GROND 2021-11-17T00:56:26
0104.A-9033(A)  TOI-447 GROND 2021-11-17T00:56:26
0104.A-9033(A)  TOI-447 GROND 2021-11-17T00:56:26
0104.A-9033(A)  TOI-447 GROND 2021-11-17T00:56:26
0104.A-9033(A)  TOI-447 GROND 2021-11-17T00:56:26
0104.A-9033(A)  TOI-447 GROND 2021-11-17T00:56:26
0104.A-9033(A)  TOI-447 GROND 2021-11-17T00:56:26
0104.A-9033(A)  TOI-447 GROND 2021-11-17T00:56:26
0104.A-9033(A)  TOI-447 GROND 2021-11-17T00:56:26
0104.A-9033(A)  TOI-447 GROND 2021-11-17T00:56:26
0104.A-9033(A)  TOI-447 GROND 2021-11-17T00:56:26
0104.A-9033(A)  TOI-447 GROND 2021-11-17T00:56:26
0104.A-9033(A)  TOI-447 GROND 2021-11-17T00:56:26
0104.A-9033(A)  TOI-447 GROND 2021-11-17T00:56:26
0104.A-9033(A)  TOI-447 GROND 2021-11-17T00:56:26
0104.A-9033(A)  TOI-447 GROND 2021-11-17T00:56:26
0104.A-9033(A)  TOI-447 GROND 2021-11-17T00:56:26
0104.A-9033(A)  TOI-447 GROND 2021-11-17T00:56:26
0104.A-9033(A)  TOI-447 GROND 2021-11-17T00:56:26
0104.A-9033(A)  TOI-447 GROND 2021-11-17T00:56:26
0104.A-9033(A)  TOI-447 GROND 2021-11-17T00:56:26
0104.A-9033(A)  TOI-447 GROND 2021-11-17T00:56:26
0104.A-9033(A)  TOI-447 GROND 2021-11-17T00:56:26
0104.A-9033(A)  TOI-447 GROND 2021-11-17T00:56:26
0104.A-9033(A)  TOI-447 GROND 2021-11-17T00:56:26
0104.A-9033(A)  TOI-447 GROND 2021-11-17T00:56:26
0104.A-9033(A)  TOI-447 GROND 2021-11-17T00:56:26
0104.A-9033(A)  TOI-447 GROND 2021-11-17T00:56:26
0104.A-9033(A)  TOI-447 GROND 2021-11-17T00:56:26
0104.A-9033(A)  TOI-447 GROND 2021-11-17T00:56:26
0104.A-9033(A)  TOI-447 GROND 2021-11-17T00:56:26
0104.A-9033(A)  TOI-447 GROND 2021-11-17T00:56:26
0104.A-9033(A)  TOI-447 GROND 2021-11-17T00:56:26
0104.A-9033(A)  TOI-447 GROND 2021-11-17T00:56:26
0104.A-9033(A)  TOI-447 GROND 2021-11-17T00:56:26
0104.A-9033(A)  TOI-447 GROND 2021-11-17T00:56:26
0104.A-9033(A)  TOI-447 GROND 2021-11-17T00:56:26
0104.A-9033(A)  TOI-447 GROND 2021-11-17T00:56:26
0104.A-9033(A)  TOI-447 GROND 2021-11-17T00:56:26
0104.A-9033(A)  TOI-447 GROND 2021-11-17T00:56:26
0104.A-9033(A)  TOI-447 GROND 2021-11-17T00:56:26
0104.A-9033(A)  TOI-447 GROND 2021-11-17T00:56:26
0104.A-9033(A)  TOI-447 GROND 2021-11-17T00:56:26
0104.A-9033(A)  TOI-447 GROND 2021-11-17T00:56:26
0104.A-9033(A)  TOI-447 GROND 2021-11-17T00:56:26
0104.A-9033(A)  TOI-447 GROND 2021-11-17T00:56:26
0104.A-9033(A)  TOI-447 GROND 2021-11-17T00:56:26
0104.A-9033(A)  TOI-447 GROND 2021-11-17T00:56:26
0104.A-9033(A)  TOI-447 GROND 2021-11-17T00:56:26
0104.A-9033(A)  TOI-447 GROND 2021-11-17T00:56:26
0104.A-9033(A)  TOI-447 GROND 2021-11-17T00:56:26
0104.A-9033(A)  TOI-447 GROND 2021-11-17T00:56:26
0104.A-9033(A)  TOI-447 GROND 2021-11-17T00:56:26
0104.A-9033(A)  TOI-447 GROND 2021-11-17T00:56:26
0104.A-9033(A)  TOI-447 GROND 2021-11-17T00:56:26
0104.A-9033(A)  TOI-447 GROND 2021-11-17T00:56:26
0104.A-9033(A)  TOI-447 GROND 2021-11-17T00:56:26
0104.A-9033(A)  TOI-447 GROND 2021-11-17T00:56:26
0104.A-9033(A)  TOI-447 GROND 2021-11-17T00:56:26
0104.A-9033(A)  TOI-447 GROND 2021-11-17T00:56:26
0104.A-9033(A)  TOI-447 GROND 2021-11-17T00:56:26
0104.A-9033(A)  TOI-447 GROND 2021-11-17T00:56:26
0104.A-9033(A)  TOI-447 GROND 2021-11-17T00:56:26
0104.A-9033(A)  TOI-447 GROND 2021-11-17T00:56:26
0104.A-9033(A)  TOI-447 GROND 2021-11-17T00:56:26
0104.A-9033(A)  TOI-447 GROND 2021-11-17T00:56:26
0104.A-9033(A)  TOI-447 GROND 2021-11-17T00:56:26
0104.A-9033(A)  TOI-447 GROND 2021-11-17T00:56:26
0104.A-9033(A)  TOI-447 GROND 2021-11-17T00:56:26
0104.A-9033(A)  TOI-447 GROND 2021-11-17T00:56:26
0104.A-9033(A)  TOI-447 GROND 2021-11-17T00:56:26
0104.A-9033(A)  TOI-447 GROND 2021-11-17T00:56:26
0104.A-9033(A)  TOI-447 GROND 2021-11-17T00:56:26
0104.A-9033(A)  TOI-447 GROND 2021-11-17T00:56:26
0104.A-9033(A)  TOI-447 GROND 2021-11-17T00:56:26
0104.A-9033(A)  TOI-447 GROND 2021-11-17T00:56:26
0104.A-9033(A)  TOI-447 GROND 2021-11-17T00:56:26
0104.A-9033(A)  TOI-447 GROND 2021-11-17T00:56:26
0104.A-9033(A)  TOI-447 GROND 2021-11-17T00:56:26
0104.A-9033(A)  TOI-447 GROND 2021-11-17T00:56:26
0104.A-9033(A)  TOI-447 GROND 2021-11-17T00:56:26
0104.A-9033(A)  TOI-447 GROND 2021-11-17T00:56:26
0104.A-9033(A)  TOI-447 GROND 2021-11-17T00:56:26
0104.A-9033(A)  TOI-447 GROND 2021-11-17T00:56:26
0104.A-9033(A)  TOI-447 GROND 2021-11-17T00:56:26
0104.A-9033(A)  TOI-447 GROND 2021-11-17T00:56:26
0104.A-9033(A)  TOI-447 GROND 2021-11-17T00:56:26
0104.A-9033(A)  TOI-447 GROND 2021-11-17T00:56:26
0104.A-9033(A)  TOI-447 GROND 2021-11-17T00:56:26
0104.A-9033(A)  TOI-447 GROND 2021-11-17T00:56:26
0104.A-9033(A)  TOI-447 GROND 2021-11-17T00:56:26
0104.A-9033(A)  TOI-447 GROND 2021-11-17T00:56:26
0104.A-9033(A)  TOI-447 GROND 2021-11-17T00:56:26
0104.A-9033(A)  TOI-447 GROND 2021-11-17T00:56:26
0104.A-9033(A)  TOI-447 GROND 2021-11-17T00:56:26
0104.A-9033(A)  TOI-447 GROND 2021-11-17T00:56:26
0104.A-9033(A)  TOI-447 GROND 2021-11-17T00:56:26
0104.A-9033(A)  TOI-447 GROND 2021-11-17T00:56:26
0104.A-9033(A)  TOI-447 GROND 2021-11-17T00:56:26
0104.A-9033(A)  TOI-447 GROND 2021-11-17T00:56:26
0104.A-9033(A)  TOI-447 GROND 2021-11-17T00:56:26
0104.A-9033(A)  TOI-447 GROND 2021-11-17T00:56:26
0104.A-9033(A)  TOI-447 GROND 2021-11-17T00:56:26
0104.A-9033(A)  TOI-447 GROND 2021-11-17T00:56:26
0104.A-9033(A)  TOI-447 GROND 2021-11-17T00:56:26
0104.A-9033(A)  TOI-447 GROND 2021-11-17T00:56:26
0104.A-9033(A)  TOI-447 GROND 2021-11-17T00:56:26
0104.A-9033(A)  TOI-447 GROND 2021-11-17T00:56:26
0104.A-9033(A)  TOI-447 GROND 2021-11-17T00:56:26
0104.A-9033(A)  TOI-447 GROND 2021-11-17T00:56:26
0104.A-9033(A)  TOI-447 GROND 2021-11-17T00:56:26
0104.A-9033(A)  TOI-447 GROND 2021-11-17T00:56:26
0104.A-9033(A)  TOI-447 GROND 2021-11-17T00:56:26
0104.A-9033(A)  TOI-447 GROND 2021-11-17T00:56:26
0104.A-9033(A)  TOI-447 GROND 2021-11-17T00:56:26
0104.A-9033(A)  TOI-447 GROND 2021-11-17T00:56:26
0104.A-9033(A)  TOI-447 GROND 2021-11-17T00:56:26
0104.A-9033(A)  TOI-447 GROND 2021-11-17T00:56:26
0104.A-9033(A)  TOI-447 GROND 2021-11-17T00:56:26
0104.A-9033(A)  TOI-447 GROND 2021-11-17T00:56:26
0104.A-9033(A)  TOI-447 GROND 2021-11-17T00:56:26
0104.A-9033(A)  TOI-447 GROND 2021-11-17T00:56:26
0104.A-9033(A)  TOI-447 GROND 2021-11-17T00:56:26
0104.A-9033(A)  TOI-447 GROND 2021-11-17T00:56:26
0104.A-9033(A)  TOI-447 GROND 2021-11-17T00:56:26
0104.A-9033(A)  TOI-447 GROND 2021-11-17T00:56:26
0104.A-9033(A)  TOI-447 GROND 2021-11-17T00:56:26
0104.A-9033(A)  TOI-447 GROND 2021-11-17T00:56:26
0104.A-9033(A)  TOI-447 GROND 2021-11-17T00:56:26
0104.A-9033(A)  TOI-447 GROND 2021-11-17T00:56:26
0104.A-9033(A)  TOI-447 GROND 2021-11-17T00:56:26
0104.A-9033(A)  TOI-447 GROND 2021-11-17T00:56:26
0104.A-9033(A)  TOI-447 GROND 2021-11-17T00:56:26
0104.A-9033(A)  TOI-447 GROND 2021-11-17T00:56:26
0104.A-9033(A)  TOI-447 GROND 2021-11-17T00:56:26
0104.A-9033(A)  TOI-447 GROND 2021-11-17T00:56:26
0104.A-9033(A)  TOI-447 GROND 2021-11-17T00:56:26
0104.A-9033(A)  TOI-447 GROND 2021-11-17T00:56:26
0104.A-9033(A)  TOI-447 GROND 2021-11-17T00:56:26
0104.A-9033(A)  TOI-447 GROND 2021-11-17T00:56:26
0104.A-9033(A)  TOI-447 GROND 2021-11-17T00:56:26
0104.A-9033(A)  TOI-447 GROND 2021-11-17T00:56:26
0104.A-9033(A)  TOI-447 GROND 2021-11-17T00:56:26
0104.A-9033(A)  TOI-447 GROND 2021-11-17T00:56:26
0104.A-9033(A)  TOI-447 GROND 2021-11-17T00:56:26
0104.A-9033(A)  TOI-447 GROND 2021-11-17T00:56:26
0104.A-9033(A)  TOI-447 GROND 2021-11-17T00:56:26
0104.A-9033(A)  TOI-447 GROND 2021-11-17T00:56:26
0104.A-9033(A)  TOI-447 GROND 2021-11-17T00:56:26
0104.A-9033(A)  TOI-447 GROND 2021-11-17T00:56:26
0104.A-9033(A)  TOI-447 GROND 2021-11-17T00:56:26
0104.A-9033(A)  TOI-447 GROND 2021-11-17T00:56:26
0104.A-9033(A)  TOI-447 GROND 2021-11-17T00:56:26
0104.A-9033(A)  TOI-447 GROND 2021-11-17T00:56:26
0104.A-9033(A)  TOI-447 GROND 2021-11-17T00:56:26
0104.A-9033(A)  TOI-447 GROND 2021-11-17T00:56:26
0104.A-9033(A)  TOI-447 GROND 2021-11-17T00:56:26
0104.A-9033(A)  TOI-447 GROND 2021-11-17T00:56:26
0104.A-9033(A)  TOI-447 GROND 2021-11-17T00:56:26
0104.A-9033(A)  TOI-447 GROND 2021-11-17T00:56:26
0104.A-9033(A)  TOI-447 GROND 2021-11-17T00:56:26
0104.A-9033(A)  TOI-447 GROND 2021-11-17T00:56:26
0104.A-9033(A)  TOI-447 GROND 2021-11-17T00:56:26
0104.A-9033(A)  TOI-447 GROND 2021-11-17T00:56:26
0104.A-9033(A)  TOI-447 GROND 2021-11-17T00:56:26
0104.A-9033(A)  TOI-447 GROND 2021-11-17T00:56:26
0104.A-9033(A)  TOI-447 GROND 2021-11-17T00:56:26
0104.A-9033(A)  TOI-447 GROND 2021-11-17T00:56:26
0104.A-9033(A)  TOI-447 GROND 2021-11-17T00:56:26
0104.A-9033(A)  TOI-447 GROND 2021-11-17T00:56:26
0104.A-9033(A)  TOI-447 GROND 2021-11-17T00:56:26
0104.A-9033(A)  TOI-447 GROND 2021-11-17T00:56:26
0104.A-9033(A)  TOI-447 GROND 2021-11-17T00:56:26
0104.A-9033(A)  TOI-447 GROND 2021-11-17T00:56:26
0104.A-9033(A)  TOI-447 GROND 2021-11-17T00:56:26
0104.A-9033(A)  TOI-447 GROND 2021-11-17T00:56:26
0104.A-9033(A)  TOI-447 GROND 2021-11-17T00:56:26
0104.A-9033(A)  TOI-447 GROND 2021-11-17T00:56:26
0104.A-9033(A)  TOI-447 GROND 2021-11-17T00:56:26
0104.A-9033(A)  TOI-447 GROND 2021-11-17T00:56:26
0104.A-9033(A)  TOI-447 GROND 2021-11-17T00:56:26
0104.A-9033(A)  TOI-447 GROND 2021-11-17T00:56:26
0104.A-9033(A)  TOI-447 GROND 2021-11-17T00:56:26
0104.A-9033(A)  TOI-447 GROND 2021-11-17T00:56:26
0104.A-9033(A)  TOI-447 GROND 2021-11-17T00:56:26
0104.A-9033(A)  TOI-447 GROND 2021-11-17T00:56:26
0104.A-9033(A)  TOI-447 GROND 2021-11-17T00:56:26
0104.A-9033(A)  TOI-447 GROND 2021-11-17T00:56:26
0104.A-9033(A)  TOI-447 GROND 2021-11-17T00:56:26
0104.A-9033(A)  TOI-447 GROND 2021-11-17T00:56:26
0104.A-9033(A)  TOI-447 GROND 2021-11-17T00:56:26
0104.A-9033(A)  TOI-447 GROND 2021-11-17T00:56:26
0104.A-9033(A)  TOI-447 GROND 2021-11-17T00:56:26
0104.A-9033(A)  TOI-447 GROND 2021-11-17T00:56:26
0104.A-9033(A)  TOI-447 GROND 2021-11-17T00:56:26
0104.A-9033(A)  TOI-447 GROND 2021-11-17T00:56:26
0104.A-9033(A)  TOI-447 GROND 2021-11-17T00:56:26
0104.A-9033(A)  TOI-447 GROND 2021-11-17T00:56:26
0104.A-9033(A)  TOI-447 GROND 2021-11-17T00:56:26
0104.A-9033(A)  TOI-447 GROND 2021-11-17T00:56:26
0104.A-9033(A)  TOI-447 GROND 2021-11-17T00:56:26
0104.A-9033(A)  TOI-447 GROND 2021-11-17T00:56:26
0104.A-9033(A)  TOI-447 GROND 2021-11-17T00:56:26
0104.A-9033(A)  TOI-447 GROND 2021-11-17T00:56:26
0104.A-9033(A)  TOI-447 GROND 2021-11-17T00:56:26
0104.A-9033(A)  TOI-447 GROND 2021-11-17T00:56:26
0104.A-9033(A)  TOI-447 GROND 2021-11-17T00:56:26
0104.A-9033(A)  TOI-447 GROND 2021-11-17T00:56:26
0104.A-9033(A)  TOI-447 GROND 2021-11-17T00:56:26
0104.A-9033(A)  TOI-447 GROND 2021-11-17T00:56:26
0104.A-9033(A)  TOI-447 GROND 2021-11-17T00:56:26
0104.A-9033(A)  TOI-447 GROND 2021-11-17T00:56:26
0104.A-9033(A)  TOI-447 GROND 2021-11-17T00:56:26
0104.A-9033(A)  TOI-447 GROND 2021-11-17T00:56:26
0104.A-9033(A)  TOI-447 GROND 2021-11-17T00:56:26
0104.A-9033(A)  TOI-447 GROND 2021-11-17T00:56:26
0104.A-9033(A)  TOI-447 GROND 2021-11-17T00:56:26
0104.A-9033(A)  TOI-447 GROND 2021-11-17T00:56:26
0104.A-9033(A)  TOI-447 GROND 2021-11-17T00:56:26
0104.A-9033(A)  TOI-447 GROND 2021-11-17T00:56:26
0104.A-9033(A)  TOI-447 GROND 2021-11-17T00:56:26
0104.A-9033(A)  TOI-447 GROND 2021-11-17T00:56:26
0104.A-9033(A)  TOI-447 GROND 2021-11-17T00:56:26
0104.A-9033(A)  TOI-447 GROND 2021-11-17T00:56:26
0104.A-9033(A)  TOI-447 GROND 2021-11-17T00:56:26
0104.A-9033(A)  TOI-447 GROND 2021-11-17T00:56:26
0104.A-9033(A)  TOI-447 GROND 2021-11-17T00:56:26
0104.A-9033(A)  TOI-447 GROND 2021-11-17T00:56:26
0104.A-9033(A)  TOI-447 GROND 2021-11-17T00:56:26
0104.A-9033(A)  TOI-447 GROND 2021-11-17T00:56:26
0104.A-9033(A)  TOI-447 GROND 2021-11-17T00:56:26
0104.A-9033(A)  TOI-447 GROND 2021-11-17T00:56:26
0104.A-9033(A)  TOI-447 GROND 2021-11-17T00:56:26
0104.A-9033(A)  TOI-447 GROND 2021-11-17T00:56:26
0104.A-9033(A)  TOI-447 GROND 2021-11-17T00:56:26
0104.A-9033(A)  TOI-447 GROND 2021-11-17T00:56:26
0104.A-9033(A)  TOI-447 GROND 2021-11-17T00:56:26
0104.A-9033(A)  TOI-447 GROND 2021-11-17T00:56:26
0104.A-9033(A)  TOI-447 GROND 2021-11-17T00:56:26
0104.A-9033(A)  TOI-447 GROND 2021-11-17T00:56:26
0104.A-9033(A)  TOI-447 GROND 2021-11-17T00:56:26
0104.A-9033(A)  TOI-447 GROND 2021-11-17T00:56:26
0104.A-9033(A)  TOI-447 GROND 2021-11-17T00:56:26
0104.A-9033(A)  TOI-447 GROND 2021-11-17T00:56:26
0104.A-9033(A)  TOI-447 GROND 2021-11-17T00:56:26
0104.A-9033(A)  TOI-447 GROND 2021-11-17T00:56:26
0104.A-9033(A)  TOI-447 GROND 2021-11-17T00:56:26
0104.A-9033(A)  TOI-447 GROND 2021-11-17T00:56:26
0104.A-9033(A)  TOI-447 GROND 2021-11-17T00:56:26
0104.A-9033(A)  TOI-447 GROND 2021-11-17T00:56:26
0104.A-9033(A)  TOI-447 GROND 2021-11-17T00:56:26
0104.A-9033(A)  TOI-447 GROND 2021-11-17T00:56:26
0104.A-9033(A)  TOI-447 GROND 2021-11-17T00:56:26
0104.A-9033(A)  TOI-447 GROND 2021-11-17T00:56:26
0104.A-9033(A)  TOI-447 GROND 2021-11-17T00:56:26
0104.A-9033(A)  TOI-447 GROND 2021-11-17T00:56:26
0104.A-9033(A)  TOI-447 GROND 2021-11-17T00:56:26
0104.A-9033(A)  TOI-447 GROND 2021-11-17T00:56:26
0104.A-9033(A)  TOI-447 GROND 2021-11-17T00:56:26
0104.A-9033(A)  TOI-447 GROND 2021-11-17T00:56:26
0104.A-9033(A)  TOI-447 GROND 2021-11-17T00:56:26
0104.A-9033(A)  TOI-447 GROND 2021-11-17T00:56:26
0104.A-9033(A)  TOI-447 GROND 2021-11-17T00:56:26
0104.A-9033(A)  TOI-447 GROND 2021-11-17T00:56:26
0104.A-9033(A)  TOI-447 GROND 2021-11-17T00:56:26
0104.A-9033(A)  TOI-447 GROND 2021-11-17T00:56:26
0104.A-9033(A)  TOI-447 GROND 2021-11-17T00:56:26
0104.A-9033(A)  TOI-447 GROND 2021-11-17T00:56:26
0104.A-9033(A)  TOI-447 GROND 2021-11-17T00:56:26
0104.A-9033(A)  TOI-447 GROND 2021-11-17T00:56:26
0104.A-9033(A)  TOI-447 GROND 2021-11-17T00:56:26
0104.A-9033(A)  TOI-447 GROND 2021-11-17T00:56:26
0104.A-9033(A)  TOI-447 GROND 2021-11-17T00:56:26
0104.A-9033(A)  TOI-447 GROND 2021-11-17T00:56:26
0104.A-9033(A)  TOI-447 GROND 2021-11-17T00:56:26
0104.A-9033(A)  TOI-447 GROND 2021-11-17T00:56:26
0104.A-9033(A)  TOI-447 GROND 2021-11-17T00:56:26
0104.A-9033(A)  TOI-447 GROND 2021-11-17T00:56:26
0104.A-9033(A)  TOI-447 GROND 2021-11-17T00:56:26
0104.A-9033(A)  TOI-447 GROND 2021-11-17T00:56:26
0104.A-9033(A)  TOI-447 GROND 2021-11-17T00:56:26
0104.A-9033(A)  TOI-447 GROND 2021-11-17T00:56:26
0104.A-9033(A)  TOI-447 GROND 2021-11-17T00:56:26
0104.A-9033(A)  TOI-447 GROND 2021-11-17T00:56:26
0104.A-9033(A)  TOI-447 GROND 2021-11-17T00:56:26
0104.A-9033(A)  TOI-447 GROND 2021-11-17T00:56:26
0104.A-9033(A)  TOI-447 GROND 2021-11-17T00:56:26
0104.A-9033(A)  TOI-447 GROND 2021-11-17T00:56:26
0104.A-9033(A)  TOI-447 GROND 2021-11-17T00:56:26
0104.A-9033(A)  TOI-447 GROND 2021-11-17T00:56:26
0104.A-9033(A)  TOI-447 GROND 2021-11-17T00:56:26
0104.A-9033(A)  TOI-447 GROND 2021-11-17T00:56:26
0104.A-9033(A)  TOI-447 GROND 2021-11-17T00:56:26
0104.A-9033(A)  TOI-447 GROND 2021-11-17T00:56:26
0104.A-9033(A)  TOI-447 GROND 2021-11-17T00:56:26
0104.A-9033(A)  TOI-447 GROND 2021-11-17T00:56:26
0104.A-9033(A)  TOI-447 GROND 2021-11-17T00:56:26
0104.A-9033(A)  TOI-447 GROND 2021-11-17T00:56:26
0104.A-9033(A)  TOI-447 GROND 2021-11-17T00:56:26
0104.A-9033(A)  TOI-447 GROND 2021-11-17T00:56:26
0104.A-9033(A)  TOI-447 GROND 2021-11-17T00:56:26
0104.A-9033(A)  TOI-447 GROND 2021-11-17T00:56:26
0104.A-9033(A)  TOI-447 GROND 2021-11-17T00:56:26
0104.A-9033(A)  TOI-447 GROND 2021-11-17T00:56:26
0104.A-9033(A)  TOI-447 GROND 2021-11-17T00:56:26
0104.A-9033(A)  TOI-447 GROND 2021-11-17T00:56:26
0104.A-9033(A)  TOI-447 GROND 2021-11-17T00:56:26
0104.A-9033(A)  TOI-447 GROND 2021-11-17T00:56:26
0104.A-9033(A)  TOI-447 GROND 2021-11-17T00:56:26
0104.A-9033(A)  TOI-447 GROND 2021-11-17T00:56:26
0104.A-9033(A)  TOI-447 GROND 2021-11-17T00:56:26
0104.A-9033(A)  TOI-447 GROND 2021-11-17T00:56:26
0104.A-9033(A)  TOI-447 GROND 2021-11-17T00:56:26
0104.A-9033(A)  TOI-447 GROND 2021-11-17T00:56:26
0104.A-9033(A)  TOI-447 GROND 2021-11-17T00:56:26
0104.A-9033(A)  TOI-447 GROND 2021-11-17T00:56:26
0104.A-9033(A)  TOI-447 GROND 2021-11-17T00:56:26
0104.A-9033(A)  TOI-447 GROND 2021-11-17T00:56:26
0104.A-9033(A)  TOI-447 GROND 2021-11-17T00:56:26
0104.A-9033(A)  TOI-447 GROND 2021-11-17T00:56:26
0104.A-9033(A)  TOI-447 GROND 2021-11-17T00:56:26
0104.A-9033(A)  TOI-447 GROND 2021-11-17T00:56:26
0104.A-9033(A)  TOI-447 GROND 2021-11-17T00:56:26
0104.A-9033(A)  TOI-447 GROND 2021-11-17T00:56:26
0104.A-9033(A)  TOI-447 GROND 2021-11-17T00:56:26
0104.A-9033(A)  TOI-447 GROND 2021-11-17T00:56:26
0104.A-9033(A)  TOI-447 GROND 2021-11-17T00:56:26
0104.A-9033(A)  TOI-447 GROND 2021-11-17T00:56:26
0104.A-9033(A)  TOI-447 GROND 2021-11-17T00:56:26
0104.A-9033(A)  TOI-447 GROND 2021-11-17T00:56:26
0104.A-9033(A)  TOI-447 GROND 2021-11-17T00:56:26
0104.A-9033(A)  TOI-447 GROND 2021-11-17T00:56:26
0104.A-9033(A)  TOI-447 GROND 2021-11-17T00:56:26
0104.A-9033(A)  TOI-447 GROND 2021-11-17T00:56:26
0104.A-9033(A)  TOI-447 GROND 2021-11-17T00:56:26
0104.A-9033(A)  TOI-447 GROND 2021-11-17T00:56:26
0104.A-9033(A)  TOI-447 GROND 2021-11-17T00:56:26
0104.A-9033(A)  TOI-447 GROND 2021-11-17T00:56:26
0104.A-9033(A)  TOI-447 GROND 2021-11-17T00:56:26
0104.A-9033(A)  TOI-447 GROND 2021-11-17T00:56:26
0104.A-9033(A)  TOI-447 GROND 2021-11-17T00:56:26
0104.A-9033(A)  TOI-447 GROND 2021-11-17T00:56:26
0104.A-9033(A)  TOI-447 GROND 2021-11-17T00:56:26
0104.A-9033(A)  TOI-447 GROND 2021-11-17T00:56:26
0104.A-9033(A)  TOI-447 GROND 2021-11-17T00:56:26
0104.A-9033(A)  TOI-447 GROND 2021-11-17T00:56:26
0104.A-9033(A)  TOI-447 GROND 2021-11-17T00:56:26
0104.A-9033(A)  TOI-447 GROND 2021-11-17T00:56:26
0104.A-9033(A)  TOI-447 GROND 2021-11-17T00:56:26
0104.A-9033(A)  TOI-447 GROND 2021-11-17T00:56:26
0104.A-9033(A)  TOI-447 GROND 2021-11-17T00:56:26
0104.A-9033(A)  TOI-447 GROND 2021-11-17T00:56:26
0104.A-9033(A)  TOI-447 GROND 2021-11-17T00:56:26
0104.A-9033(A)  TOI-447 GROND 2021-11-17T00:56:26
0104.A-9033(A)  TOI-447 GROND 2021-11-17T00:56:26
0104.A-9033(A)  TOI-447 GROND 2021-11-17T00:56:26
0104.A-9033(A)  TOI-447 GROND 2021-11-17T00:56:26
0104.A-9033(A)  TOI-447 GROND 2021-11-17T00:56:26
0104.A-9033(A)  TOI-447 GROND 2021-11-17T00:56:26
0104.A-9033(A)  TOI-447 GROND 2021-11-17T00:56:26
0104.A-9033(A)  TOI-447 GROND 2021-11-17T00:56:26
0104.A-9033(A)  TOI-447 GROND 2021-11-17T00:56:26
0104.A-9033(A)  TOI-447 GROND 2021-11-17T00:56:26
0104.A-9033(A)  TOI-447 GROND 2021-11-17T00:56:26
0104.A-9033(A)  TOI-447 GROND 2021-11-17T00:56:26
0104.A-9033(A)  TOI-447 GROND 2021-11-17T00:56:26
0104.A-9033(A)  TOI-447 GROND 2021-11-17T00:56:26
0104.A-9033(A)  TOI-447 GROND 2021-11-17T00:56:26
0104.A-9033(A)  TOI-447 GROND 2021-11-17T00:56:26
0104.A-9033(A)  TOI-447 GROND 2021-11-17T00:56:26
0104.A-9033(A)  TOI-447 GROND 2021-11-17T00:56:26
0104.A-9033(A)  TOI-447 GROND 2021-11-17T00:56:26
0104.A-9033(A)  TOI-447 GROND 2021-11-17T00:56:26
0104.A-9033(A)  TOI-447 GROND 2021-11-17T00:56:26
0104.A-9033(A)  TOI-447 GROND 2021-11-17T00:56:26
0104.A-9033(A)  TOI-447 GROND 2021-11-17T00:56:26
0104.A-9033(A)  TOI-447 GROND 2021-11-17T00:56:26
0104.A-9033(A)  TOI-447 GROND 2021-11-17T00:56:26
0104.A-9033(A)  TOI-447 GROND 2021-11-17T00:56:26
0104.A-9033(A)  TOI-447 GROND 2021-11-17T00:56:26
0104.A-9033(A)  TOI-447 GROND 2021-11-17T00:56:26
0104.A-9033(A)  TOI-447 GROND 2021-11-17T00:56:26
0104.A-9033(A)  TOI-447 GROND 2021-11-17T00:56:26
0104.A-9033(A)  TOI-447 GROND 2021-11-17T00:56:26
0104.A-9033(A)  TOI-447 GROND 2021-11-17T00:56:26
0104.A-9033(A)  TOI-447 GROND 2021-11-17T00:56:26
0104.A-9033(A)  TOI-447 GROND 2021-11-17T00:56:26
0104.A-9033(A)  TOI-447 GROND 2021-11-17T00:56:26
0104.A-9033(A)  TOI-447 GROND 2021-11-17T00:56:26
0104.A-9033(A)  TOI-447 GROND 2021-11-17T00:56:26
0104.A-9033(A)  TOI-447 GROND 2021-11-17T00:56:26
0104.A-9033(A)  TOI-447 GROND 2021-11-17T00:56:26
0104.A-9033(A)  TOI-447 GROND 2021-11-17T00:56:26
0104.A-9033(A)  TOI-447 GROND 2021-11-17T00:56:26
0104.A-9033(A)  TOI-447 GROND 2021-11-17T00:56:26
0104.A-9033(A)  TOI-447 GROND 2021-11-17T00:56:26
0104.A-9033(A)  TOI-447 GROND 2021-11-17T00:56:26
0104.A-9033(A)  TOI-447 GROND 2021-11-17T00:56:26
0104.A-9033(A)  TOI-447 GROND 2021-11-17T00:56:26
0104.A-9033(A)  TOI-447 GROND 2021-11-17T00:56:26
0104.A-9033(A)  TOI-447 GROND 2021-11-17T00:56:26
0104.A-9033(A)  TOI-447 GROND 2021-11-17T00:56:26
0104.A-9033(A)  TOI-447 GROND 2021-11-17T00:56:26
0104.A-9033(A)  TOI-447 GROND 2021-11-17T00:56:26
0104.A-9033(A)  TOI-447 GROND 2021-11-17T00:56:26
0104.A-9033(A)  TOI-447 GROND 2021-11-17T00:56:26
0104.A-9033(A)  TOI-447 GROND 2021-11-17T00:56:26
0104.A-9033(A)  TOI-447 GROND 2021-11-17T00:56:26
0104.A-9033(A)  TOI-447 GROND 2021-11-17T00:56:26
0104.A-9033(A)  TOI-447 GROND 2021-11-17T00:56:26
0104.A-9033(A)  TOI-447 GROND 2021-11-17T00:56:26
0104.A-9033(A)  TOI-447 GROND 2021-11-17T00:56:26
0104.A-9033(A)  TOI-447 GROND 2021-11-17T00:56:26
0104.A-9033(A)  TOI-447 GROND 2021-11-17T00:56:26
0104.A-9033(A)  TOI-447 GROND 2021-11-17T00:56:26
0104.A-9033(A)  TOI-447 GROND 2021-11-17T00:56:26
0104.A-9033(A)  TOI-447 GROND 2021-11-17T00:56:26
0104.A-9033(A)  TOI-447 GROND 2021-11-17T00:56:26
0104.A-9033(A)  TOI-447 GROND 2021-11-17T00:56:26
0104.A-9033(A)  TOI-447 GROND 2021-11-17T00:56:26
0104.A-9033(A)  TOI-447 GROND 2021-11-17T00:56:26
0104.A-9033(A)  TOI-447 GROND 2021-11-17T00:56:26
0104.A-9033(A)  TOI-447 GROND 2021-11-17T00:56:26
0104.A-9033(A)  TOI-447 GROND 2021-11-17T00:56:26
0104.A-9033(A)  TOI-447 GROND 2021-11-17T00:56:26
0104.A-9033(A)  TOI-447 GROND 2021-11-17T00:56:26
0104.A-9033(A)  TOI-447 GROND 2021-11-17T00:56:26
0104.A-9033(A)  TOI-447 GROND 2021-11-17T00:56:26
0104.A-9033(A)  TOI-447 GROND 2021-11-17T00:56:26
0104.A-9033(A)  TOI-447 GROND 2021-11-17T00:56:26
0104.A-9033(A)  TOI-447 GROND 2021-11-17T00:56:26
0104.A-9033(A)  TOI-447 GROND 2021-11-17T00:56:26
0104.A-9033(A)  TOI-447 GROND 2021-11-17T00:56:26
0104.A-9033(A)  TOI-447 GROND 2021-11-17T00:56:26
0104.A-9033(A)  TOI-447 GROND 2021-11-17T00:56:26
0104.A-9033(A)  TOI-447 GROND 2021-11-17T00:56:26
0104.A-9033(A)  TOI-447 GROND 2021-11-17T00:56:26
0104.A-9033(A)  TOI-447 GROND 2021-11-17T00:56:26
0104.A-9033(A)  TOI-447 GROND 2021-11-17T00:56:26
0104.A-9033(A)  TOI-447 GROND 2021-11-17T00:56:26
0104.A-9033(A)  TOI-447 GROND 2021-11-17T00:56:26
0104.A-9033(A)  TOI-447 GROND 2021-11-17T00:56:26
0104.A-9033(A)  TOI-447 GROND 2021-11-17T00:56:26
0104.A-9033(A)  TOI-447 GROND 2021-11-17T00:56:26
0104.A-9033(A)  TOI-447 GROND 2021-11-17T00:56:26
0104.A-9033(A)  TOI-447 GROND 2021-11-17T00:56:26
0104.A-9033(A)  TOI-447 GROND 2021-11-17T00:56:26
0104.A-9033(A)  TOI-447 GROND 2021-11-17T00:56:26
0104.A-9033(A)  TOI-447 GROND 2021-11-17T00:56:26
0104.A-9033(A)  TOI-447 GROND 2021-11-17T00:56:26
0104.A-9033(A)  TOI-447 GROND 2021-11-17T00:56:26
0104.A-9033(A)  TOI-447 GROND 2021-11-17T00:56:26
0104.A-9033(A)  TOI-447 GROND 2021-11-17T00:56:26
0104.A-9033(A)  TOI-447 GROND 2021-11-17T00:56:26
0104.A-9033(A)  TOI-447 GROND 2021-11-17T00:56:26
0104.A-9033(A)  TOI-447 GROND 2021-11-17T00:56:26
0104.A-9033(A)  TOI-447 GROND 2021-11-17T00:56:26
0104.A-9033(A)  TOI-447 GROND 2021-11-17T00:56:26
0104.A-9033(A)  TOI-447 GROND 2021-11-17T00:56:26
0104.A-9033(A)  TOI-447 GROND 2021-11-17T00:56:26
0104.A-9033(A)  TOI-447 GROND 2021-11-17T00:56:26
0104.A-9033(A)  TOI-447 GROND 2021-11-17T00:56:26
0104.A-9033(A)  TOI-447 GROND 2021-11-17T00:56:26
0104.A-9033(A)  TOI-447 GROND 2021-11-17T00:56:26
0104.A-9033(A)  TOI-447 GROND 2021-11-17T00:56:26
0104.A-9033(A)  TOI-447 GROND 2021-11-17T00:56:26
0104.A-9033(A)  TOI-447 GROND 2021-11-17T00:56:26
0104.A-9033(A)  TOI-447 GROND 2021-11-17T00:56:26
0104.A-9033(A)  TOI-447 GROND 2021-11-17T00:56:26
0104.A-9033(A)  TOI-447 GROND 2021-11-17T00:56:26
0104.A-9033(A)  TOI-447 GROND 2021-11-17T00:56:26
0104.A-9033(A)  TOI-447 GROND 2021-11-17T00:56:26
0104.A-9033(A)  TOI-447 GROND 2021-11-17T00:56:26
0104.A-9033(A)  TOI-447 GROND 2021-11-17T00:56:26
0104.A-9033(A)  TOI-447 GROND 2021-11-17T00:56:26
0104.A-9033(A)  TOI-447 GROND 2021-11-17T00:56:26
0104.A-9033(A)  TOI-447 GROND 2021-11-17T00:56:26
0104.A-9033(A)  TOI-447 GROND 2021-11-17T00:56:26
0104.A-9033(A)  TOI-447 GROND 2021-11-17T00:56:26
0104.A-9033(A)  TOI-447 GROND 2021-11-17T00:56:26
0104.A-9033(A)  TOI-447 GROND 2021-11-17T00:56:26
0104.A-9033(A)  TOI-447 GROND 2021-11-17T00:56:26
0104.A-9033(A)  TOI-447 GROND 2021-11-17T00:56:26
0104.A-9033(A)  TOI-447 GROND 2021-11-17T00:56:26
0104.A-9033(A)  TOI-447 GROND 2021-11-17T00:56:26
0104.A-9033(A)  TOI-447 GROND 2021-11-17T00:56:26
0104.A-9033(A)  TOI-447 GROND 2021-11-17T00:56:26
0104.A-9033(A)  TOI-447 GROND 2021-11-17T00:56:26
0104.A-9033(A)  TOI-447 GROND 2021-11-17T00:56:26
0104.A-9033(A) FLAT Standard calibs GROND 2021-11-16T17:20:51
0104.A-9033(A) FLAT Standard calibs GROND 2021-11-16T17:20:51
0104.A-9033(A) FLAT Standard calibs GROND 2021-11-16T17:20:51
0104.A-9033(A) FLAT Standard calibs GROND 2021-11-16T17:20:51
0104.A-9033(A) FLAT Standard calibs GROND 2021-11-16T17:20:51
0104.A-9033(A) FLAT Standard calibs GROND 2021-11-16T17:20:51
0104.A-9033(A) FLAT Standard calibs GROND 2021-11-16T17:20:51
0104.A-9033(A) FLAT Standard calibs GROND 2021-11-16T17:20:51
0104.A-9033(A) FLAT Standard calibs GROND 2021-11-16T17:20:51
0104.A-9033(A) FLAT Standard calibs GROND 2021-11-16T17:20:51
0104.A-9033(A) FLAT Standard calibs GROND 2021-11-16T17:20:51
0104.A-9033(A) FLAT Standard calibs GROND 2021-11-16T17:20:51
0104.A-9033(A) FLAT Standard calibs GROND 2021-11-16T17:20:51
0104.A-9033(A) FLAT Standard calibs GROND 2021-11-16T17:20:51
0104.A-9033(A) FLAT Standard calibs GROND 2021-11-16T17:20:51
0104.A-9033(A) FLAT Standard calibs GROND 2021-11-16T17:20:51
0104.A-9033(A) FLAT Standard calibs GROND 2021-11-16T17:20:51
0104.A-9033(A) FLAT Standard calibs GROND 2021-11-16T17:20:51
0104.A-9033(A) FLAT Standard calibs GROND 2021-11-16T17:20:51
0104.A-9033(A) FLAT Standard calibs GROND 2021-11-16T17:20:51
0104.A-9033(A) FLAT Standard calibs GROND 2021-11-16T17:20:51
0104.A-9033(A) FLAT Standard calibs GROND 2021-11-16T17:20:51
0104.A-9033(A) FLAT Standard calibs GROND 2021-11-16T17:20:51
0104.A-9033(A) FLAT Standard calibs GROND 2021-11-16T17:20:51
0104.A-9033(A) FLAT Standard calibs GROND 2021-11-16T17:20:51
0104.A-9033(A) FLAT Standard calibs GROND 2021-11-16T17:20:51
0104.A-9033(A) FLAT Standard calibs GROND 2021-11-16T17:20:51
0104.A-9033(A) FLAT Standard calibs GROND 2021-11-16T17:20:51
0104.A-9033(A) FLAT Standard calibs GROND 2021-11-16T17:20:51
0104.A-9033(A) FLAT Standard calibs GROND 2021-11-16T17:20:51
0104.A-9033(A) FLAT Standard calibs GROND 2021-11-16T17:20:51
0104.A-9033(A) FLAT Standard calibs GROND 2021-11-16T17:20:51
0104.A-9033(A) FLAT Standard calibs GROND 2021-11-16T17:20:51
0104.A-9033(A) FLAT Standard calibs GROND 2021-11-16T17:20:51
0104.A-9033(A) FLAT Standard calibs GROND 2021-11-16T17:20:51
0104.A-9033(A) FLAT Standard calibs GROND 2021-11-16T17:20:51
0104.A-9033(A) FLAT Standard calibs GROND 2021-11-16T17:20:51
0104.A-9033(A) FLAT Standard calibs GROND 2021-11-16T17:20:51
0104.A-9033(A) FLAT Standard calibs GROND 2021-11-16T17:20:51
0104.A-9033(A) FLAT Standard calibs GROND 2021-11-16T17:20:51
0104.A-9033(A) FLAT Standard calibs GROND 2021-11-16T17:20:51
0104.A-9033(A) FLAT Standard calibs GROND 2021-11-16T17:20:51
0104.A-9033(A) FLAT Standard calibs GROND 2021-11-16T17:20:51
0104.A-9033(A) FLAT Standard calibs GROND 2021-11-16T17:20:51
0104.A-9033(A) FLAT Standard calibs GROND 2021-11-16T17:20:51
0104.A-9033(A) FLAT Standard calibs GROND 2021-11-16T17:20:51
0104.A-9033(A) FLAT Standard calibs GROND 2021-11-16T17:20:51
0104.A-9033(A) FLAT Standard calibs GROND 2021-11-16T17:20:51
0104.A-9033(A) FLAT Standard calibs GROND 2021-11-16T17:20:51
0104.A-9033(A) FLAT Standard calibs GROND 2021-11-16T17:20:51
0104.A-9033(A) FLAT Standard calibs GROND 2021-11-16T17:20:51
0104.A-9033(A) FLAT Standard calibs GROND 2021-11-16T17:20:51
0104.A-9033(A) FLAT Standard calibs GROND 2021-11-16T17:20:51
0104.A-9033(A) FLAT Standard calibs GROND 2021-11-16T17:20:51
0104.A-9033(A) FLAT Standard calibs GROND 2021-11-16T17:20:51
0104.A-9033(A) FLAT Standard calibs GROND 2021-11-16T17:20:51
0104.A-9033(A) FLAT Standard calibs GROND 2021-11-16T17:20:51
0104.A-9033(A) FLAT Standard calibs GROND 2021-11-16T17:20:51
0104.A-9033(A) FLAT Standard calibs GROND 2021-11-16T17:20:51
0104.A-9033(A) FLAT Standard calibs GROND 2021-11-16T17:20:51
0104.A-9033(A) FLAT Standard calibs GROND 2021-11-16T17:20:51
0104.A-9033(A) FLAT Standard calibs GROND 2021-11-16T17:20:51
0104.A-9033(A) FLAT Standard calibs GROND 2021-11-16T17:20:51
0104.A-9033(A) FLAT Standard calibs GROND 2021-11-16T17:20:51
0104.A-9033(A) FLAT Standard calibs GROND 2021-11-16T17:20:51
0104.A-9033(A) FLAT Standard calibs GROND 2021-11-16T17:20:51
0104.A-9033(A) FLAT Standard calibs GROND 2021-11-16T17:20:51
0104.A-9033(A) FLAT Standard calibs GROND 2021-11-16T17:20:51
0104.A-9033(A) FLAT Standard calibs GROND 2021-11-16T17:20:51
0104.A-9033(A) FLAT Standard calibs GROND 2021-11-16T17:20:51
0104.A-9033(A) FLAT Standard calibs GROND 2021-11-16T17:20:51
0104.A-9033(A) FLAT Standard calibs GROND 2021-11-16T17:20:51
0104.A-9033(A) FLAT Standard calibs GROND 2021-11-16T17:20:51
0104.A-9033(A) FLAT Standard calibs GROND 2021-11-16T17:20:51
0104.A-9033(A) FLAT Standard calibs GROND 2021-11-16T17:20:51
0104.A-9033(A) FLAT Standard calibs GROND 2021-11-16T17:20:51
0104.A-9033(A) FLAT Standard calibs GROND 2021-11-16T17:20:51
0104.A-9033(A) FLAT Standard calibs GROND 2021-11-16T17:20:51
0104.A-9033(A) FLAT Standard calibs GROND 2021-11-16T17:20:51
0104.A-9033(A) FLAT Standard calibs GROND 2021-11-16T17:20:51
0104.A-9033(A) FLAT Standard calibs GROND 2021-11-16T17:20:51
0104.A-9033(A) FLAT Standard calibs GROND 2021-11-16T17:20:51
0104.A-9033(A) FLAT Standard calibs GROND 2021-11-16T17:20:51
0104.A-9033(A) FLAT Standard calibs GROND 2021-11-16T17:20:51
0104.A-9033(A) FLAT Standard calibs GROND 2021-11-16T17:20:51
0104.A-9033(A) FLAT Standard calibs GROND 2021-11-16T17:20:51
0104.A-9033(A) FLAT Standard calibs GROND 2021-11-16T17:20:51
0104.A-9033(A) FLAT Standard calibs GROND 2021-11-16T17:20:51
0104.A-9033(A) FLAT Standard calibs GROND 2021-11-16T17:20:51
0104.A-9033(A) FLAT Standard calibs GROND 2021-11-16T17:20:51
0104.A-9033(A) FLAT Standard calibs GROND 2021-11-16T17:20:51
0104.A-9033(A) FLAT Standard calibs GROND 2021-11-16T17:20:51
0104.A-9033(A) FLAT Standard calibs GROND 2021-11-16T17:20:51
0104.A-9033(A) FLAT Standard calibs GROND 2021-11-16T17:20:51
0104.A-9033(A) FLAT Standard calibs GROND 2021-11-16T17:20:51
0104.A-9033(A) FLAT Standard calibs GROND 2021-11-16T17:20:51
0104.A-9033(A) FLAT Standard calibs GROND 2021-11-16T17:20:51
0104.A-9033(A) FLAT Standard calibs GROND 2021-11-16T17:20:51
0104.A-9033(A) FLAT Standard calibs GROND 2021-11-16T17:20:51
0104.A-9033(A) FLAT Standard calibs GROND 2021-11-16T17:20:51
0104.A-9033(A) FLAT Standard calibs GROND 2021-11-17T16:39:56
0104.A-9033(A) FLAT Standard calibs GROND 2021-11-17T16:39:56
0104.A-9033(A) FLAT Standard calibs GROND 2021-11-17T16:39:56
0104.A-9033(A) FLAT Standard calibs GROND 2021-11-17T16:39:56
0104.A-9033(A) FLAT Standard calibs GROND 2021-11-17T16:39:56
0104.A-9033(A) FLAT Standard calibs GROND 2021-11-17T16:39:56
0104.A-9033(A) FLAT Standard calibs GROND 2021-11-17T16:39:56
0104.A-9033(A) FLAT Standard calibs GROND 2021-11-17T16:39:56
0104.A-9033(A) FLAT Standard calibs GROND 2021-11-17T16:39:56
0104.A-9033(A) FLAT Standard calibs GROND 2021-11-17T16:39:56
0104.A-9033(A) FLAT Standard calibs GROND 2021-11-17T16:39:56
0104.A-9033(A) FLAT Standard calibs GROND 2021-11-17T16:39:56
0104.A-9033(A) FLAT Standard calibs GROND 2021-11-17T16:39:56
0104.A-9033(A) FLAT Standard calibs GROND 2021-11-17T16:39:56
0104.A-9033(A) FLAT Standard calibs GROND 2021-11-17T16:39:56
0104.A-9033(A) FLAT Standard calibs GROND 2021-11-17T16:39:56
0104.A-9033(A) FLAT Standard calibs GROND 2021-11-17T16:39:56
0104.A-9033(A) FLAT Standard calibs GROND 2021-11-17T16:39:56
0104.A-9033(A) FLAT Standard calibs GROND 2021-11-17T16:39:56
0104.A-9033(A) FLAT Standard calibs GROND 2021-11-17T16:39:56
0104.A-9033(A) FLAT Standard calibs GROND 2021-11-17T16:39:56
0104.A-9033(A) FLAT Standard calibs GROND 2021-11-17T16:39:56
0104.A-9033(A) FLAT Standard calibs GROND 2021-11-17T16:39:56
0104.A-9033(A) FLAT Standard calibs GROND 2021-11-17T16:39:56
0104.A-9033(A) FLAT Standard calibs GROND 2021-11-17T16:39:56
0104.A-9033(A) FLAT Standard calibs GROND 2021-11-17T16:39:56
0104.A-9033(A) FLAT Standard calibs GROND 2021-11-17T16:39:56
0104.A-9033(A) FLAT Standard calibs GROND 2021-11-17T16:39:56
0104.A-9033(A) FLAT Standard calibs GROND 2021-11-17T16:39:56
0104.A-9033(A) FLAT Standard calibs GROND 2021-11-17T16:39:56
0104.A-9033(A) FLAT Standard calibs GROND 2021-11-17T16:39:56
0104.A-9033(A) FLAT Standard calibs GROND 2021-11-17T16:39:56
0104.A-9033(A) FLAT Standard calibs GROND 2021-11-17T16:39:56
0104.A-9033(A) FLAT Standard calibs GROND 2021-11-17T16:39:56
0104.A-9033(A) FLAT Standard calibs GROND 2021-11-17T16:39:56
0104.A-9033(A) FLAT Standard calibs GROND 2021-11-17T16:39:56
0104.A-9033(A) FLAT Standard calibs GROND 2021-11-17T16:39:56
0104.A-9033(A) FLAT Standard calibs GROND 2021-11-17T16:39:56
0104.A-9033(A) FLAT Standard calibs GROND 2021-11-17T16:39:56
0104.A-9033(A) FLAT Standard calibs GROND 2021-11-17T16:39:56
0104.A-9033(A) FLAT Standard calibs GROND 2021-11-17T16:39:56
0104.A-9033(A) FLAT Standard calibs GROND 2021-11-17T16:39:56
0104.A-9033(A) FLAT Standard calibs GROND 2021-11-17T16:39:56
0104.A-9033(A) FLAT Standard calibs GROND 2021-11-17T16:39:56
0104.A-9033(A) FLAT Standard calibs GROND 2021-11-17T16:39:56
0104.A-9033(A) FLAT Standard calibs GROND 2021-11-17T16:39:56
0104.A-9033(A) FLAT Standard calibs GROND 2021-11-17T16:39:56
0104.A-9033(A) FLAT Standard calibs GROND 2021-11-17T16:39:56
0104.A-9033(A) FLAT Standard calibs GROND 2021-11-17T16:39:56
0104.A-9033(A) FLAT Standard calibs GROND 2021-11-17T16:39:56
0104.A-9033(A) FLAT Standard calibs GROND 2021-11-17T16:39:56
0104.A-9033(A) FLAT Standard calibs GROND 2021-11-17T16:39:56
0104.A-9033(A) FLAT Standard calibs GROND 2021-11-17T16:39:56
0104.A-9033(A) FLAT Standard calibs GROND 2021-11-17T16:39:56
0104.A-9033(A) FLAT Standard calibs GROND 2021-11-17T16:39:56
0104.A-9033(A) FLAT Standard calibs GROND 2021-11-17T16:39:56
0104.A-9033(A) FLAT Standard calibs GROND 2021-11-17T16:39:56
0104.A-9033(A) FLAT Standard calibs GROND 2021-11-17T16:39:56
0104.A-9033(A) FLAT Standard calibs GROND 2021-11-17T16:39:56
0104.A-9033(A) FLAT Standard calibs GROND 2021-11-17T16:39:56
0104.A-9033(A) FLAT Standard calibs GROND 2021-11-17T16:39:56
0104.A-9033(A) FLAT Standard calibs GROND 2021-11-17T16:39:56
0104.A-9033(A) FLAT Standard calibs GROND 2021-11-17T16:39:56
0104.A-9033(A) FLAT Standard calibs GROND 2021-11-17T16:39:56
0104.A-9033(A) FLAT Standard calibs GROND 2021-11-17T16:39:56
0104.A-9033(A) FLAT Standard calibs GROND 2021-11-17T16:39:56
0104.A-9033(A) FLAT Standard calibs GROND 2021-11-17T16:39:56
0104.A-9033(A) FLAT Standard calibs GROND 2021-11-17T16:39:56
0104.A-9033(A) FLAT Standard calibs GROND 2021-11-17T16:39:56
0104.A-9033(A) FLAT Standard calibs GROND 2021-11-17T16:39:56
0104.A-9033(A) FLAT Standard calibs GROND 2021-11-17T16:39:56
0104.A-9033(A) FLAT Standard calibs GROND 2021-11-17T16:39:56
0104.A-9033(A) FLAT Standard calibs GROND 2021-11-17T16:39:56
0104.A-9033(A) FLAT Standard calibs GROND 2021-11-17T16:39:56
0104.A-9033(A) FLAT Standard calibs GROND 2021-11-17T16:39:56
0104.A-9033(A) FLAT Standard calibs GROND 2021-11-17T16:39:56
0104.A-9033(A) FLAT Standard calibs GROND 2021-11-17T16:39:56
0104.A-9033(A) FLAT Standard calibs GROND 2021-11-17T16:39:56
0104.A-9033(A) FLAT Standard calibs GROND 2021-11-17T16:39:56
0104.A-9033(A) FLAT Standard calibs GROND 2021-11-17T16:39:56
0104.A-9033(A) FLAT Standard calibs GROND 2021-11-17T16:39:56
0104.A-9033(A) FLAT Standard calibs GROND 2021-11-17T16:39:56
0104.A-9033(A) FLAT Standard calibs GROND 2021-11-17T16:39:56
0104.A-9033(A) FLAT Standard calibs GROND 2021-11-17T16:39:56
0104.A-9033(A) FLAT Standard calibs GROND 2021-11-17T16:39:56
0104.A-9033(A) FLAT Standard calibs GROND 2021-11-17T16:39:56
0104.A-9033(A) FLAT Standard calibs GROND 2021-11-17T16:39:56
0104.A-9033(A) FLAT Standard calibs GROND 2021-11-17T16:39:56
0104.A-9033(A) FLAT Standard calibs GROND 2021-11-17T16:39:56
0104.A-9033(A) FLAT Standard calibs GROND 2021-11-17T16:39:56
0104.A-9033(A) FLAT Standard calibs GROND 2021-11-17T16:39:56
0104.A-9033(A) FLAT Standard calibs GROND 2021-11-17T16:39:56
0104.A-9033(A) FLAT Standard calibs GROND 2021-11-17T16:39:56
Saving to ascii.ecsv
Saving to ascii.ecsv
Saving to ascii.ecsv
Saving to ascii.ecsv
Saving to ascii.ecsv
Saving to ascii.ecsv
Saving to ascii.ecsv
Saving to ascii.ecsv
Saving to ascii.ecsv
Saving to ascii.ecsv
Saving to ascii.ecsv
Saving to ascii.ecsv
Saving to ascii.ecsv
Saving to ascii.ecsv
Saving to ascii.ecsv
Saving to ascii.ecsv
Saving to ascii.ecsv
Saving to ascii.ecsv
Saving to ascii.ecsv
Saving to ascii.ecsv
Saving to ascii.ecsv
Saving to ascii.ecsv
Saving to ascii.ecsv
Saving to ascii.ecsv
Saving to ascii.ecsv
Saving to ascii.ecsv
Saving to ascii.ecsv
Saving to ascii.ecsv
Saving to ascii.ecsv
Saving to ascii.ecsv
Saving to ascii.ecsv
Saving to ascii.ecsv
Saving to ascii.ecsv
Saving to ascii.ecsv
Saving to ascii.ecsv
Saving to ascii.ecsv
Saving to ascii.ecsv
Saving to ascii.ecsv
Saving to ascii.ecsv
Saving to ascii.ecsv
Saving to ascii.ecsv
Saving to ascii.ecsv
Saving to ascii.ecsv
Saving to ascii.ecsv
Saving to ascii.ecsv
Saving to ascii.ecsv
Saving to ascii.ecsv
Saving to ascii.ecsv
Saving to ascii.ecsv
Saving to ascii.ecsv
Saving to ascii.ecsv
Saving to ascii.ecsv
Saving to ascii.ecsv
Saving to ascii.ecsv
Saving to ascii.ecsv
Saving to ascii.ecsv
Saving to ascii.ecsv
Saving to ascii.ecsv
Saving to ascii.ecsv
Saving to ascii.ecsv
Saving to ascii.ecsv
Saving to ascii.ecsv
Saving to ascii.ecsv
Saving to ascii.ecsv
Saving to ascii.ecsv
Saving to ascii.ecsv
Saving to ascii.ecsv
Saving to ascii.ecsv
Saving to ascii.ecsv
Saving to ascii.ecsv
Saving to ascii.ecsv
Saving to ascii.ecsv
Saving to ascii.ecsv
Saving to ascii.ecsv
Saving to ascii.ecsv
period 108: cached to disk
publish: ./ESO-2.2m/logs/P108/index.shtml /data/www/twoptwo.com/ESO-2.2m/logs/P108/index.shtml
publish: ./ESO-2.2m/logs/P108/2021-10-01/index.shtml /data/www/twoptwo.com/ESO-2.2m/logs/P108/2021-10-01/index.shtml
publish: ./ESO-2.2m/logs/P108/2021-10-02/index.shtml /data/www/twoptwo.com/ESO-2.2m/logs/P108/2021-10-02/index.shtml
publish: ./ESO-2.2m/logs/P108/2021-10-03/index.shtml /data/www/twoptwo.com/ESO-2.2m/logs/P108/2021-10-03/index.shtml
publish: ./ESO-2.2m/logs/P108/2021-10-04/index.shtml /data/www/twoptwo.com/ESO-2.2m/logs/P108/2021-10-04/index.shtml
publish: ./ESO-2.2m/logs/P108/2021-10-05/index.shtml /data/www/twoptwo.com/ESO-2.2m/logs/P108/2021-10-05/index.shtml
publish: ./ESO-2.2m/logs/P108/2021-10-06/index.shtml /data/www/twoptwo.com/ESO-2.2m/logs/P108/2021-10-06/index.shtml
publish: ./ESO-2.2m/logs/P108/2021-10-07/index.shtml /data/www/twoptwo.com/ESO-2.2m/logs/P108/2021-10-07/index.shtml
publish: ./ESO-2.2m/logs/P108/2021-10-08/index.shtml /data/www/twoptwo.com/ESO-2.2m/logs/P108/2021-10-08/index.shtml
publish: ./ESO-2.2m/logs/P108/2021-10-09/index.shtml /data/www/twoptwo.com/ESO-2.2m/logs/P108/2021-10-09/index.shtml
publish: ./ESO-2.2m/logs/P108/2021-10-10/index.shtml /data/www/twoptwo.com/ESO-2.2m/logs/P108/2021-10-10/index.shtml
publish: ./ESO-2.2m/logs/P108/2021-10-11/index.shtml /data/www/twoptwo.com/ESO-2.2m/logs/P108/2021-10-11/index.shtml
publish: ./ESO-2.2m/logs/P108/2021-10-12/index.shtml /data/www/twoptwo.com/ESO-2.2m/logs/P108/2021-10-12/index.shtml
publish: ./ESO-2.2m/logs/P108/2021-10-13/index.shtml /data/www/twoptwo.com/ESO-2.2m/logs/P108/2021-10-13/index.shtml
publish: ./ESO-2.2m/logs/P108/2021-10-14/index.shtml /data/www/twoptwo.com/ESO-2.2m/logs/P108/2021-10-14/index.shtml
publish: ./ESO-2.2m/logs/P108/2021-10-15/index.shtml /data/www/twoptwo.com/ESO-2.2m/logs/P108/2021-10-15/index.shtml
publish: ./ESO-2.2m/logs/P108/2021-10-16/index.shtml /data/www/twoptwo.com/ESO-2.2m/logs/P108/2021-10-16/index.shtml
publish: ./ESO-2.2m/logs/P108/2021-10-17/index.shtml /data/www/twoptwo.com/ESO-2.2m/logs/P108/2021-10-17/index.shtml
publish: ./ESO-2.2m/logs/P108/2021-10-18/index.shtml /data/www/twoptwo.com/ESO-2.2m/logs/P108/2021-10-18/index.shtml
publish: ./ESO-2.2m/logs/P108/2021-10-19/index.shtml /data/www/twoptwo.com/ESO-2.2m/logs/P108/2021-10-19/index.shtml
publish: ./ESO-2.2m/logs/P108/2021-10-20/index.shtml /data/www/twoptwo.com/ESO-2.2m/logs/P108/2021-10-20/index.shtml
publish: ./ESO-2.2m/logs/P108/2021-10-21/index.shtml /data/www/twoptwo.com/ESO-2.2m/logs/P108/2021-10-21/index.shtml
publish: ./ESO-2.2m/logs/P108/2021-10-22/index.shtml /data/www/twoptwo.com/ESO-2.2m/logs/P108/2021-10-22/index.shtml
publish: ./ESO-2.2m/logs/P108/2021-10-23/index.shtml /data/www/twoptwo.com/ESO-2.2m/logs/P108/2021-10-23/index.shtml
publish: ./ESO-2.2m/logs/P108/2021-10-24/index.shtml /data/www/twoptwo.com/ESO-2.2m/logs/P108/2021-10-24/index.shtml
publish: ./ESO-2.2m/logs/P108/2021-10-25/index.shtml /data/www/twoptwo.com/ESO-2.2m/logs/P108/2021-10-25/index.shtml
publish: ./ESO-2.2m/logs/P108/2021-10-26/index.shtml /data/www/twoptwo.com/ESO-2.2m/logs/P108/2021-10-26/index.shtml
publish: ./ESO-2.2m/logs/P108/2021-10-27/index.shtml /data/www/twoptwo.com/ESO-2.2m/logs/P108/2021-10-27/index.shtml
publish: ./ESO-2.2m/logs/P108/2021-10-28/index.shtml /data/www/twoptwo.com/ESO-2.2m/logs/P108/2021-10-28/index.shtml
publish: ./ESO-2.2m/logs/P108/2021-10-29/index.shtml /data/www/twoptwo.com/ESO-2.2m/logs/P108/2021-10-29/index.shtml
publish: ./ESO-2.2m/logs/P108/2021-10-30/index.shtml /data/www/twoptwo.com/ESO-2.2m/logs/P108/2021-10-30/index.shtml
publish: ./ESO-2.2m/logs/P108/2021-10-31/index.shtml /data/www/twoptwo.com/ESO-2.2m/logs/P108/2021-10-31/index.shtml
publish: ./ESO-2.2m/logs/P108/2021-11-01/index.shtml /data/www/twoptwo.com/ESO-2.2m/logs/P108/2021-11-01/index.shtml
publish: ./ESO-2.2m/logs/P108/2021-11-02/index.shtml /data/www/twoptwo.com/ESO-2.2m/logs/P108/2021-11-02/index.shtml
publish: ./ESO-2.2m/logs/P108/2021-11-03/index.shtml /data/www/twoptwo.com/ESO-2.2m/logs/P108/2021-11-03/index.shtml
publish: ./ESO-2.2m/logs/P108/2021-11-04/index.shtml /data/www/twoptwo.com/ESO-2.2m/logs/P108/2021-11-04/index.shtml
publish: ./ESO-2.2m/logs/P108/2021-11-05/index.shtml /data/www/twoptwo.com/ESO-2.2m/logs/P108/2021-11-05/index.shtml
publish: ./ESO-2.2m/logs/P108/2021-11-06/index.shtml /data/www/twoptwo.com/ESO-2.2m/logs/P108/2021-11-06/index.shtml
publish: ./ESO-2.2m/logs/P108/2021-11-07/index.shtml /data/www/twoptwo.com/ESO-2.2m/logs/P108/2021-11-07/index.shtml
publish: ./ESO-2.2m/logs/P108/2021-11-08/index.shtml /data/www/twoptwo.com/ESO-2.2m/logs/P108/2021-11-08/index.shtml
publish: ./ESO-2.2m/logs/P108/2021-11-09/index.shtml /data/www/twoptwo.com/ESO-2.2m/logs/P108/2021-11-09/index.shtml
publish: ./ESO-2.2m/logs/P108/2021-11-10/index.shtml /data/www/twoptwo.com/ESO-2.2m/logs/P108/2021-11-10/index.shtml
publish: ./ESO-2.2m/logs/P108/2021-11-11/index.shtml /data/www/twoptwo.com/ESO-2.2m/logs/P108/2021-11-11/index.shtml
publish: ./ESO-2.2m/logs/P108/2021-11-12/index.shtml /data/www/twoptwo.com/ESO-2.2m/logs/P108/2021-11-12/index.shtml
publish: ./ESO-2.2m/logs/P108/2021-11-13/index.shtml /data/www/twoptwo.com/ESO-2.2m/logs/P108/2021-11-13/index.shtml
publish: ./ESO-2.2m/logs/P108/2021-11-14/index.shtml /data/www/twoptwo.com/ESO-2.2m/logs/P108/2021-11-14/index.shtml
publish: ./ESO-2.2m/logs/P108/2021-11-15/index.shtml /data/www/twoptwo.com/ESO-2.2m/logs/P108/2021-11-15/index.shtml
publish: ./ESO-2.2m/logs/P108/2021-11-16/index.shtml /data/www/twoptwo.com/ESO-2.2m/logs/P108/2021-11-16/index.shtml
publish: ./ESO-2.2m/logs/P108/2021-11-17/index.shtml /data/www/twoptwo.com/ESO-2.2m/logs/P108/2021-11-17/index.shtml
publish: ./ESO-2.2m/logs/P108/2021-11-18/index.shtml /data/www/twoptwo.com/ESO-2.2m/logs/P108/2021-11-18/index.shtml
publish: ./ESO-2.2m/logs/P108/2021-11-19/index.shtml /data/www/twoptwo.com/ESO-2.2m/logs/P108/2021-11-19/index.shtml
publish: ./ESO-2.2m/logs/P108/2021-11-20/index.shtml /data/www/twoptwo.com/ESO-2.2m/logs/P108/2021-11-20/index.shtml
publish: ./ESO-2.2m/logs/P108/2021-11-21/index.shtml /data/www/twoptwo.com/ESO-2.2m/logs/P108/2021-11-21/index.shtml
publish: ./ESO-2.2m/logs/P108/2021-11-22/index.shtml /data/www/twoptwo.com/ESO-2.2m/logs/P108/2021-11-22/index.shtml
publish: ./ESO-2.2m/logs/P108/2021-11-23/index.shtml /data/www/twoptwo.com/ESO-2.2m/logs/P108/2021-11-23/index.shtml
publish: ./ESO-2.2m/logs/P108/2021-11-24/index.shtml /data/www/twoptwo.com/ESO-2.2m/logs/P108/2021-11-24/index.shtml
publish: ./ESO-2.2m/logs/P108/2021-11-25/index.shtml /data/www/twoptwo.com/ESO-2.2m/logs/P108/2021-11-25/index.shtml
publish: ./ESO-2.2m/logs/P108/2021-11-26/index.shtml /data/www/twoptwo.com/ESO-2.2m/logs/P108/2021-11-26/index.shtml
publish: ./ESO-2.2m/logs/P108/2021-11-27/index.shtml /data/www/twoptwo.com/ESO-2.2m/logs/P108/2021-11-27/index.shtml
publish: ./ESO-2.2m/logs/P108/2021-11-28/index.shtml /data/www/twoptwo.com/ESO-2.2m/logs/P108/2021-11-28/index.shtml
publish: ./ESO-2.2m/logs/P108/2021-11-29/index.shtml /data/www/twoptwo.com/ESO-2.2m/logs/P108/2021-11-29/index.shtml
publish: ./ESO-2.2m/logs/P108/2021-11-30/index.shtml /data/www/twoptwo.com/ESO-2.2m/logs/P108/2021-11-30/index.shtml
publish: ./ESO-2.2m/logs/P108/2021-12-01/index.shtml /data/www/twoptwo.com/ESO-2.2m/logs/P108/2021-12-01/index.shtml
publish: ./ESO-2.2m/logs/P108/2021-12-02/index.shtml /data/www/twoptwo.com/ESO-2.2m/logs/P108/2021-12-02/index.shtml
publish: ./ESO-2.2m/logs/P108/2021-12-03/index.shtml /data/www/twoptwo.com/ESO-2.2m/logs/P108/2021-12-03/index.shtml
publish: ./ESO-2.2m/logs/P108/2021-12-04/index.shtml /data/www/twoptwo.com/ESO-2.2m/logs/P108/2021-12-04/index.shtml
publish: ./ESO-2.2m/logs/P108/2021-12-05/index.shtml /data/www/twoptwo.com/ESO-2.2m/logs/P108/2021-12-05/index.shtml
publish: ./ESO-2.2m/logs/P108/2021-12-06/index.shtml /data/www/twoptwo.com/ESO-2.2m/logs/P108/2021-12-06/index.shtml
publish: ./ESO-2.2m/logs/P108/2021-12-07/index.shtml /data/www/twoptwo.com/ESO-2.2m/logs/P108/2021-12-07/index.shtml
publish: ./ESO-2.2m/logs/P108/2021-12-08/index.shtml /data/www/twoptwo.com/ESO-2.2m/logs/P108/2021-12-08/index.shtml
publish: ./ESO-2.2m/logs/P108/2021-12-09/index.shtml /data/www/twoptwo.com/ESO-2.2m/logs/P108/2021-12-09/index.shtml
publish: ./ESO-2.2m/logs/P108/2021-12-10/index.shtml /data/www/twoptwo.com/ESO-2.2m/logs/P108/2021-12-10/index.shtml
publish: ./ESO-2.2m/logs/P108/2021-12-11/index.shtml /data/www/twoptwo.com/ESO-2.2m/logs/P108/2021-12-11/index.shtml
publish: ./ESO-2.2m/logs/P108/2021-12-12/index.shtml /data/www/twoptwo.com/ESO-2.2m/logs/P108/2021-12-12/index.shtml
publish: ./ESO-2.2m/logs/P108/2021-12-13/index.shtml /data/www/twoptwo.com/ESO-2.2m/logs/P108/2021-12-13/index.shtml
publish: ./ESO-2.2m/targets/P108/index.shtml /data/www/twoptwo.com/ESO-2.2m/targets/P108/index.shtml
publish: ./ESO-2.2m/reports/P108/index.shtml /data/www/twoptwo.com/ESO-2.2m/reports/P108/index.shtml
