2022-04-01: raw log read from disk: ./ESO-2.2m/taps/P109/2022-04-01/tap-ESO-2.2m-P109-2022-04-01.csv
2022-04-01: processing raw log
2022-04-01: ephemeris read from disk
Saving to ascii.ecsv
2022-04-01: cached to disk
2022-04-02: raw log read from disk: ./ESO-2.2m/taps/P109/2022-04-02/tap-ESO-2.2m-P109-2022-04-02.csv
2022-04-02: processing raw log
2022-04-02: ephemeris read from disk
Saving to ascii.ecsv
2022-04-02: cached to disk
2022-04-03: raw log read from disk: ./ESO-2.2m/taps/P109/2022-04-03/tap-ESO-2.2m-P109-2022-04-03.csv
2022-04-03: processing raw log
2022-04-03: ephemeris read from disk
Saving to ascii.ecsv
2022-04-03: cached to disk
2022-04-04: raw log read from disk: ./ESO-2.2m/taps/P109/2022-04-04/tap-ESO-2.2m-P109-2022-04-04.csv
2022-04-04: processing raw log
2022-04-04: ephemeris read from disk
Saving to ascii.ecsv
2022-04-04: cached to disk
2022-04-05: raw log read from disk: ./ESO-2.2m/taps/P109/2022-04-05/tap-ESO-2.2m-P109-2022-04-05.csv
2022-04-05: processing raw log
2022-04-05: ephemeris read from disk
Saving to ascii.ecsv
2022-04-05: cached to disk
2022-04-06: raw log read from disk: ./ESO-2.2m/taps/P109/2022-04-06/tap-ESO-2.2m-P109-2022-04-06.csv
2022-04-06: processing raw log
2022-04-06: ephemeris read from disk
Saving to ascii.ecsv
2022-04-06: cached to disk
2022-04-07: raw log read from disk: ./ESO-2.2m/taps/P109/2022-04-07/tap-ESO-2.2m-P109-2022-04-07.csv
2022-04-07: processing raw log
2022-04-07: ephemeris read from disk
Saving to ascii.ecsv
2022-04-07: cached to disk
2022-04-08: raw log read from disk: ./ESO-2.2m/taps/P109/2022-04-08/tap-ESO-2.2m-P109-2022-04-08.csv
2022-04-08: processing raw log
2022-04-08: ephemeris read from disk
Saving to ascii.ecsv
2022-04-08: cached to disk
2022-04-09: raw log read from disk: ./ESO-2.2m/taps/P109/2022-04-09/tap-ESO-2.2m-P109-2022-04-09.csv
2022-04-09: processing raw log
2022-04-09: ephemeris read from disk
Saving to ascii.ecsv
2022-04-09: cached to disk
2022-04-10: raw log read from disk: ./ESO-2.2m/taps/P109/2022-04-10/tap-ESO-2.2m-P109-2022-04-10.csv
2022-04-10: processing raw log
2022-04-10: ephemeris read from disk
Saving to ascii.ecsv
2022-04-10: cached to disk
2022-04-11: raw log read from disk: ./ESO-2.2m/taps/P109/2022-04-11/tap-ESO-2.2m-P109-2022-04-11.csv
2022-04-11: processing raw log
2022-04-11: ephemeris read from disk
Saving to ascii.ecsv
2022-04-11: cached to disk
2022-04-12: raw log read from disk: ./ESO-2.2m/taps/P109/2022-04-12/tap-ESO-2.2m-P109-2022-04-12.csv
2022-04-12: processing raw log
2022-04-12: ephemeris read from disk
Saving to ascii.ecsv
2022-04-12: cached to disk
2022-04-13: raw log read from disk: ./ESO-2.2m/taps/P109/2022-04-13/tap-ESO-2.2m-P109-2022-04-13.csv
2022-04-13: processing raw log
2022-04-13: ephemeris read from disk
Saving to ascii.ecsv
2022-04-13: cached to disk
2022-04-14: raw log read from disk: ./ESO-2.2m/taps/P109/2022-04-14/tap-ESO-2.2m-P109-2022-04-14.csv
2022-04-14: processing raw log
2022-04-14: ephemeris read from disk
Saving to ascii.ecsv
2022-04-14: cached to disk
2022-04-15: raw log read from disk: ./ESO-2.2m/taps/P109/2022-04-15/tap-ESO-2.2m-P109-2022-04-15.csv
2022-04-15: processing raw log
2022-04-15: ephemeris read from disk
Saving to ascii.ecsv
2022-04-15: cached to disk
2022-04-16: raw log read from disk: ./ESO-2.2m/taps/P109/2022-04-16/tap-ESO-2.2m-P109-2022-04-16.csv
2022-04-16: processing raw log
2022-04-16: ephemeris read from disk
Saving to ascii.ecsv
2022-04-16: cached to disk
2022-04-17: raw log read from disk: ./ESO-2.2m/taps/P109/2022-04-17/tap-ESO-2.2m-P109-2022-04-17.csv
2022-04-17: processing raw log
2022-04-17: ephemeris read from disk
Saving to ascii.ecsv
2022-04-17: cached to disk
2022-04-18: raw log read from disk: ./ESO-2.2m/taps/P109/2022-04-18/tap-ESO-2.2m-P109-2022-04-18.csv
2022-04-18: processing raw log
2022-04-18: ephemeris read from disk
Saving to ascii.ecsv
2022-04-18: cached to disk
2022-04-19: raw log read from disk: ./ESO-2.2m/taps/P109/2022-04-19/tap-ESO-2.2m-P109-2022-04-19.csv
2022-04-19: processing raw log
2022-04-19: ephemeris read from disk
Saving to ascii.ecsv
2022-04-19: cached to disk
2022-04-20: raw log read from disk: ./ESO-2.2m/taps/P109/2022-04-20/tap-ESO-2.2m-P109-2022-04-20.csv
2022-04-20: processing raw log
2022-04-20: ephemeris read from disk
Saving to ascii.ecsv
2022-04-20: cached to disk
2022-04-21: raw log read from disk: ./ESO-2.2m/taps/P109/2022-04-21/tap-ESO-2.2m-P109-2022-04-21.csv
2022-04-21: processing raw log
2022-04-21: ephemeris read from disk
Saving to ascii.ecsv
2022-04-21: cached to disk
2022-04-22: raw log read from disk: ./ESO-2.2m/taps/P109/2022-04-22/tap-ESO-2.2m-P109-2022-04-22.csv
2022-04-22: processing raw log
2022-04-22: ephemeris read from disk
Saving to ascii.ecsv
2022-04-22: cached to disk
2022-04-23: raw log read from disk: ./ESO-2.2m/taps/P109/2022-04-23/tap-ESO-2.2m-P109-2022-04-23.csv
2022-04-23: processing raw log
2022-04-23: ephemeris read from disk
Saving to ascii.ecsv
2022-04-23: cached to disk
2022-04-24: raw log read from disk: ./ESO-2.2m/taps/P109/2022-04-24/tap-ESO-2.2m-P109-2022-04-24.csv
2022-04-24: processing raw log
2022-04-24: ephemeris read from disk
Saving to ascii.ecsv
2022-04-24: cached to disk
2022-04-25: raw log read from disk: ./ESO-2.2m/taps/P109/2022-04-25/tap-ESO-2.2m-P109-2022-04-25.csv
2022-04-25: processing raw log
2022-04-25: ephemeris read from disk
Saving to ascii.ecsv
2022-04-25: cached to disk
2022-04-26: raw log read from disk: ./ESO-2.2m/taps/P109/2022-04-26/tap-ESO-2.2m-P109-2022-04-26.csv
2022-04-26: processing raw log
2022-04-26: ephemeris read from disk
Saving to ascii.ecsv
2022-04-26: cached to disk
2022-04-27: raw log read from disk: ./ESO-2.2m/taps/P109/2022-04-27/tap-ESO-2.2m-P109-2022-04-27.csv
2022-04-27: processing raw log
2022-04-27: ephemeris read from disk
Saving to ascii.ecsv
2022-04-27: cached to disk
2022-04-28: raw log read from disk: ./ESO-2.2m/taps/P109/2022-04-28/tap-ESO-2.2m-P109-2022-04-28.csv
2022-04-28: processing raw log
2022-04-28: ephemeris read from disk
Saving to ascii.ecsv
2022-04-28: cached to disk
2022-04-29: raw log read from disk: ./ESO-2.2m/taps/P109/2022-04-29/tap-ESO-2.2m-P109-2022-04-29.csv
2022-04-29: processing raw log
2022-04-29: ephemeris read from disk
Saving to ascii.ecsv
2022-04-29: cached to disk
2022-04-30: raw log read from disk: ./ESO-2.2m/taps/P109/2022-04-30/tap-ESO-2.2m-P109-2022-04-30.csv
2022-04-30: processing raw log
2022-04-30: ephemeris read from disk
Saving to ascii.ecsv
2022-04-30: cached to disk
2022-05-01: raw log read from disk: ./ESO-2.2m/taps/P109/2022-05-01/tap-ESO-2.2m-P109-2022-05-01.csv
2022-05-01: processing raw log
2022-05-01: ephemeris read from disk
Saving to ascii.ecsv
2022-05-01: cached to disk
2022-05-02: raw log read from disk: ./ESO-2.2m/taps/P109/2022-05-02/tap-ESO-2.2m-P109-2022-05-02.csv
2022-05-02: processing raw log
2022-05-02: ephemeris read from disk
Saving to ascii.ecsv
2022-05-02: cached to disk
2022-05-03: raw log read from disk: ./ESO-2.2m/taps/P109/2022-05-03/tap-ESO-2.2m-P109-2022-05-03.csv
2022-05-03: processing raw log
2022-05-03: ephemeris read from disk
Saving to ascii.ecsv
2022-05-03: cached to disk
2022-05-04: raw log read from disk: ./ESO-2.2m/taps/P109/2022-05-04/tap-ESO-2.2m-P109-2022-05-04.csv
2022-05-04: processing raw log
2022-05-04: ephemeris read from disk
Saving to ascii.ecsv
2022-05-04: cached to disk
2022-05-05: raw log read from disk: ./ESO-2.2m/taps/P109/2022-05-05/tap-ESO-2.2m-P109-2022-05-05.csv
2022-05-05: processing raw log
2022-05-05: ephemeris read from disk
Saving to ascii.ecsv
2022-05-05: cached to disk
2022-05-06: raw log read from disk: ./ESO-2.2m/taps/P109/2022-05-06/tap-ESO-2.2m-P109-2022-05-06.csv
2022-05-06: processing raw log
2022-05-06: ephemeris read from disk
Saving to ascii.ecsv
2022-05-06: cached to disk
2022-05-07: raw log read from disk: ./ESO-2.2m/taps/P109/2022-05-07/tap-ESO-2.2m-P109-2022-05-07.csv
2022-05-07: processing raw log
2022-05-07: ephemeris read from disk
Saving to ascii.ecsv
2022-05-07: cached to disk
2022-05-08: raw log read from disk: ./ESO-2.2m/taps/P109/2022-05-08/tap-ESO-2.2m-P109-2022-05-08.csv
2022-05-08: processing raw log
2022-05-08: ephemeris read from disk
Saving to ascii.ecsv
2022-05-08: cached to disk
2022-05-09: raw log read from disk: ./ESO-2.2m/taps/P109/2022-05-09/tap-ESO-2.2m-P109-2022-05-09.csv
2022-05-09: processing raw log
2022-05-09: ephemeris read from disk
Saving to ascii.ecsv
2022-05-09: cached to disk
2022-05-10: raw log read from disk: ./ESO-2.2m/taps/P109/2022-05-10/tap-ESO-2.2m-P109-2022-05-10.csv
2022-05-10: processing raw log
2022-05-10: ephemeris read from disk
Saving to ascii.ecsv
2022-05-10: cached to disk
2022-05-11: raw log read from disk: ./ESO-2.2m/taps/P109/2022-05-11/tap-ESO-2.2m-P109-2022-05-11.csv
2022-05-11: processing raw log
2022-05-11: ephemeris read from disk
Saving to ascii.ecsv
2022-05-11: cached to disk
2022-05-12: raw log read from disk: ./ESO-2.2m/taps/P109/2022-05-12/tap-ESO-2.2m-P109-2022-05-12.csv
2022-05-12: processing raw log
2022-05-12: ephemeris read from disk
Saving to ascii.ecsv
2022-05-12: cached to disk
2022-05-13: raw log read from disk: ./ESO-2.2m/taps/P109/2022-05-13/tap-ESO-2.2m-P109-2022-05-13.csv
2022-05-13: processing raw log
2022-05-13: ephemeris read from disk
Saving to ascii.ecsv
2022-05-13: cached to disk
2022-05-14: raw log read from disk: ./ESO-2.2m/taps/P109/2022-05-14/tap-ESO-2.2m-P109-2022-05-14.csv
2022-05-14: processing raw log
2022-05-14: ephemeris read from disk
Saving to ascii.ecsv
2022-05-14: cached to disk
2022-05-15: raw log read from disk: ./ESO-2.2m/taps/P109/2022-05-15/tap-ESO-2.2m-P109-2022-05-15.csv
2022-05-15: processing raw log
2022-05-15: ephemeris read from disk
Saving to ascii.ecsv
2022-05-15: cached to disk
2022-05-16: raw log read from disk: ./ESO-2.2m/taps/P109/2022-05-16/tap-ESO-2.2m-P109-2022-05-16.csv
2022-05-16: processing raw log
2022-05-16: ephemeris read from disk
Saving to ascii.ecsv
2022-05-16: cached to disk
2022-05-17: raw log read from disk: ./ESO-2.2m/taps/P109/2022-05-17/tap-ESO-2.2m-P109-2022-05-17.csv
2022-05-17: processing raw log
2022-05-17: ephemeris read from disk
Saving to ascii.ecsv
2022-05-17: cached to disk
2022-05-18: raw log read from disk: ./ESO-2.2m/taps/P109/2022-05-18/tap-ESO-2.2m-P109-2022-05-18.csv
2022-05-18: processing raw log
2022-05-18: ephemeris read from disk
Saving to ascii.ecsv
2022-05-18: cached to disk
Saving to ascii.ecsv
Saving to ascii.ecsv
Saving to ascii.ecsv
Saving to ascii.ecsv
Saving to ascii.ecsv
Saving to ascii.ecsv
Saving to ascii.ecsv
Saving to ascii.ecsv
Saving to ascii.ecsv
Saving to ascii.ecsv
Saving to ascii.ecsv
Saving to ascii.ecsv
Saving to ascii.ecsv
Saving to ascii.ecsv
Saving to ascii.ecsv
Saving to ascii.ecsv
Saving to ascii.ecsv
Saving to ascii.ecsv
Saving to ascii.ecsv
Saving to ascii.ecsv
Saving to ascii.ecsv
Saving to ascii.ecsv
Saving to ascii.ecsv
Saving to ascii.ecsv
Saving to ascii.ecsv
Saving to ascii.ecsv
Saving to ascii.ecsv
Saving to ascii.ecsv
Saving to ascii.ecsv
Saving to ascii.ecsv
Saving to ascii.ecsv
Saving to ascii.ecsv
Saving to ascii.ecsv
Saving to ascii.ecsv
Saving to ascii.ecsv
Saving to ascii.ecsv
Saving to ascii.ecsv
Saving to ascii.ecsv
Saving to ascii.ecsv
Saving to ascii.ecsv
Saving to ascii.ecsv
Saving to ascii.ecsv
Saving to ascii.ecsv
Saving to ascii.ecsv
Saving to ascii.ecsv
Saving to ascii.ecsv
Saving to ascii.ecsv
Saving to ascii.ecsv
Saving to ascii.ecsv
period 109: cached to disk
publish: ./ESO-2.2m/logs/P109/index.shtml /data/www/twoptwo.com/ESO-2.2m/logs/P109/index.shtml
publish: ./ESO-2.2m/logs/P109/2022-04-01/index.shtml /data/www/twoptwo.com/ESO-2.2m/logs/P109/2022-04-01/index.shtml
publish: ./ESO-2.2m/logs/P109/2022-04-02/index.shtml /data/www/twoptwo.com/ESO-2.2m/logs/P109/2022-04-02/index.shtml
publish: ./ESO-2.2m/logs/P109/2022-04-03/index.shtml /data/www/twoptwo.com/ESO-2.2m/logs/P109/2022-04-03/index.shtml
publish: ./ESO-2.2m/logs/P109/2022-04-04/index.shtml /data/www/twoptwo.com/ESO-2.2m/logs/P109/2022-04-04/index.shtml
publish: ./ESO-2.2m/logs/P109/2022-04-05/index.shtml /data/www/twoptwo.com/ESO-2.2m/logs/P109/2022-04-05/index.shtml
publish: ./ESO-2.2m/logs/P109/2022-04-06/index.shtml /data/www/twoptwo.com/ESO-2.2m/logs/P109/2022-04-06/index.shtml
publish: ./ESO-2.2m/logs/P109/2022-04-07/index.shtml /data/www/twoptwo.com/ESO-2.2m/logs/P109/2022-04-07/index.shtml
publish: ./ESO-2.2m/logs/P109/2022-04-08/index.shtml /data/www/twoptwo.com/ESO-2.2m/logs/P109/2022-04-08/index.shtml
publish: ./ESO-2.2m/logs/P109/2022-04-09/index.shtml /data/www/twoptwo.com/ESO-2.2m/logs/P109/2022-04-09/index.shtml
publish: ./ESO-2.2m/logs/P109/2022-04-10/index.shtml /data/www/twoptwo.com/ESO-2.2m/logs/P109/2022-04-10/index.shtml
publish: ./ESO-2.2m/logs/P109/2022-04-11/index.shtml /data/www/twoptwo.com/ESO-2.2m/logs/P109/2022-04-11/index.shtml
publish: ./ESO-2.2m/logs/P109/2022-04-12/index.shtml /data/www/twoptwo.com/ESO-2.2m/logs/P109/2022-04-12/index.shtml
publish: ./ESO-2.2m/logs/P109/2022-04-13/index.shtml /data/www/twoptwo.com/ESO-2.2m/logs/P109/2022-04-13/index.shtml
publish: ./ESO-2.2m/logs/P109/2022-04-14/index.shtml /data/www/twoptwo.com/ESO-2.2m/logs/P109/2022-04-14/index.shtml
publish: ./ESO-2.2m/logs/P109/2022-04-15/index.shtml /data/www/twoptwo.com/ESO-2.2m/logs/P109/2022-04-15/index.shtml
publish: ./ESO-2.2m/logs/P109/2022-04-16/index.shtml /data/www/twoptwo.com/ESO-2.2m/logs/P109/2022-04-16/index.shtml
publish: ./ESO-2.2m/logs/P109/2022-04-17/index.shtml /data/www/twoptwo.com/ESO-2.2m/logs/P109/2022-04-17/index.shtml
publish: ./ESO-2.2m/logs/P109/2022-04-18/index.shtml /data/www/twoptwo.com/ESO-2.2m/logs/P109/2022-04-18/index.shtml
publish: ./ESO-2.2m/logs/P109/2022-04-19/index.shtml /data/www/twoptwo.com/ESO-2.2m/logs/P109/2022-04-19/index.shtml
publish: ./ESO-2.2m/logs/P109/2022-04-20/index.shtml /data/www/twoptwo.com/ESO-2.2m/logs/P109/2022-04-20/index.shtml
publish: ./ESO-2.2m/logs/P109/2022-04-21/index.shtml /data/www/twoptwo.com/ESO-2.2m/logs/P109/2022-04-21/index.shtml
publish: ./ESO-2.2m/logs/P109/2022-04-22/index.shtml /data/www/twoptwo.com/ESO-2.2m/logs/P109/2022-04-22/index.shtml
publish: ./ESO-2.2m/logs/P109/2022-04-23/index.shtml /data/www/twoptwo.com/ESO-2.2m/logs/P109/2022-04-23/index.shtml
publish: ./ESO-2.2m/logs/P109/2022-04-24/index.shtml /data/www/twoptwo.com/ESO-2.2m/logs/P109/2022-04-24/index.shtml
publish: ./ESO-2.2m/logs/P109/2022-04-25/index.shtml /data/www/twoptwo.com/ESO-2.2m/logs/P109/2022-04-25/index.shtml
publish: ./ESO-2.2m/logs/P109/2022-04-26/index.shtml /data/www/twoptwo.com/ESO-2.2m/logs/P109/2022-04-26/index.shtml
publish: ./ESO-2.2m/logs/P109/2022-04-27/index.shtml /data/www/twoptwo.com/ESO-2.2m/logs/P109/2022-04-27/index.shtml
publish: ./ESO-2.2m/logs/P109/2022-04-28/index.shtml /data/www/twoptwo.com/ESO-2.2m/logs/P109/2022-04-28/index.shtml
publish: ./ESO-2.2m/logs/P109/2022-04-29/index.shtml /data/www/twoptwo.com/ESO-2.2m/logs/P109/2022-04-29/index.shtml
publish: ./ESO-2.2m/logs/P109/2022-04-30/index.shtml /data/www/twoptwo.com/ESO-2.2m/logs/P109/2022-04-30/index.shtml
publish: ./ESO-2.2m/logs/P109/2022-05-01/index.shtml /data/www/twoptwo.com/ESO-2.2m/logs/P109/2022-05-01/index.shtml
publish: ./ESO-2.2m/logs/P109/2022-05-02/index.shtml /data/www/twoptwo.com/ESO-2.2m/logs/P109/2022-05-02/index.shtml
publish: ./ESO-2.2m/logs/P109/2022-05-03/index.shtml /data/www/twoptwo.com/ESO-2.2m/logs/P109/2022-05-03/index.shtml
publish: ./ESO-2.2m/logs/P109/2022-05-04/index.shtml /data/www/twoptwo.com/ESO-2.2m/logs/P109/2022-05-04/index.shtml
publish: ./ESO-2.2m/logs/P109/2022-05-05/index.shtml /data/www/twoptwo.com/ESO-2.2m/logs/P109/2022-05-05/index.shtml
publish: ./ESO-2.2m/logs/P109/2022-05-06/index.shtml /data/www/twoptwo.com/ESO-2.2m/logs/P109/2022-05-06/index.shtml
publish: ./ESO-2.2m/logs/P109/2022-05-07/index.shtml /data/www/twoptwo.com/ESO-2.2m/logs/P109/2022-05-07/index.shtml
publish: ./ESO-2.2m/logs/P109/2022-05-08/index.shtml /data/www/twoptwo.com/ESO-2.2m/logs/P109/2022-05-08/index.shtml
publish: ./ESO-2.2m/logs/P109/2022-05-09/index.shtml /data/www/twoptwo.com/ESO-2.2m/logs/P109/2022-05-09/index.shtml
publish: ./ESO-2.2m/logs/P109/2022-05-10/index.shtml /data/www/twoptwo.com/ESO-2.2m/logs/P109/2022-05-10/index.shtml
publish: ./ESO-2.2m/logs/P109/2022-05-11/index.shtml /data/www/twoptwo.com/ESO-2.2m/logs/P109/2022-05-11/index.shtml
publish: ./ESO-2.2m/logs/P109/2022-05-12/index.shtml /data/www/twoptwo.com/ESO-2.2m/logs/P109/2022-05-12/index.shtml
publish: ./ESO-2.2m/logs/P109/2022-05-13/index.shtml /data/www/twoptwo.com/ESO-2.2m/logs/P109/2022-05-13/index.shtml
publish: ./ESO-2.2m/logs/P109/2022-05-14/index.shtml /data/www/twoptwo.com/ESO-2.2m/logs/P109/2022-05-14/index.shtml
publish: ./ESO-2.2m/logs/P109/2022-05-15/index.shtml /data/www/twoptwo.com/ESO-2.2m/logs/P109/2022-05-15/index.shtml
publish: ./ESO-2.2m/logs/P109/2022-05-16/index.shtml /data/www/twoptwo.com/ESO-2.2m/logs/P109/2022-05-16/index.shtml
publish: ./ESO-2.2m/logs/P109/2022-05-17/index.shtml /data/www/twoptwo.com/ESO-2.2m/logs/P109/2022-05-17/index.shtml
publish: ./ESO-2.2m/logs/P109/2022-05-18/index.shtml /data/www/twoptwo.com/ESO-2.2m/logs/P109/2022-05-18/index.shtml
publish: ./ESO-2.2m/targets/P109/index.shtml /data/www/twoptwo.com/ESO-2.2m/targets/P109/index.shtml
publish: ./ESO-2.2m/reports/P109/index.shtml /data/www/twoptwo.com/ESO-2.2m/reports/P109/index.shtml
