
daily.sh at 2022-07-07T16:00:01-04:00
-------------------------------------

github pull in /home/lachaume/git/autolog

github pull in /data/www/twoptwo.com

executing periodlog.py in /home/lachaume/git/autolog/scripts

daily.sh at 2022-07-07T16:01:01-04:00
-------------------------------------

github pull in /home/lachaume/git/autolog
2022-04-01: fetching raw log from ESO TAP service

            SELECT period, object, target, ra, dec, dp_id, telescope, instrument, prog_id, pi_coi, dp_cat, dp_tech, dp_type, exposure, det_dit, det_ndit, filter_path, ob_name, ob_id, tel_airm_start, tel_airm_end, tel_ambi_fwhm_start, tel_ambi_fwhm_end, tpl_seqno, tpl_start, tpl_expno, exp_start
            FROM dbo.raw
            WHERE 
                    exp_start BETWEEN '2022-04-01T16:42:55' AND '2022-04-02T16:42:55'
                AND telescope in ('ESO-2.2m', 'ESO/2.2m', '2.2m', 'MPI-2.2', 'MPG-2.2', 'MPG/ESO-2.2', 'MPG/ESO-220')
            ORDER BY exp_start ASC
        

git add * in /home/lachaume/git/autolog
git commit
[master 367fdf8] automatic update of 2022-07-07
 4 files changed, 171 insertions(+)
 create mode 100644 scripts/logs/2022-07-07.err
 create mode 100644 scripts/logs/2022-07-07.log
git push

github pull in /data/www/twoptwo.com

sync /data/www/twoptwo.com to live website http://www.astro.puc.cl/2.2m

executing periodlog.py in /home/lachaume/git/autolog/scripts
ssh: Could not resolve hostname black.astro.puc.cl: Temporary failure in name resolution
rsync: connection unexpectedly closed (0 bytes received so far) [sender]
rsync error: unexplained error (code 255) at io.c(228) [sender=3.2.3]

git add * in /data/www/twoptwo.com
git commit
On branch main
Your branch is up to date with 'origin/main'.

nothing to commit, working tree clean

daily.sh at 2022-07-07T16:02:01-04:00
-------------------------------------

github pull in /home/lachaume/git/autolog

github pull in /data/www/twoptwo.com

executing periodlog.py in /home/lachaume/git/autolog/scripts

daily.sh at 2022-07-07T16:03:01-04:00
-------------------------------------

github pull in /home/lachaume/git/autolog
2022-04-01: fetching raw log from ESO TAP service

            SELECT period, object, target, ra, dec, dp_id, telescope, instrument, prog_id, pi_coi, dp_cat, dp_tech, dp_type, exposure, det_dit, det_ndit, filter_path, ob_name, ob_id, tel_airm_start, tel_airm_end, tel_ambi_fwhm_start, tel_ambi_fwhm_end, tpl_seqno, tpl_start, tpl_expno, exp_start
            FROM dbo.raw
            WHERE 
                    exp_start BETWEEN '2022-04-01T16:42:55' AND '2022-04-02T16:42:55'
                AND telescope in ('ESO-2.2m', 'ESO/2.2m', '2.2m', 'MPI-2.2', 'MPG-2.2', 'MPG/ESO-2.2', 'MPG/ESO-220')
            ORDER BY exp_start ASC
        

git add * in /home/lachaume/git/autolog
