
daily.sh at 2022-05-27T11:26:54-04:00
-------------------------------------

github pull in /home/lachaume/git/autolog

github pull in /data/www/twoptwo.com

executing periodlog.py in /home/lachaume/git/autolog/scripts
Traceback (most recent call last):
  File "/home/lachaume/git/autolog/scripts/./periodlog.py", line 7, in <module>
    from autolog.eso.nightlog import *
  File "/home/lachaume/git/autolog/scripts/../autolog/eso/nightlog.py", line 5, in <module>
    from ..utils.ephemeris import night_ephemeris 
  File "/home/lachaume/git/autolog/scripts/../autolog/utils/ephemeris.py", line 9, in <module>
    from astroplan import Observer, AstroplanWarning
  File "/usr/local/lib/python3.9/dist-packages/astroplan/__init__.py", line 24, in <module>
    from .observer import *
  File "/usr/local/lib/python3.9/dist-packages/astroplan/observer.py", line 18, in <module>
    import pytz
ModuleNotFoundError: No module named 'pytz'

git add * in /home/lachaume/git/autolog
git commit
git push
To github.com:loqueelvientoajuarez/obslog.git
   74e4f53..cbff8b0  master -> master


git add * in /data/www/twoptwo.com
git commit
Everything up-to-date

