
daily.sh at 2022-10-30T16:00:01-03:00
-------------------------------------

github pull in /home/lachaume/git/autolog

github pull in /data/www/twoptwo.com
Already up to date.

executing periodlog.py in /home/lachaume/git/autolog/scripts
2022-10-01: fetching raw log from ESO TAP service

            SELECT period, object, target, ra, dec, dp_id, telescope, instrument, prog_id, pi_coi, dp_cat, dp_tech, dp_type, exposure, det_dit, det_ndit, filter_path, ob_name, ob_id, tel_airm_start, tel_airm_end, tel_ambi_fwhm_start, tel_ambi_fwhm_end, tpl_seqno, tpl_start, tpl_expno, exp_start
            FROM dbo.raw
            WHERE 
                    exp_start BETWEEN '2022-10-01T16:42:55' AND '2022-10-02T16:42:55'
                AND telescope in ('ESO-2.2m', 'ESO/2.2m', '2.2m', 'MPI-2.2', 'MPG-2.2', 'MPG/ESO-2.2', 'MPG/ESO-220')
            ORDER BY exp_start ASC
        
Saving to ascii.ecsv
Cached to ./ESO-2.2m/taps/P110/2022-10-01/tap-ESO-2.2m-P110-2022-10-01.csv
2022-10-01: processing raw log
2022-10-01: ephemeris read from disk
Saving to ascii.ecsv
2022-10-01: cached to disk
2022-10-02: fetching raw log from ESO TAP service

            SELECT period, object, target, ra, dec, dp_id, telescope, instrument, prog_id, pi_coi, dp_cat, dp_tech, dp_type, exposure, det_dit, det_ndit, filter_path, ob_name, ob_id, tel_airm_start, tel_airm_end, tel_ambi_fwhm_start, tel_ambi_fwhm_end, tpl_seqno, tpl_start, tpl_expno, exp_start
            FROM dbo.raw
            WHERE 
                    exp_start BETWEEN '2022-10-02T16:42:55' AND '2022-10-03T16:42:55'
                AND telescope in ('ESO-2.2m', 'ESO/2.2m', '2.2m', 'MPI-2.2', 'MPG-2.2', 'MPG/ESO-2.2', 'MPG/ESO-220')
            ORDER BY exp_start ASC
        
Saving to ascii.ecsv
Cached to ./ESO-2.2m/taps/P110/2022-10-02/tap-ESO-2.2m-P110-2022-10-02.csv
2022-10-02: processing raw log
2022-10-02: ephemeris read from disk
Saving to ascii.ecsv
2022-10-02: cached to disk
2022-10-03: fetching raw log from ESO TAP service

            SELECT period, object, target, ra, dec, dp_id, telescope, instrument, prog_id, pi_coi, dp_cat, dp_tech, dp_type, exposure, det_dit, det_ndit, filter_path, ob_name, ob_id, tel_airm_start, tel_airm_end, tel_ambi_fwhm_start, tel_ambi_fwhm_end, tpl_seqno, tpl_start, tpl_expno, exp_start
            FROM dbo.raw
            WHERE 
                    exp_start BETWEEN '2022-10-03T16:42:55' AND '2022-10-04T16:42:55'
                AND telescope in ('ESO-2.2m', 'ESO/2.2m', '2.2m', 'MPI-2.2', 'MPG-2.2', 'MPG/ESO-2.2', 'MPG/ESO-220')
            ORDER BY exp_start ASC
        
Saving to ascii.ecsv
Cached to ./ESO-2.2m/taps/P110/2022-10-03/tap-ESO-2.2m-P110-2022-10-03.csv
2022-10-03: processing raw log
2022-10-03: ephemeris read from disk
Saving to ascii.ecsv
2022-10-03: cached to disk
2022-10-04: fetching raw log from ESO TAP service

            SELECT period, object, target, ra, dec, dp_id, telescope, instrument, prog_id, pi_coi, dp_cat, dp_tech, dp_type, exposure, det_dit, det_ndit, filter_path, ob_name, ob_id, tel_airm_start, tel_airm_end, tel_ambi_fwhm_start, tel_ambi_fwhm_end, tpl_seqno, tpl_start, tpl_expno, exp_start
            FROM dbo.raw
            WHERE 
                    exp_start BETWEEN '2022-10-04T16:42:55' AND '2022-10-05T16:42:55'
                AND telescope in ('ESO-2.2m', 'ESO/2.2m', '2.2m', 'MPI-2.2', 'MPG-2.2', 'MPG/ESO-2.2', 'MPG/ESO-220')
            ORDER BY exp_start ASC
        
Saving to ascii.ecsv
Cached to ./ESO-2.2m/taps/P110/2022-10-04/tap-ESO-2.2m-P110-2022-10-04.csv
2022-10-04: processing raw log
2022-10-04: ephemeris read from disk
Saving to ascii.ecsv
2022-10-04: cached to disk
2022-10-05: fetching raw log from ESO TAP service

            SELECT period, object, target, ra, dec, dp_id, telescope, instrument, prog_id, pi_coi, dp_cat, dp_tech, dp_type, exposure, det_dit, det_ndit, filter_path, ob_name, ob_id, tel_airm_start, tel_airm_end, tel_ambi_fwhm_start, tel_ambi_fwhm_end, tpl_seqno, tpl_start, tpl_expno, exp_start
            FROM dbo.raw
            WHERE 
                    exp_start BETWEEN '2022-10-05T16:42:55' AND '2022-10-06T16:42:55'
                AND telescope in ('ESO-2.2m', 'ESO/2.2m', '2.2m', 'MPI-2.2', 'MPG-2.2', 'MPG/ESO-2.2', 'MPG/ESO-220')
            ORDER BY exp_start ASC
        
Saving to ascii.ecsv
Cached to ./ESO-2.2m/taps/P110/2022-10-05/tap-ESO-2.2m-P110-2022-10-05.csv
2022-10-05: processing raw log
2022-10-05: ephemeris read from disk
Saving to ascii.ecsv
2022-10-05: cached to disk
2022-10-06: fetching raw log from ESO TAP service

            SELECT period, object, target, ra, dec, dp_id, telescope, instrument, prog_id, pi_coi, dp_cat, dp_tech, dp_type, exposure, det_dit, det_ndit, filter_path, ob_name, ob_id, tel_airm_start, tel_airm_end, tel_ambi_fwhm_start, tel_ambi_fwhm_end, tpl_seqno, tpl_start, tpl_expno, exp_start
            FROM dbo.raw
            WHERE 
                    exp_start BETWEEN '2022-10-06T16:42:55' AND '2022-10-07T16:42:55'
                AND telescope in ('ESO-2.2m', 'ESO/2.2m', '2.2m', 'MPI-2.2', 'MPG-2.2', 'MPG/ESO-2.2', 'MPG/ESO-220')
            ORDER BY exp_start ASC
        
Saving to ascii.ecsv
Cached to ./ESO-2.2m/taps/P110/2022-10-06/tap-ESO-2.2m-P110-2022-10-06.csv
2022-10-06: processing raw log
2022-10-06: ephemeris read from disk
Saving to ascii.ecsv
2022-10-06: cached to disk
2022-10-07: fetching raw log from ESO TAP service

            SELECT period, object, target, ra, dec, dp_id, telescope, instrument, prog_id, pi_coi, dp_cat, dp_tech, dp_type, exposure, det_dit, det_ndit, filter_path, ob_name, ob_id, tel_airm_start, tel_airm_end, tel_ambi_fwhm_start, tel_ambi_fwhm_end, tpl_seqno, tpl_start, tpl_expno, exp_start
            FROM dbo.raw
            WHERE 
                    exp_start BETWEEN '2022-10-07T16:42:55' AND '2022-10-08T16:42:55'
                AND telescope in ('ESO-2.2m', 'ESO/2.2m', '2.2m', 'MPI-2.2', 'MPG-2.2', 'MPG/ESO-2.2', 'MPG/ESO-220')
            ORDER BY exp_start ASC
        
Saving to ascii.ecsv
Cached to ./ESO-2.2m/taps/P110/2022-10-07/tap-ESO-2.2m-P110-2022-10-07.csv
2022-10-07: processing raw log
2022-10-07: ephemeris read from disk
Saving to ascii.ecsv
2022-10-07: cached to disk
2022-10-08: fetching raw log from ESO TAP service

            SELECT period, object, target, ra, dec, dp_id, telescope, instrument, prog_id, pi_coi, dp_cat, dp_tech, dp_type, exposure, det_dit, det_ndit, filter_path, ob_name, ob_id, tel_airm_start, tel_airm_end, tel_ambi_fwhm_start, tel_ambi_fwhm_end, tpl_seqno, tpl_start, tpl_expno, exp_start
            FROM dbo.raw
            WHERE 
                    exp_start BETWEEN '2022-10-08T16:42:55' AND '2022-10-09T16:42:55'
                AND telescope in ('ESO-2.2m', 'ESO/2.2m', '2.2m', 'MPI-2.2', 'MPG-2.2', 'MPG/ESO-2.2', 'MPG/ESO-220')
            ORDER BY exp_start ASC
        
Saving to ascii.ecsv
Cached to ./ESO-2.2m/taps/P110/2022-10-08/tap-ESO-2.2m-P110-2022-10-08.csv
2022-10-08: processing raw log
2022-10-08: ephemeris read from disk
Saving to ascii.ecsv
2022-10-08: cached to disk
2022-10-09: fetching raw log from ESO TAP service

            SELECT period, object, target, ra, dec, dp_id, telescope, instrument, prog_id, pi_coi, dp_cat, dp_tech, dp_type, exposure, det_dit, det_ndit, filter_path, ob_name, ob_id, tel_airm_start, tel_airm_end, tel_ambi_fwhm_start, tel_ambi_fwhm_end, tpl_seqno, tpl_start, tpl_expno, exp_start
            FROM dbo.raw
            WHERE 
                    exp_start BETWEEN '2022-10-09T16:42:55' AND '2022-10-10T16:42:55'
                AND telescope in ('ESO-2.2m', 'ESO/2.2m', '2.2m', 'MPI-2.2', 'MPG-2.2', 'MPG/ESO-2.2', 'MPG/ESO-220')
            ORDER BY exp_start ASC
        
Saving to ascii.ecsv
Cached to ./ESO-2.2m/taps/P110/2022-10-09/tap-ESO-2.2m-P110-2022-10-09.csv
2022-10-09: processing raw log
2022-10-09: ephemeris read from disk
Saving to ascii.ecsv
2022-10-09: cached to disk
2022-10-10: fetching raw log from ESO TAP service

            SELECT period, object, target, ra, dec, dp_id, telescope, instrument, prog_id, pi_coi, dp_cat, dp_tech, dp_type, exposure, det_dit, det_ndit, filter_path, ob_name, ob_id, tel_airm_start, tel_airm_end, tel_ambi_fwhm_start, tel_ambi_fwhm_end, tpl_seqno, tpl_start, tpl_expno, exp_start
            FROM dbo.raw
            WHERE 
                    exp_start BETWEEN '2022-10-10T16:42:55' AND '2022-10-11T16:42:55'
                AND telescope in ('ESO-2.2m', 'ESO/2.2m', '2.2m', 'MPI-2.2', 'MPG-2.2', 'MPG/ESO-2.2', 'MPG/ESO-220')
            ORDER BY exp_start ASC
        
Saving to ascii.ecsv
Cached to ./ESO-2.2m/taps/P110/2022-10-10/tap-ESO-2.2m-P110-2022-10-10.csv
2022-10-10: processing raw log
2022-10-10: ephemeris read from disk
Saving to ascii.ecsv
2022-10-10: cached to disk
2022-10-11: fetching raw log from ESO TAP service

            SELECT period, object, target, ra, dec, dp_id, telescope, instrument, prog_id, pi_coi, dp_cat, dp_tech, dp_type, exposure, det_dit, det_ndit, filter_path, ob_name, ob_id, tel_airm_start, tel_airm_end, tel_ambi_fwhm_start, tel_ambi_fwhm_end, tpl_seqno, tpl_start, tpl_expno, exp_start
            FROM dbo.raw
            WHERE 
                    exp_start BETWEEN '2022-10-11T16:42:55' AND '2022-10-12T16:42:55'
                AND telescope in ('ESO-2.2m', 'ESO/2.2m', '2.2m', 'MPI-2.2', 'MPG-2.2', 'MPG/ESO-2.2', 'MPG/ESO-220')
            ORDER BY exp_start ASC
        
Saving to ascii.ecsv
Cached to ./ESO-2.2m/taps/P110/2022-10-11/tap-ESO-2.2m-P110-2022-10-11.csv
2022-10-11: processing raw log
2022-10-11: ephemeris read from disk
Saving to ascii.ecsv
2022-10-11: cached to disk
2022-10-12: fetching raw log from ESO TAP service

            SELECT period, object, target, ra, dec, dp_id, telescope, instrument, prog_id, pi_coi, dp_cat, dp_tech, dp_type, exposure, det_dit, det_ndit, filter_path, ob_name, ob_id, tel_airm_start, tel_airm_end, tel_ambi_fwhm_start, tel_ambi_fwhm_end, tpl_seqno, tpl_start, tpl_expno, exp_start
            FROM dbo.raw
            WHERE 
                    exp_start BETWEEN '2022-10-12T16:42:55' AND '2022-10-13T16:42:55'
                AND telescope in ('ESO-2.2m', 'ESO/2.2m', '2.2m', 'MPI-2.2', 'MPG-2.2', 'MPG/ESO-2.2', 'MPG/ESO-220')
            ORDER BY exp_start ASC
        
Saving to ascii.ecsv
Cached to ./ESO-2.2m/taps/P110/2022-10-12/tap-ESO-2.2m-P110-2022-10-12.csv
2022-10-12: processing raw log
2022-10-12: ephemeris read from disk
Saving to ascii.ecsv
2022-10-12: cached to disk
2022-10-13: fetching raw log from ESO TAP service

            SELECT period, object, target, ra, dec, dp_id, telescope, instrument, prog_id, pi_coi, dp_cat, dp_tech, dp_type, exposure, det_dit, det_ndit, filter_path, ob_name, ob_id, tel_airm_start, tel_airm_end, tel_ambi_fwhm_start, tel_ambi_fwhm_end, tpl_seqno, tpl_start, tpl_expno, exp_start
            FROM dbo.raw
            WHERE 
                    exp_start BETWEEN '2022-10-13T16:42:55' AND '2022-10-14T16:42:55'
                AND telescope in ('ESO-2.2m', 'ESO/2.2m', '2.2m', 'MPI-2.2', 'MPG-2.2', 'MPG/ESO-2.2', 'MPG/ESO-220')
            ORDER BY exp_start ASC
        
Saving to ascii.ecsv
Cached to ./ESO-2.2m/taps/P110/2022-10-13/tap-ESO-2.2m-P110-2022-10-13.csv
2022-10-13: processing raw log
2022-10-13: ephemeris read from disk
Saving to ascii.ecsv
2022-10-13: cached to disk
2022-10-14: fetching raw log from ESO TAP service

            SELECT period, object, target, ra, dec, dp_id, telescope, instrument, prog_id, pi_coi, dp_cat, dp_tech, dp_type, exposure, det_dit, det_ndit, filter_path, ob_name, ob_id, tel_airm_start, tel_airm_end, tel_ambi_fwhm_start, tel_ambi_fwhm_end, tpl_seqno, tpl_start, tpl_expno, exp_start
            FROM dbo.raw
            WHERE 
                    exp_start BETWEEN '2022-10-14T16:42:55' AND '2022-10-15T16:42:55'
                AND telescope in ('ESO-2.2m', 'ESO/2.2m', '2.2m', 'MPI-2.2', 'MPG-2.2', 'MPG/ESO-2.2', 'MPG/ESO-220')
            ORDER BY exp_start ASC
        
Saving to ascii.ecsv
Cached to ./ESO-2.2m/taps/P110/2022-10-14/tap-ESO-2.2m-P110-2022-10-14.csv
2022-10-14: processing raw log
2022-10-14: ephemeris read from disk
Saving to ascii.ecsv
2022-10-14: cached to disk
2022-10-15: fetching raw log from ESO TAP service

            SELECT period, object, target, ra, dec, dp_id, telescope, instrument, prog_id, pi_coi, dp_cat, dp_tech, dp_type, exposure, det_dit, det_ndit, filter_path, ob_name, ob_id, tel_airm_start, tel_airm_end, tel_ambi_fwhm_start, tel_ambi_fwhm_end, tpl_seqno, tpl_start, tpl_expno, exp_start
            FROM dbo.raw
            WHERE 
                    exp_start BETWEEN '2022-10-15T16:42:55' AND '2022-10-16T16:42:55'
                AND telescope in ('ESO-2.2m', 'ESO/2.2m', '2.2m', 'MPI-2.2', 'MPG-2.2', 'MPG/ESO-2.2', 'MPG/ESO-220')
            ORDER BY exp_start ASC
        
Saving to ascii.ecsv
Cached to ./ESO-2.2m/taps/P110/2022-10-15/tap-ESO-2.2m-P110-2022-10-15.csv
2022-10-15: processing raw log
2022-10-15: ephemeris read from disk
Saving to ascii.ecsv
2022-10-15: cached to disk
2022-10-16: fetching raw log from ESO TAP service

            SELECT period, object, target, ra, dec, dp_id, telescope, instrument, prog_id, pi_coi, dp_cat, dp_tech, dp_type, exposure, det_dit, det_ndit, filter_path, ob_name, ob_id, tel_airm_start, tel_airm_end, tel_ambi_fwhm_start, tel_ambi_fwhm_end, tpl_seqno, tpl_start, tpl_expno, exp_start
            FROM dbo.raw
            WHERE 
                    exp_start BETWEEN '2022-10-16T16:42:55' AND '2022-10-17T16:42:55'
                AND telescope in ('ESO-2.2m', 'ESO/2.2m', '2.2m', 'MPI-2.2', 'MPG-2.2', 'MPG/ESO-2.2', 'MPG/ESO-220')
            ORDER BY exp_start ASC
        
Saving to ascii.ecsv
Cached to ./ESO-2.2m/taps/P110/2022-10-16/tap-ESO-2.2m-P110-2022-10-16.csv
2022-10-16: processing raw log
2022-10-16: ephemeris read from disk
Saving to ascii.ecsv
2022-10-16: cached to disk
2022-10-17: fetching raw log from ESO TAP service

            SELECT period, object, target, ra, dec, dp_id, telescope, instrument, prog_id, pi_coi, dp_cat, dp_tech, dp_type, exposure, det_dit, det_ndit, filter_path, ob_name, ob_id, tel_airm_start, tel_airm_end, tel_ambi_fwhm_start, tel_ambi_fwhm_end, tpl_seqno, tpl_start, tpl_expno, exp_start
            FROM dbo.raw
            WHERE 
                    exp_start BETWEEN '2022-10-17T16:42:55' AND '2022-10-18T16:42:55'
                AND telescope in ('ESO-2.2m', 'ESO/2.2m', '2.2m', 'MPI-2.2', 'MPG-2.2', 'MPG/ESO-2.2', 'MPG/ESO-220')
            ORDER BY exp_start ASC
        
Saving to ascii.ecsv
Cached to ./ESO-2.2m/taps/P110/2022-10-17/tap-ESO-2.2m-P110-2022-10-17.csv
2022-10-17: processing raw log
2022-10-17: ephemeris read from disk
Saving to ascii.ecsv
2022-10-17: cached to disk
2022-10-18: fetching raw log from ESO TAP service

            SELECT period, object, target, ra, dec, dp_id, telescope, instrument, prog_id, pi_coi, dp_cat, dp_tech, dp_type, exposure, det_dit, det_ndit, filter_path, ob_name, ob_id, tel_airm_start, tel_airm_end, tel_ambi_fwhm_start, tel_ambi_fwhm_end, tpl_seqno, tpl_start, tpl_expno, exp_start
            FROM dbo.raw
            WHERE 
                    exp_start BETWEEN '2022-10-18T16:42:55' AND '2022-10-19T16:42:55'
                AND telescope in ('ESO-2.2m', 'ESO/2.2m', '2.2m', 'MPI-2.2', 'MPG-2.2', 'MPG/ESO-2.2', 'MPG/ESO-220')
            ORDER BY exp_start ASC
        
Saving to ascii.ecsv
Cached to ./ESO-2.2m/taps/P110/2022-10-18/tap-ESO-2.2m-P110-2022-10-18.csv
2022-10-18: processing raw log
2022-10-18: ephemeris read from disk
Saving to ascii.ecsv
2022-10-18: cached to disk
2022-10-19: fetching raw log from ESO TAP service

daily.sh at 2022-10-30T16:01:01-03:00
-------------------------------------

github pull in /home/lachaume/git/autolog

github pull in /data/www/twoptwo.com
Already up to date.

executing periodlog.py in /home/lachaume/git/autolog/scripts
2022-10-01: fetching raw log from ESO TAP service

            SELECT period, object, target, ra, dec, dp_id, telescope, instrument, prog_id, pi_coi, dp_cat, dp_tech, dp_type, exposure, det_dit, det_ndit, filter_path, ob_name, ob_id, tel_airm_start, tel_airm_end, tel_ambi_fwhm_start, tel_ambi_fwhm_end, tpl_seqno, tpl_start, tpl_expno, exp_start
            FROM dbo.raw
            WHERE 
                    exp_start BETWEEN '2022-10-01T16:42:55' AND '2022-10-02T16:42:55'
                AND telescope in ('ESO-2.2m', 'ESO/2.2m', '2.2m', 'MPI-2.2', 'MPG-2.2', 'MPG/ESO-2.2', 'MPG/ESO-220')
            ORDER BY exp_start ASC
        
Saving to ascii.ecsv
Cached to ./ESO-2.2m/taps/P110/2022-10-01/tap-ESO-2.2m-P110-2022-10-01.csv
2022-10-01: processing raw log
2022-10-01: ephemeris read from disk
Saving to ascii.ecsv
2022-10-01: cached to disk
2022-10-02: fetching raw log from ESO TAP service

            SELECT period, object, target, ra, dec, dp_id, telescope, instrument, prog_id, pi_coi, dp_cat, dp_tech, dp_type, exposure, det_dit, det_ndit, filter_path, ob_name, ob_id, tel_airm_start, tel_airm_end, tel_ambi_fwhm_start, tel_ambi_fwhm_end, tpl_seqno, tpl_start, tpl_expno, exp_start
            FROM dbo.raw
            WHERE 
                    exp_start BETWEEN '2022-10-02T16:42:55' AND '2022-10-03T16:42:55'
                AND telescope in ('ESO-2.2m', 'ESO/2.2m', '2.2m', 'MPI-2.2', 'MPG-2.2', 'MPG/ESO-2.2', 'MPG/ESO-220')
            ORDER BY exp_start ASC
        
Saving to ascii.ecsv
Cached to ./ESO-2.2m/taps/P110/2022-10-02/tap-ESO-2.2m-P110-2022-10-02.csv
2022-10-02: processing raw log
2022-10-02: ephemeris read from disk
Saving to ascii.ecsv
2022-10-02: cached to disk
2022-10-03: fetching raw log from ESO TAP service

            SELECT period, object, target, ra, dec, dp_id, telescope, instrument, prog_id, pi_coi, dp_cat, dp_tech, dp_type, exposure, det_dit, det_ndit, filter_path, ob_name, ob_id, tel_airm_start, tel_airm_end, tel_ambi_fwhm_start, tel_ambi_fwhm_end, tpl_seqno, tpl_start, tpl_expno, exp_start
            FROM dbo.raw
            WHERE 
                    exp_start BETWEEN '2022-10-03T16:42:55' AND '2022-10-04T16:42:55'
                AND telescope in ('ESO-2.2m', 'ESO/2.2m', '2.2m', 'MPI-2.2', 'MPG-2.2', 'MPG/ESO-2.2', 'MPG/ESO-220')
            ORDER BY exp_start ASC
        
Saving to ascii.ecsv
Cached to ./ESO-2.2m/taps/P110/2022-10-03/tap-ESO-2.2m-P110-2022-10-03.csv
2022-10-03: processing raw log
2022-10-03: ephemeris read from disk
Saving to ascii.ecsv
2022-10-03: cached to disk
2022-10-04: fetching raw log from ESO TAP service

            SELECT period, object, target, ra, dec, dp_id, telescope, instrument, prog_id, pi_coi, dp_cat, dp_tech, dp_type, exposure, det_dit, det_ndit, filter_path, ob_name, ob_id, tel_airm_start, tel_airm_end, tel_ambi_fwhm_start, tel_ambi_fwhm_end, tpl_seqno, tpl_start, tpl_expno, exp_start
            FROM dbo.raw
            WHERE 
                    exp_start BETWEEN '2022-10-04T16:42:55' AND '2022-10-05T16:42:55'
                AND telescope in ('ESO-2.2m', 'ESO/2.2m', '2.2m', 'MPI-2.2', 'MPG-2.2', 'MPG/ESO-2.2', 'MPG/ESO-220')
            ORDER BY exp_start ASC
        
Saving to ascii.ecsv
Cached to ./ESO-2.2m/taps/P110/2022-10-04/tap-ESO-2.2m-P110-2022-10-04.csv
2022-10-04: processing raw log
2022-10-04: ephemeris read from disk
Saving to ascii.ecsv
2022-10-04: cached to disk
2022-10-05: fetching raw log from ESO TAP service

            SELECT period, object, target, ra, dec, dp_id, telescope, instrument, prog_id, pi_coi, dp_cat, dp_tech, dp_type, exposure, det_dit, det_ndit, filter_path, ob_name, ob_id, tel_airm_start, tel_airm_end, tel_ambi_fwhm_start, tel_ambi_fwhm_end, tpl_seqno, tpl_start, tpl_expno, exp_start
            FROM dbo.raw
            WHERE 
                    exp_start BETWEEN '2022-10-05T16:42:55' AND '2022-10-06T16:42:55'
                AND telescope in ('ESO-2.2m', 'ESO/2.2m', '2.2m', 'MPI-2.2', 'MPG-2.2', 'MPG/ESO-2.2', 'MPG/ESO-220')
            ORDER BY exp_start ASC
        
Saving to ascii.ecsv
Cached to ./ESO-2.2m/taps/P110/2022-10-05/tap-ESO-2.2m-P110-2022-10-05.csv
2022-10-05: processing raw log
2022-10-05: ephemeris read from disk
Saving to ascii.ecsv
2022-10-05: cached to disk
2022-10-06: fetching raw log from ESO TAP service

            SELECT period, object, target, ra, dec, dp_id, telescope, instrument, prog_id, pi_coi, dp_cat, dp_tech, dp_type, exposure, det_dit, det_ndit, filter_path, ob_name, ob_id, tel_airm_start, tel_airm_end, tel_ambi_fwhm_start, tel_ambi_fwhm_end, tpl_seqno, tpl_start, tpl_expno, exp_start
            FROM dbo.raw
            WHERE 
                    exp_start BETWEEN '2022-10-06T16:42:55' AND '2022-10-07T16:42:55'
                AND telescope in ('ESO-2.2m', 'ESO/2.2m', '2.2m', 'MPI-2.2', 'MPG-2.2', 'MPG/ESO-2.2', 'MPG/ESO-220')
            ORDER BY exp_start ASC
        
Saving to ascii.ecsv
Cached to ./ESO-2.2m/taps/P110/2022-10-06/tap-ESO-2.2m-P110-2022-10-06.csv
2022-10-06: processing raw log
2022-10-06: ephemeris read from disk
Saving to ascii.ecsv
2022-10-06: cached to disk
2022-10-07: fetching raw log from ESO TAP service

            SELECT period, object, target, ra, dec, dp_id, telescope, instrument, prog_id, pi_coi, dp_cat, dp_tech, dp_type, exposure, det_dit, det_ndit, filter_path, ob_name, ob_id, tel_airm_start, tel_airm_end, tel_ambi_fwhm_start, tel_ambi_fwhm_end, tpl_seqno, tpl_start, tpl_expno, exp_start
            FROM dbo.raw
            WHERE 
                    exp_start BETWEEN '2022-10-07T16:42:55' AND '2022-10-08T16:42:55'
                AND telescope in ('ESO-2.2m', 'ESO/2.2m', '2.2m', 'MPI-2.2', 'MPG-2.2', 'MPG/ESO-2.2', 'MPG/ESO-220')
            ORDER BY exp_start ASC
        
Saving to ascii.ecsv
Cached to ./ESO-2.2m/taps/P110/2022-10-07/tap-ESO-2.2m-P110-2022-10-07.csv
2022-10-07: processing raw log
2022-10-07: ephemeris read from disk
Saving to ascii.ecsv
2022-10-07: cached to disk
2022-10-08: fetching raw log from ESO TAP service

            SELECT period, object, target, ra, dec, dp_id, telescope, instrument, prog_id, pi_coi, dp_cat, dp_tech, dp_type, exposure, det_dit, det_ndit, filter_path, ob_name, ob_id, tel_airm_start, tel_airm_end, tel_ambi_fwhm_start, tel_ambi_fwhm_end, tpl_seqno, tpl_start, tpl_expno, exp_start
            FROM dbo.raw
            WHERE 
                    exp_start BETWEEN '2022-10-08T16:42:55' AND '2022-10-09T16:42:55'
                AND telescope in ('ESO-2.2m', 'ESO/2.2m', '2.2m', 'MPI-2.2', 'MPG-2.2', 'MPG/ESO-2.2', 'MPG/ESO-220')
            ORDER BY exp_start ASC
        
Saving to ascii.ecsv
Cached to ./ESO-2.2m/taps/P110/2022-10-08/tap-ESO-2.2m-P110-2022-10-08.csv
2022-10-08: processing raw log
2022-10-08: ephemeris read from disk
Saving to ascii.ecsv
2022-10-08: cached to disk
2022-10-09: fetching raw log from ESO TAP service

            SELECT period, object, target, ra, dec, dp_id, telescope, instrument, prog_id, pi_coi, dp_cat, dp_tech, dp_type, exposure, det_dit, det_ndit, filter_path, ob_name, ob_id, tel_airm_start, tel_airm_end, tel_ambi_fwhm_start, tel_ambi_fwhm_end, tpl_seqno, tpl_start, tpl_expno, exp_start
            FROM dbo.raw
            WHERE 
                    exp_start BETWEEN '2022-10-09T16:42:55' AND '2022-10-10T16:42:55'
                AND telescope in ('ESO-2.2m', 'ESO/2.2m', '2.2m', 'MPI-2.2', 'MPG-2.2', 'MPG/ESO-2.2', 'MPG/ESO-220')
            ORDER BY exp_start ASC
        
Saving to ascii.ecsv
Cached to ./ESO-2.2m/taps/P110/2022-10-09/tap-ESO-2.2m-P110-2022-10-09.csv
2022-10-09: processing raw log
2022-10-09: ephemeris read from disk
Saving to ascii.ecsv
2022-10-09: cached to disk
2022-10-10: fetching raw log from ESO TAP service

            SELECT period, object, target, ra, dec, dp_id, telescope, instrument, prog_id, pi_coi, dp_cat, dp_tech, dp_type, exposure, det_dit, det_ndit, filter_path, ob_name, ob_id, tel_airm_start, tel_airm_end, tel_ambi_fwhm_start, tel_ambi_fwhm_end, tpl_seqno, tpl_start, tpl_expno, exp_start
            FROM dbo.raw
            WHERE 
                    exp_start BETWEEN '2022-10-19T16:42:55' AND '2022-10-20T16:42:55'
                AND telescope in ('ESO-2.2m', 'ESO/2.2m', '2.2m', 'MPI-2.2', 'MPG-2.2', 'MPG/ESO-2.2', 'MPG/ESO-220')
            ORDER BY exp_start ASC
        
Saving to ascii.ecsv
Cached to ./ESO-2.2m/taps/P110/2022-10-19/tap-ESO-2.2m-P110-2022-10-19.csv
2022-10-19: processing raw log
2022-10-19: ephemeris read from disk
Saving to ascii.ecsv
2022-10-19: cached to disk
2022-10-20: fetching raw log from ESO TAP service

            SELECT period, object, target, ra, dec, dp_id, telescope, instrument, prog_id, pi_coi, dp_cat, dp_tech, dp_type, exposure, det_dit, det_ndit, filter_path, ob_name, ob_id, tel_airm_start, tel_airm_end, tel_ambi_fwhm_start, tel_ambi_fwhm_end, tpl_seqno, tpl_start, tpl_expno, exp_start
            FROM dbo.raw
            WHERE 
                    exp_start BETWEEN '2022-10-20T16:42:55' AND '2022-10-21T16:42:55'
                AND telescope in ('ESO-2.2m', 'ESO/2.2m', '2.2m', 'MPI-2.2', 'MPG-2.2', 'MPG/ESO-2.2', 'MPG/ESO-220')
            ORDER BY exp_start ASC
        
Saving to ascii.ecsv
Cached to ./ESO-2.2m/taps/P110/2022-10-20/tap-ESO-2.2m-P110-2022-10-20.csv
2022-10-20: processing raw log
2022-10-20: ephemeris read from disk
Saving to ascii.ecsv
2022-10-20: cached to disk
2022-10-21: fetching raw log from ESO TAP service

            SELECT period, object, target, ra, dec, dp_id, telescope, instrument, prog_id, pi_coi, dp_cat, dp_tech, dp_type, exposure, det_dit, det_ndit, filter_path, ob_name, ob_id, tel_airm_start, tel_airm_end, tel_ambi_fwhm_start, tel_ambi_fwhm_end, tpl_seqno, tpl_start, tpl_expno, exp_start
            FROM dbo.raw
            WHERE 
                    exp_start BETWEEN '2022-10-21T16:42:55' AND '2022-10-22T16:42:55'
                AND telescope in ('ESO-2.2m', 'ESO/2.2m', '2.2m', 'MPI-2.2', 'MPG-2.2', 'MPG/ESO-2.2', 'MPG/ESO-220')
            ORDER BY exp_start ASC
        
Saving to ascii.ecsv
Cached to ./ESO-2.2m/taps/P110/2022-10-21/tap-ESO-2.2m-P110-2022-10-21.csv
2022-10-21: processing raw log
2022-10-21: ephemeris read from disk
Saving to ascii.ecsv
2022-10-21: cached to disk
2022-10-22: fetching raw log from ESO TAP service

            SELECT period, object, target, ra, dec, dp_id, telescope, instrument, prog_id, pi_coi, dp_cat, dp_tech, dp_type, exposure, det_dit, det_ndit, filter_path, ob_name, ob_id, tel_airm_start, tel_airm_end, tel_ambi_fwhm_start, tel_ambi_fwhm_end, tpl_seqno, tpl_start, tpl_expno, exp_start
            FROM dbo.raw
            WHERE 
                    exp_start BETWEEN '2022-10-22T16:42:55' AND '2022-10-23T16:42:55'
                AND telescope in ('ESO-2.2m', 'ESO/2.2m', '2.2m', 'MPI-2.2', 'MPG-2.2', 'MPG/ESO-2.2', 'MPG/ESO-220')
            ORDER BY exp_start ASC
        
Saving to ascii.ecsv
Cached to ./ESO-2.2m/taps/P110/2022-10-22/tap-ESO-2.2m-P110-2022-10-22.csv
2022-10-22: processing raw log
2022-10-22: ephemeris read from disk
Saving to ascii.ecsv
2022-10-22: cached to disk
2022-10-23: fetching raw log from ESO TAP service

            SELECT period, object, target, ra, dec, dp_id, telescope, instrument, prog_id, pi_coi, dp_cat, dp_tech, dp_type, exposure, det_dit, det_ndit, filter_path, ob_name, ob_id, tel_airm_start, tel_airm_end, tel_ambi_fwhm_start, tel_ambi_fwhm_end, tpl_seqno, tpl_start, tpl_expno, exp_start
            FROM dbo.raw
            WHERE 
                    exp_start BETWEEN '2022-10-23T16:42:55' AND '2022-10-24T16:42:55'
                AND telescope in ('ESO-2.2m', 'ESO/2.2m', '2.2m', 'MPI-2.2', 'MPG-2.2', 'MPG/ESO-2.2', 'MPG/ESO-220')
            ORDER BY exp_start ASC
        
Saving to ascii.ecsv
Cached to ./ESO-2.2m/taps/P110/2022-10-23/tap-ESO-2.2m-P110-2022-10-23.csv
2022-10-23: processing raw log
2022-10-23: ephemeris read from disk
Saving to ascii.ecsv
2022-10-23: cached to disk
2022-10-24: fetching raw log from ESO TAP service

            SELECT period, object, target, ra, dec, dp_id, telescope, instrument, prog_id, pi_coi, dp_cat, dp_tech, dp_type, exposure, det_dit, det_ndit, filter_path, ob_name, ob_id, tel_airm_start, tel_airm_end, tel_ambi_fwhm_start, tel_ambi_fwhm_end, tpl_seqno, tpl_start, tpl_expno, exp_start
            FROM dbo.raw
            WHERE 
                    exp_start BETWEEN '2022-10-24T16:42:55' AND '2022-10-25T16:42:55'
                AND telescope in ('ESO-2.2m', 'ESO/2.2m', '2.2m', 'MPI-2.2', 'MPG-2.2', 'MPG/ESO-2.2', 'MPG/ESO-220')
            ORDER BY exp_start ASC
        
Saving to ascii.ecsv
Cached to ./ESO-2.2m/taps/P110/2022-10-24/tap-ESO-2.2m-P110-2022-10-24.csv
2022-10-24: processing raw log
2022-10-24: ephemeris read from disk
Saving to ascii.ecsv
2022-10-24: cached to disk
2022-10-25: fetching raw log from ESO TAP service

            SELECT period, object, target, ra, dec, dp_id, telescope, instrument, prog_id, pi_coi, dp_cat, dp_tech, dp_type, exposure, det_dit, det_ndit, filter_path, ob_name, ob_id, tel_airm_start, tel_airm_end, tel_ambi_fwhm_start, tel_ambi_fwhm_end, tpl_seqno, tpl_start, tpl_expno, exp_start
            FROM dbo.raw
            WHERE 
                    exp_start BETWEEN '2022-10-25T16:42:55' AND '2022-10-26T16:42:55'
                AND telescope in ('ESO-2.2m', 'ESO/2.2m', '2.2m', 'MPI-2.2', 'MPG-2.2', 'MPG/ESO-2.2', 'MPG/ESO-220')
            ORDER BY exp_start ASC
        
Saving to ascii.ecsv
Cached to ./ESO-2.2m/taps/P110/2022-10-25/tap-ESO-2.2m-P110-2022-10-25.csv
2022-10-25: processing raw log
2022-10-25: ephemeris read from disk
Saving to ascii.ecsv
2022-10-25: cached to disk
2022-10-26: fetching raw log from ESO TAP service

            SELECT period, object, target, ra, dec, dp_id, telescope, instrument, prog_id, pi_coi, dp_cat, dp_tech, dp_type, exposure, det_dit, det_ndit, filter_path, ob_name, ob_id, tel_airm_start, tel_airm_end, tel_ambi_fwhm_start, tel_ambi_fwhm_end, tpl_seqno, tpl_start, tpl_expno, exp_start
            FROM dbo.raw
            WHERE 
                    exp_start BETWEEN '2022-10-26T16:42:55' AND '2022-10-27T16:42:55'
                AND telescope in ('ESO-2.2m', 'ESO/2.2m', '2.2m', 'MPI-2.2', 'MPG-2.2', 'MPG/ESO-2.2', 'MPG/ESO-220')
            ORDER BY exp_start ASC
        
Saving to ascii.ecsv
Cached to ./ESO-2.2m/taps/P110/2022-10-26/tap-ESO-2.2m-P110-2022-10-26.csv
2022-10-26: processing raw log
2022-10-26: ephemeris read from disk
Saving to ascii.ecsv
2022-10-26: cached to disk
2022-10-27: fetching raw log from ESO TAP service

            SELECT period, object, target, ra, dec, dp_id, telescope, instrument, prog_id, pi_coi, dp_cat, dp_tech, dp_type, exposure, det_dit, det_ndit, filter_path, ob_name, ob_id, tel_airm_start, tel_airm_end, tel_ambi_fwhm_start, tel_ambi_fwhm_end, tpl_seqno, tpl_start, tpl_expno, exp_start
            FROM dbo.raw
            WHERE 
                    exp_start BETWEEN '2022-10-27T16:42:55' AND '2022-10-28T16:42:55'
                AND telescope in ('ESO-2.2m', 'ESO/2.2m', '2.2m', 'MPI-2.2', 'MPG-2.2', 'MPG/ESO-2.2', 'MPG/ESO-220')
            ORDER BY exp_start ASC
        
Saving to ascii.ecsv
Cached to ./ESO-2.2m/taps/P110/2022-10-27/tap-ESO-2.2m-P110-2022-10-27.csv
2022-10-27: processing raw log
2022-10-27: ephemeris read from disk
Saving to ascii.ecsv
2022-10-27: cached to disk
2022-10-28: fetching raw log from ESO TAP service

            SELECT period, object, target, ra, dec, dp_id, telescope, instrument, prog_id, pi_coi, dp_cat, dp_tech, dp_type, exposure, det_dit, det_ndit, filter_path, ob_name, ob_id, tel_airm_start, tel_airm_end, tel_ambi_fwhm_start, tel_ambi_fwhm_end, tpl_seqno, tpl_start, tpl_expno, exp_start
            FROM dbo.raw
            WHERE 
                    exp_start BETWEEN '2022-10-10T16:42:55' AND '2022-10-11T16:42:55'
                AND telescope in ('ESO-2.2m', 'ESO/2.2m', '2.2m', 'MPI-2.2', 'MPG-2.2', 'MPG/ESO-2.2', 'MPG/ESO-220')
            ORDER BY exp_start ASC
        
Saving to ascii.ecsv
Cached to ./ESO-2.2m/taps/P110/2022-10-10/tap-ESO-2.2m-P110-2022-10-10.csv
2022-10-10: processing raw log
2022-10-10: ephemeris read from disk
Saving to ascii.ecsv
2022-10-10: cached to disk
2022-10-11: fetching raw log from ESO TAP service

            SELECT period, object, target, ra, dec, dp_id, telescope, instrument, prog_id, pi_coi, dp_cat, dp_tech, dp_type, exposure, det_dit, det_ndit, filter_path, ob_name, ob_id, tel_airm_start, tel_airm_end, tel_ambi_fwhm_start, tel_ambi_fwhm_end, tpl_seqno, tpl_start, tpl_expno, exp_start
            FROM dbo.raw
            WHERE 
                    exp_start BETWEEN '2022-10-11T16:42:55' AND '2022-10-12T16:42:55'
                AND telescope in ('ESO-2.2m', 'ESO/2.2m', '2.2m', 'MPI-2.2', 'MPG-2.2', 'MPG/ESO-2.2', 'MPG/ESO-220')
            ORDER BY exp_start ASC
        
Saving to ascii.ecsv
Cached to ./ESO-2.2m/taps/P110/2022-10-11/tap-ESO-2.2m-P110-2022-10-11.csv
2022-10-11: processing raw log
2022-10-11: ephemeris read from disk
Saving to ascii.ecsv
2022-10-11: cached to disk
2022-10-12: fetching raw log from ESO TAP service

            SELECT period, object, target, ra, dec, dp_id, telescope, instrument, prog_id, pi_coi, dp_cat, dp_tech, dp_type, exposure, det_dit, det_ndit, filter_path, ob_name, ob_id, tel_airm_start, tel_airm_end, tel_ambi_fwhm_start, tel_ambi_fwhm_end, tpl_seqno, tpl_start, tpl_expno, exp_start
            FROM dbo.raw
            WHERE 
                    exp_start BETWEEN '2022-10-12T16:42:55' AND '2022-10-13T16:42:55'
                AND telescope in ('ESO-2.2m', 'ESO/2.2m', '2.2m', 'MPI-2.2', 'MPG-2.2', 'MPG/ESO-2.2', 'MPG/ESO-220')
            ORDER BY exp_start ASC
        
Saving to ascii.ecsv
Cached to ./ESO-2.2m/taps/P110/2022-10-12/tap-ESO-2.2m-P110-2022-10-12.csv
2022-10-12: processing raw log
2022-10-12: ephemeris read from disk
Saving to ascii.ecsv
2022-10-12: cached to disk
2022-10-13: fetching raw log from ESO TAP service

            SELECT period, object, target, ra, dec, dp_id, telescope, instrument, prog_id, pi_coi, dp_cat, dp_tech, dp_type, exposure, det_dit, det_ndit, filter_path, ob_name, ob_id, tel_airm_start, tel_airm_end, tel_ambi_fwhm_start, tel_ambi_fwhm_end, tpl_seqno, tpl_start, tpl_expno, exp_start
            FROM dbo.raw
            WHERE 
                    exp_start BETWEEN '2022-10-13T16:42:55' AND '2022-10-14T16:42:55'
                AND telescope in ('ESO-2.2m', 'ESO/2.2m', '2.2m', 'MPI-2.2', 'MPG-2.2', 'MPG/ESO-2.2', 'MPG/ESO-220')
            ORDER BY exp_start ASC
        
Saving to ascii.ecsv
Cached to ./ESO-2.2m/taps/P110/2022-10-13/tap-ESO-2.2m-P110-2022-10-13.csv
2022-10-13: processing raw log
2022-10-13: ephemeris read from disk
Saving to ascii.ecsv
2022-10-13: cached to disk
2022-10-14: fetching raw log from ESO TAP service

            SELECT period, object, target, ra, dec, dp_id, telescope, instrument, prog_id, pi_coi, dp_cat, dp_tech, dp_type, exposure, det_dit, det_ndit, filter_path, ob_name, ob_id, tel_airm_start, tel_airm_end, tel_ambi_fwhm_start, tel_ambi_fwhm_end, tpl_seqno, tpl_start, tpl_expno, exp_start
            FROM dbo.raw
            WHERE 
                    exp_start BETWEEN '2022-10-14T16:42:55' AND '2022-10-15T16:42:55'
                AND telescope in ('ESO-2.2m', 'ESO/2.2m', '2.2m', 'MPI-2.2', 'MPG-2.2', 'MPG/ESO-2.2', 'MPG/ESO-220')
            ORDER BY exp_start ASC
        
Saving to ascii.ecsv
Cached to ./ESO-2.2m/taps/P110/2022-10-14/tap-ESO-2.2m-P110-2022-10-14.csv
2022-10-14: processing raw log
2022-10-14: ephemeris read from disk
Saving to ascii.ecsv
2022-10-14: cached to disk
2022-10-15: fetching raw log from ESO TAP service

            SELECT period, object, target, ra, dec, dp_id, telescope, instrument, prog_id, pi_coi, dp_cat, dp_tech, dp_type, exposure, det_dit, det_ndit, filter_path, ob_name, ob_id, tel_airm_start, tel_airm_end, tel_ambi_fwhm_start, tel_ambi_fwhm_end, tpl_seqno, tpl_start, tpl_expno, exp_start
            FROM dbo.raw
            WHERE 
                    exp_start BETWEEN '2022-10-15T16:42:55' AND '2022-10-16T16:42:55'
                AND telescope in ('ESO-2.2m', 'ESO/2.2m', '2.2m', 'MPI-2.2', 'MPG-2.2', 'MPG/ESO-2.2', 'MPG/ESO-220')
            ORDER BY exp_start ASC
        
Saving to ascii.ecsv
Cached to ./ESO-2.2m/taps/P110/2022-10-15/tap-ESO-2.2m-P110-2022-10-15.csv
2022-10-15: processing raw log
2022-10-15: ephemeris read from disk
Saving to ascii.ecsv
2022-10-15: cached to disk
2022-10-16: fetching raw log from ESO TAP service

            SELECT period, object, target, ra, dec, dp_id, telescope, instrument, prog_id, pi_coi, dp_cat, dp_tech, dp_type, exposure, det_dit, det_ndit, filter_path, ob_name, ob_id, tel_airm_start, tel_airm_end, tel_ambi_fwhm_start, tel_ambi_fwhm_end, tpl_seqno, tpl_start, tpl_expno, exp_start
            FROM dbo.raw
            WHERE 
                    exp_start BETWEEN '2022-10-16T16:42:55' AND '2022-10-17T16:42:55'
                AND telescope in ('ESO-2.2m', 'ESO/2.2m', '2.2m', 'MPI-2.2', 'MPG-2.2', 'MPG/ESO-2.2', 'MPG/ESO-220')
            ORDER BY exp_start ASC
        
Saving to ascii.ecsv
Cached to ./ESO-2.2m/taps/P110/2022-10-16/tap-ESO-2.2m-P110-2022-10-16.csv
2022-10-16: processing raw log
2022-10-16: ephemeris read from disk
Saving to ascii.ecsv
2022-10-16: cached to disk
2022-10-17: fetching raw log from ESO TAP service

            SELECT period, object, target, ra, dec, dp_id, telescope, instrument, prog_id, pi_coi, dp_cat, dp_tech, dp_type, exposure, det_dit, det_ndit, filter_path, ob_name, ob_id, tel_airm_start, tel_airm_end, tel_ambi_fwhm_start, tel_ambi_fwhm_end, tpl_seqno, tpl_start, tpl_expno, exp_start
            FROM dbo.raw
            WHERE 
                    exp_start BETWEEN '2022-10-17T16:42:55' AND '2022-10-18T16:42:55'
                AND telescope in ('ESO-2.2m', 'ESO/2.2m', '2.2m', 'MPI-2.2', 'MPG-2.2', 'MPG/ESO-2.2', 'MPG/ESO-220')
            ORDER BY exp_start ASC
        
Saving to ascii.ecsv
Cached to ./ESO-2.2m/taps/P110/2022-10-17/tap-ESO-2.2m-P110-2022-10-17.csv
2022-10-17: processing raw log
2022-10-17: ephemeris read from disk
Saving to ascii.ecsv
2022-10-17: cached to disk
2022-10-18: fetching raw log from ESO TAP service

            SELECT period, object, target, ra, dec, dp_id, telescope, instrument, prog_id, pi_coi, dp_cat, dp_tech, dp_type, exposure, det_dit, det_ndit, filter_path, ob_name, ob_id, tel_airm_start, tel_airm_end, tel_ambi_fwhm_start, tel_ambi_fwhm_end, tpl_seqno, tpl_start, tpl_expno, exp_start
            FROM dbo.raw
            WHERE 
                    exp_start BETWEEN '2022-10-18T16:42:55' AND '2022-10-19T16:42:55'
                AND telescope in ('ESO-2.2m', 'ESO/2.2m', '2.2m', 'MPI-2.2', 'MPG-2.2', 'MPG/ESO-2.2', 'MPG/ESO-220')
            ORDER BY exp_start ASC
        
Saving to ascii.ecsv
Cached to ./ESO-2.2m/taps/P110/2022-10-18/tap-ESO-2.2m-P110-2022-10-18.csv
2022-10-18: processing raw log
2022-10-18: ephemeris read from disk
Saving to ascii.ecsv
2022-10-18: cached to disk
2022-10-19: fetching raw log from ESO TAP service

            SELECT period, object, target, ra, dec, dp_id, telescope, instrument, prog_id, pi_coi, dp_cat, dp_tech, dp_type, exposure, det_dit, det_ndit, filter_path, ob_name, ob_id, tel_airm_start, tel_airm_end, tel_ambi_fwhm_start, tel_ambi_fwhm_end, tpl_seqno, tpl_start, tpl_expno, exp_start
            FROM dbo.raw
            WHERE 
                    exp_start BETWEEN '2022-10-19T16:42:55' AND '2022-10-20T16:42:55'
                AND telescope in ('ESO-2.2m', 'ESO/2.2m', '2.2m', 'MPI-2.2', 'MPG-2.2', 'MPG/ESO-2.2', 'MPG/ESO-220')
            ORDER BY exp_start ASC
        
Saving to ascii.ecsv
Cached to ./ESO-2.2m/taps/P110/2022-10-19/tap-ESO-2.2m-P110-2022-10-19.csv
2022-10-19: processing raw log
2022-10-19: ephemeris read from disk
Saving to ascii.ecsv
2022-10-19: cached to disk
2022-10-20: fetching raw log from ESO TAP service

            SELECT period, object, target, ra, dec, dp_id, telescope, instrument, prog_id, pi_coi, dp_cat, dp_tech, dp_type, exposure, det_dit, det_ndit, filter_path, ob_name, ob_id, tel_airm_start, tel_airm_end, tel_ambi_fwhm_start, tel_ambi_fwhm_end, tpl_seqno, tpl_start, tpl_expno, exp_start
            FROM dbo.raw
            WHERE 
                    exp_start BETWEEN '2022-10-20T16:42:55' AND '2022-10-21T16:42:55'
                AND telescope in ('ESO-2.2m', 'ESO/2.2m', '2.2m', 'MPI-2.2', 'MPG-2.2', 'MPG/ESO-2.2', 'MPG/ESO-220')
            ORDER BY exp_start ASC
        
Saving to ascii.ecsv
Cached to ./ESO-2.2m/taps/P110/2022-10-20/tap-ESO-2.2m-P110-2022-10-20.csv
2022-10-20: processing raw log
2022-10-20: ephemeris read from disk
Saving to ascii.ecsv
2022-10-20: cached to disk
2022-10-21: fetching raw log from ESO TAP service

            SELECT period, object, target, ra, dec, dp_id, telescope, instrument, prog_id, pi_coi, dp_cat, dp_tech, dp_type, exposure, det_dit, det_ndit, filter_path, ob_name, ob_id, tel_airm_start, tel_airm_end, tel_ambi_fwhm_start, tel_ambi_fwhm_end, tpl_seqno, tpl_start, tpl_expno, exp_start
            FROM dbo.raw
            WHERE 
                    exp_start BETWEEN '2022-10-21T16:42:55' AND '2022-10-22T16:42:55'
                AND telescope in ('ESO-2.2m', 'ESO/2.2m', '2.2m', 'MPI-2.2', 'MPG-2.2', 'MPG/ESO-2.2', 'MPG/ESO-220')
            ORDER BY exp_start ASC
        
Saving to ascii.ecsv
Cached to ./ESO-2.2m/taps/P110/2022-10-21/tap-ESO-2.2m-P110-2022-10-21.csv
2022-10-21: processing raw log
2022-10-21: ephemeris read from disk
Saving to ascii.ecsv
2022-10-21: cached to disk
2022-10-22: fetching raw log from ESO TAP service

            SELECT period, object, target, ra, dec, dp_id, telescope, instrument, prog_id, pi_coi, dp_cat, dp_tech, dp_type, exposure, det_dit, det_ndit, filter_path, ob_name, ob_id, tel_airm_start, tel_airm_end, tel_ambi_fwhm_start, tel_ambi_fwhm_end, tpl_seqno, tpl_start, tpl_expno, exp_start
            FROM dbo.raw
            WHERE 
                    exp_start BETWEEN '2022-10-22T16:42:55' AND '2022-10-23T16:42:55'
                AND telescope in ('ESO-2.2m', 'ESO/2.2m', '2.2m', 'MPI-2.2', 'MPG-2.2', 'MPG/ESO-2.2', 'MPG/ESO-220')
            ORDER BY exp_start ASC
        
Saving to ascii.ecsv
Cached to ./ESO-2.2m/taps/P110/2022-10-22/tap-ESO-2.2m-P110-2022-10-22.csv
2022-10-22: processing raw log
2022-10-22: ephemeris read from disk
Saving to ascii.ecsv
2022-10-22: cached to disk
2022-10-23: fetching raw log from ESO TAP service

            SELECT period, object, target, ra, dec, dp_id, telescope, instrument, prog_id, pi_coi, dp_cat, dp_tech, dp_type, exposure, det_dit, det_ndit, filter_path, ob_name, ob_id, tel_airm_start, tel_airm_end, tel_ambi_fwhm_start, tel_ambi_fwhm_end, tpl_seqno, tpl_start, tpl_expno, exp_start
            FROM dbo.raw
            WHERE 
                    exp_start BETWEEN '2022-10-23T16:42:55' AND '2022-10-24T16:42:55'
                AND telescope in ('ESO-2.2m', 'ESO/2.2m', '2.2m', 'MPI-2.2', 'MPG-2.2', 'MPG/ESO-2.2', 'MPG/ESO-220')
            ORDER BY exp_start ASC
        
Saving to ascii.ecsv
Cached to ./ESO-2.2m/taps/P110/2022-10-23/tap-ESO-2.2m-P110-2022-10-23.csv
2022-10-23: processing raw log
2022-10-23: ephemeris read from disk
Saving to ascii.ecsv
2022-10-23: cached to disk
2022-10-24: fetching raw log from ESO TAP service

            SELECT period, object, target, ra, dec, dp_id, telescope, instrument, prog_id, pi_coi, dp_cat, dp_tech, dp_type, exposure, det_dit, det_ndit, filter_path, ob_name, ob_id, tel_airm_start, tel_airm_end, tel_ambi_fwhm_start, tel_ambi_fwhm_end, tpl_seqno, tpl_start, tpl_expno, exp_start
            FROM dbo.raw
            WHERE 
                    exp_start BETWEEN '2022-10-24T16:42:55' AND '2022-10-25T16:42:55'
                AND telescope in ('ESO-2.2m', 'ESO/2.2m', '2.2m', 'MPI-2.2', 'MPG-2.2', 'MPG/ESO-2.2', 'MPG/ESO-220')
            ORDER BY exp_start ASC
        
Saving to ascii.ecsv
Cached to ./ESO-2.2m/taps/P110/2022-10-24/tap-ESO-2.2m-P110-2022-10-24.csv
2022-10-24: processing raw log
2022-10-24: ephemeris read from disk
Saving to ascii.ecsv
2022-10-24: cached to disk
2022-10-25: fetching raw log from ESO TAP service

            SELECT period, object, target, ra, dec, dp_id, telescope, instrument, prog_id, pi_coi, dp_cat, dp_tech, dp_type, exposure, det_dit, det_ndit, filter_path, ob_name, ob_id, tel_airm_start, tel_airm_end, tel_ambi_fwhm_start, tel_ambi_fwhm_end, tpl_seqno, tpl_start, tpl_expno, exp_start
            FROM dbo.raw
            WHERE 
                    exp_start BETWEEN '2022-10-25T16:42:55' AND '2022-10-26T16:42:55'
                AND telescope in ('ESO-2.2m', 'ESO/2.2m', '2.2m', 'MPI-2.2', 'MPG-2.2', 'MPG/ESO-2.2', 'MPG/ESO-220')
            ORDER BY exp_start ASC
        
Saving to ascii.ecsv
Cached to ./ESO-2.2m/taps/P110/2022-10-25/tap-ESO-2.2m-P110-2022-10-25.csv
2022-10-25: processing raw log
2022-10-25: ephemeris read from disk
Saving to ascii.ecsv
2022-10-25: cached to disk
2022-10-26: fetching raw log from ESO TAP service

            SELECT period, object, target, ra, dec, dp_id, telescope, instrument, prog_id, pi_coi, dp_cat, dp_tech, dp_type, exposure, det_dit, det_ndit, filter_path, ob_name, ob_id, tel_airm_start, tel_airm_end, tel_ambi_fwhm_start, tel_ambi_fwhm_end, tpl_seqno, tpl_start, tpl_expno, exp_start
            FROM dbo.raw
            WHERE 
                    exp_start BETWEEN '2022-10-26T16:42:55' AND '2022-10-27T16:42:55'
                AND telescope in ('ESO-2.2m', 'ESO/2.2m', '2.2m', 'MPI-2.2', 'MPG-2.2', 'MPG/ESO-2.2', 'MPG/ESO-220')
            ORDER BY exp_start ASC
        
Saving to ascii.ecsv
Cached to ./ESO-2.2m/taps/P110/2022-10-26/tap-ESO-2.2m-P110-2022-10-26.csv
2022-10-26: processing raw log
2022-10-26: ephemeris read from disk
Saving to ascii.ecsv
2022-10-26: cached to disk
2022-10-27: fetching raw log from ESO TAP service

            SELECT period, object, target, ra, dec, dp_id, telescope, instrument, prog_id, pi_coi, dp_cat, dp_tech, dp_type, exposure, det_dit, det_ndit, filter_path, ob_name, ob_id, tel_airm_start, tel_airm_end, tel_ambi_fwhm_start, tel_ambi_fwhm_end, tpl_seqno, tpl_start, tpl_expno, exp_start
            FROM dbo.raw
            WHERE 
                    exp_start BETWEEN '2022-10-27T16:42:55' AND '2022-10-28T16:42:55'
                AND telescope in ('ESO-2.2m', 'ESO/2.2m', '2.2m', 'MPI-2.2', 'MPG-2.2', 'MPG/ESO-2.2', 'MPG/ESO-220')
            ORDER BY exp_start ASC
        
Saving to ascii.ecsv
Cached to ./ESO-2.2m/taps/P110/2022-10-27/tap-ESO-2.2m-P110-2022-10-27.csv
2022-10-27: processing raw log
2022-10-27: ephemeris read from disk
Saving to ascii.ecsv
2022-10-27: cached to disk
2022-10-28: fetching raw log from ESO TAP service

daily.sh at 2022-10-30T16:02:01-03:00
-------------------------------------

github pull in /home/lachaume/git/autolog

github pull in /data/www/twoptwo.com

            SELECT period, object, target, ra, dec, dp_id, telescope, instrument, prog_id, pi_coi, dp_cat, dp_tech, dp_type, exposure, det_dit, det_ndit, filter_path, ob_name, ob_id, tel_airm_start, tel_airm_end, tel_ambi_fwhm_start, tel_ambi_fwhm_end, tpl_seqno, tpl_start, tpl_expno, exp_start
            FROM dbo.raw
            WHERE 
                    exp_start BETWEEN '2022-10-28T16:42:55' AND '2022-10-29T16:42:55'
                AND telescope in ('ESO-2.2m', 'ESO/2.2m', '2.2m', 'MPI-2.2', 'MPG-2.2', 'MPG/ESO-2.2', 'MPG/ESO-220')
            ORDER BY exp_start ASC
        
Saving to ascii.ecsv
Cached to ./ESO-2.2m/taps/P110/2022-10-28/tap-ESO-2.2m-P110-2022-10-28.csv
2022-10-28: processing raw log
2022-10-28: ephemeris read from disk
Saving to ascii.ecsv
2022-10-28: cached to disk
2022-10-29: fetching raw log from ESO TAP service

            SELECT period, object, target, ra, dec, dp_id, telescope, instrument, prog_id, pi_coi, dp_cat, dp_tech, dp_type, exposure, det_dit, det_ndit, filter_path, ob_name, ob_id, tel_airm_start, tel_airm_end, tel_ambi_fwhm_start, tel_ambi_fwhm_end, tpl_seqno, tpl_start, tpl_expno, exp_start
            FROM dbo.raw
            WHERE 
                    exp_start BETWEEN '2022-10-29T16:42:55' AND '2022-10-30T16:42:55'
                AND telescope in ('ESO-2.2m', 'ESO/2.2m', '2.2m', 'MPI-2.2', 'MPG-2.2', 'MPG/ESO-2.2', 'MPG/ESO-220')
            ORDER BY exp_start ASC
        
Saving to ascii.ecsv
Cached to ./ESO-2.2m/taps/P110/2022-10-29/tap-ESO-2.2m-P110-2022-10-29.csv
2022-10-29: processing raw log
2022-10-29: ephemeris read from disk
Saving to ascii.ecsv
2022-10-29: cached to disk
Saving to ascii.ecsv
Saving to ascii.ecsv
Saving to ascii.ecsv
Saving to ascii.ecsv
Saving to ascii.ecsv
Saving to ascii.ecsv
Saving to ascii.ecsv
Saving to ascii.ecsv
Saving to ascii.ecsv
Saving to ascii.ecsv
Saving to ascii.ecsv
Saving to ascii.ecsv
Saving to ascii.ecsv
Saving to ascii.ecsv
Saving to ascii.ecsv
Saving to ascii.ecsv
Saving to ascii.ecsv
Saving to ascii.ecsv
Saving to ascii.ecsv
Saving to ascii.ecsv
Saving to ascii.ecsv
Saving to ascii.ecsv
Saving to ascii.ecsv
Saving to ascii.ecsv
Saving to ascii.ecsv
Saving to ascii.ecsv
Saving to ascii.ecsv
Saving to ascii.ecsv
Saving to ascii.ecsv
Saving to ascii.ecsv
period 110: cached to disk
publish: ./ESO-2.2m/logs/P110/index.shtml /data/www/twoptwo.com/ESO-2.2m/logs/P110/index.shtml
publish: ./ESO-2.2m/logs/P110/2022-10-01/index.shtml /data/www/twoptwo.com/ESO-2.2m/logs/P110/2022-10-01/index.shtml
publish: ./ESO-2.2m/logs/P110/2022-10-02/index.shtml /data/www/twoptwo.com/ESO-2.2m/logs/P110/2022-10-02/index.shtml
publish: ./ESO-2.2m/logs/P110/2022-10-03/index.shtml /data/www/twoptwo.com/ESO-2.2m/logs/P110/2022-10-03/index.shtml
publish: ./ESO-2.2m/logs/P110/2022-10-04/index.shtml /data/www/twoptwo.com/ESO-2.2m/logs/P110/2022-10-04/index.shtml
publish: ./ESO-2.2m/logs/P110/2022-10-05/index.shtml /data/www/twoptwo.com/ESO-2.2m/logs/P110/2022-10-05/index.shtml
publish: ./ESO-2.2m/logs/P110/2022-10-06/index.shtml /data/www/twoptwo.com/ESO-2.2m/logs/P110/2022-10-06/index.shtml
publish: ./ESO-2.2m/logs/P110/2022-10-07/index.shtml /data/www/twoptwo.com/ESO-2.2m/logs/P110/2022-10-07/index.shtml
publish: ./ESO-2.2m/logs/P110/2022-10-08/index.shtml /data/www/twoptwo.com/ESO-2.2m/logs/P110/2022-10-08/index.shtml
publish: ./ESO-2.2m/logs/P110/2022-10-09/index.shtml /data/www/twoptwo.com/ESO-2.2m/logs/P110/2022-10-09/index.shtml
publish: ./ESO-2.2m/logs/P110/2022-10-10/index.shtml /data/www/twoptwo.com/ESO-2.2m/logs/P110/2022-10-10/index.shtml
publish: ./ESO-2.2m/logs/P110/2022-10-11/index.shtml /data/www/twoptwo.com/ESO-2.2m/logs/P110/2022-10-11/index.shtml
publish: ./ESO-2.2m/logs/P110/2022-10-12/index.shtml /data/www/twoptwo.com/ESO-2.2m/logs/P110/2022-10-12/index.shtml
publish: ./ESO-2.2m/logs/P110/2022-10-13/index.shtml /data/www/twoptwo.com/ESO-2.2m/logs/P110/2022-10-13/index.shtml
publish: ./ESO-2.2m/logs/P110/2022-10-14/index.shtml /data/www/twoptwo.com/ESO-2.2m/logs/P110/2022-10-14/index.shtml
publish: ./ESO-2.2m/logs/P110/2022-10-15/index.shtml /data/www/twoptwo.com/ESO-2.2m/logs/P110/2022-10-15/index.shtml
publish: ./ESO-2.2m/logs/P110/2022-10-16/index.shtml /data/www/twoptwo.com/ESO-2.2m/logs/P110/2022-10-16/index.shtml
publish: ./ESO-2.2m/logs/P110/2022-10-17/index.shtml /data/www/twoptwo.com/ESO-2.2m/logs/P110/2022-10-17/index.shtml
publish: ./ESO-2.2m/logs/P110/2022-10-18/index.shtml /data/www/twoptwo.com/ESO-2.2m/logs/P110/2022-10-18/index.shtml
publish: ./ESO-2.2m/logs/P110/2022-10-19/index.shtml /data/www/twoptwo.com/ESO-2.2m/logs/P110/2022-10-19/index.shtml
publish: ./ESO-2.2m/logs/P110/2022-10-20/index.shtml /data/www/twoptwo.com/ESO-2.2m/logs/P110/2022-10-20/index.shtml
publish: ./ESO-2.2m/logs/P110/2022-10-21/index.shtml /data/www/twoptwo.com/ESO-2.2m/logs/P110/2022-10-21/index.shtml
publish: ./ESO-2.2m/logs/P110/2022-10-22/index.shtml /data/www/twoptwo.com/ESO-2.2m/logs/P110/2022-10-22/index.shtml
publish: ./ESO-2.2m/logs/P110/2022-10-23/index.shtml /data/www/twoptwo.com/ESO-2.2m/logs/P110/2022-10-23/index.shtml
publish: ./ESO-2.2m/logs/P110/2022-10-24/index.shtml /data/www/twoptwo.com/ESO-2.2m/logs/P110/2022-10-24/index.shtml
publish: ./ESO-2.2m/logs/P110/2022-10-25/index.shtml /data/www/twoptwo.com/ESO-2.2m/logs/P110/2022-10-25/index.shtml
publish: ./ESO-2.2m/logs/P110/2022-10-26/index.shtml /data/www/twoptwo.com/ESO-2.2m/logs/P110/2022-10-26/index.shtml
publish: ./ESO-2.2m/logs/P110/2022-10-27/index.shtml /data/www/twoptwo.com/ESO-2.2m/logs/P110/2022-10-27/index.shtml
publish: ./ESO-2.2m/logs/P110/2022-10-28/index.shtml /data/www/twoptwo.com/ESO-2.2m/logs/P110/2022-10-28/index.shtml
publish: ./ESO-2.2m/logs/P110/2022-10-29/index.shtml /data/www/twoptwo.com/ESO-2.2m/logs/P110/2022-10-29/index.shtml
publish: ./ESO-2.2m/targets/P110/index.shtml /data/www/twoptwo.com/ESO-2.2m/targets/P110/index.shtml
publish: ./ESO-2.2m/reports/P110/index.shtml /data/www/twoptwo.com/ESO-2.2m/reports/P110/index.shtml

git add * in /home/lachaume/git/autolog
