
daily.sh at 2022-09-26T16:00:01-03:00
-------------------------------------

github pull in /home/lachaume/git/autolog

github pull in /data/www/twoptwo.com

executing periodlog.py in /home/lachaume/git/autolog/scripts

daily.sh at 2022-09-26T16:01:01-03:00
-------------------------------------

github pull in /home/lachaume/git/autolog

github pull in /data/www/twoptwo.com

executing periodlog.py in /home/lachaume/git/autolog/scripts

daily.sh at 2022-09-26T16:02:01-03:00
-------------------------------------

github pull in /home/lachaume/git/autolog

github pull in /data/www/twoptwo.com

executing periodlog.py in /home/lachaume/git/autolog/scripts

daily.sh at 2022-09-26T16:03:01-03:00
-------------------------------------

github pull in /home/lachaume/git/autolog

github pull in /data/www/twoptwo.com

executing periodlog.py in /home/lachaume/git/autolog/scripts

daily.sh at 2022-09-26T16:04:01-03:00
-------------------------------------

github pull in /home/lachaume/git/autolog

github pull in /data/www/twoptwo.com

executing periodlog.py in /home/lachaume/git/autolog/scripts

daily.sh at 2022-09-26T16:05:01-03:00
-------------------------------------

github pull in /home/lachaume/git/autolog

github pull in /data/www/twoptwo.com

executing periodlog.py in /home/lachaume/git/autolog/scripts

daily.sh at 2022-09-26T16:06:01-03:00
-------------------------------------

github pull in /home/lachaume/git/autolog

github pull in /data/www/twoptwo.com

executing periodlog.py in /home/lachaume/git/autolog/scripts

daily.sh at 2022-09-26T16:07:01-03:00
-------------------------------------

github pull in /home/lachaume/git/autolog

github pull in /data/www/twoptwo.com

executing periodlog.py in /home/lachaume/git/autolog/scripts

daily.sh at 2022-09-26T16:08:01-03:00
-------------------------------------

github pull in /home/lachaume/git/autolog

github pull in /data/www/twoptwo.com

executing periodlog.py in /home/lachaume/git/autolog/scripts

daily.sh at 2022-09-26T16:09:01-03:00
-------------------------------------

github pull in /home/lachaume/git/autolog

github pull in /data/www/twoptwo.com

executing periodlog.py in /home/lachaume/git/autolog/scripts

daily.sh at 2022-09-26T16:10:01-03:00
-------------------------------------

github pull in /home/lachaume/git/autolog

github pull in /data/www/twoptwo.com

executing periodlog.py in /home/lachaume/git/autolog/scripts

daily.sh at 2022-09-26T16:11:01-03:00
-------------------------------------

github pull in /home/lachaume/git/autolog

github pull in /data/www/twoptwo.com

executing periodlog.py in /home/lachaume/git/autolog/scripts

daily.sh at 2022-09-26T16:12:01-03:00
-------------------------------------

github pull in /home/lachaume/git/autolog

github pull in /data/www/twoptwo.com

executing periodlog.py in /home/lachaume/git/autolog/scripts

daily.sh at 2022-09-26T16:13:01-03:00
-------------------------------------

github pull in /home/lachaume/git/autolog

github pull in /data/www/twoptwo.com

executing periodlog.py in /home/lachaume/git/autolog/scripts

daily.sh at 2022-09-26T16:14:01-03:00
-------------------------------------

github pull in /home/lachaume/git/autolog

github pull in /data/www/twoptwo.com

executing periodlog.py in /home/lachaume/git/autolog/scripts

daily.sh at 2022-09-26T16:15:01-03:00
-------------------------------------

github pull in /home/lachaume/git/autolog

github pull in /data/www/twoptwo.com

executing periodlog.py in /home/lachaume/git/autolog/scripts

daily.sh at 2022-09-26T16:16:01-03:00
-------------------------------------

github pull in /home/lachaume/git/autolog

github pull in /data/www/twoptwo.com

executing periodlog.py in /home/lachaume/git/autolog/scripts

daily.sh at 2022-09-26T16:17:01-03:00
-------------------------------------

github pull in /home/lachaume/git/autolog

github pull in /data/www/twoptwo.com

executing periodlog.py in /home/lachaume/git/autolog/scripts

daily.sh at 2022-09-26T16:18:01-03:00
-------------------------------------

github pull in /home/lachaume/git/autolog

github pull in /data/www/twoptwo.com

executing periodlog.py in /home/lachaume/git/autolog/scripts
github pull in /home/lachaume/git/autolog

daily.sh at 2022-09-26T16:19:01-03:00
-------------------------------------


github pull in /data/www/twoptwo.com

executing periodlog.py in /home/lachaume/git/autolog/scripts

git add * in /home/lachaume/git/autolog
git commit

git add * in /home/lachaume/git/autolog
git commit
git push
git push
To github.com:loqueelvientoajuarez/obslog.git
   b493c7c4..92de4315  master -> master


git add * in /home/lachaume/git/autolog
git commit
git push
To github.com:loqueelvientoajuarez/obslog.git
 ! [remote rejected]   master -> master (cannot lock ref 'refs/heads/master': is at 92de4315d2e0c5bb6486d8a409ce01ec53477de2 but expected b493c7c4ddfd9d25a19a928f231f1bf407635f5c)
error: failed to push some refs to 'github.com:loqueelvientoajuarez/obslog.git'


git add * in /data/www/twoptwo.com
To github.com:loqueelvientoajuarez/obslog.git
   92de4315..7d383107  master -> master

git commit

git add * in /data/www/twoptwo.com
git commit

git add * in /home/lachaume/git/autolog
git commit
git push
To github.com:loqueelvientoajuarez/2.2m-website.git
   37ce3d3..74a1da6  main -> main


git add * in /data/www/twoptwo.com
git commit
To github.com:loqueelvientoajuarez/2.2m-website.git
 ! [remote rejected] main -> main (cannot lock ref 'refs/heads/main': is at 74a1da6ee85c8aff918d9818b8ef683f84ab6661 but expected 37ce3d378a5ce9bb070da3cd12902d841b94f6ad)
error: failed to push some refs to 'github.com:loqueelvientoajuarez/2.2m-website.git'

Everything up-to-date

To github.com:loqueelvientoajuarez/obslog.git
   7d383107..e9fd44b3  master -> master


git add * in /data/www/twoptwo.com
git commit
github pull in /home/lachaume/git/autolog

daily.sh at 2022-09-26T16:20:01-03:00
-------------------------------------

Everything up-to-date


github pull in /data/www/twoptwo.com

executing periodlog.py in /home/lachaume/git/autolog/scripts

daily.sh at 2022-09-26T16:21:01-03:00
-------------------------------------

github pull in /home/lachaume/git/autolog

github pull in /data/www/twoptwo.com

executing periodlog.py in /home/lachaume/git/autolog/scripts

daily.sh at 2022-09-26T16:22:01-03:00
-------------------------------------

github pull in /home/lachaume/git/autolog

github pull in /data/www/twoptwo.com

executing periodlog.py in /home/lachaume/git/autolog/scripts

git add * in /home/lachaume/git/autolog
