
daily.sh at 2022-10-16T16:00:01-03:00
-------------------------------------

github pull in /home/lachaume/git/autolog
error: cannot pull with rebase: You have unstaged changes.
error: please commit or stash them.

github pull in /data/www/twoptwo.com

executing periodlog.py in /home/lachaume/git/autolog/scripts

git add * in /home/lachaume/git/autolog
git commit
git push
To github.com:loqueelvientoajuarez/obslog.git
   0e557551..a8c9618c  master -> master


git add * in /data/www/twoptwo.com
git commit

daily.sh at 2022-10-16T16:01:01-03:00
-------------------------------------

github pull in /home/lachaume/git/autolog
error: cannot pull with rebase: You have unstaged changes.
error: please commit or stash them.

github pull in /data/www/twoptwo.com
To github.com:loqueelvientoajuarez/2.2m-website.git
   a6336de..9ca09d5  main -> main


executing periodlog.py in /home/lachaume/git/autolog/scripts

git add * in /home/lachaume/git/autolog
git commit
git push
To github.com:loqueelvientoajuarez/obslog.git
   a8c9618c..e485f038  master -> master


git add * in /data/www/twoptwo.com
git commit
To github.com:loqueelvientoajuarez/2.2m-website.git
   9ca09d5..f5b76a1  main -> main


daily.sh at 2022-10-16T16:02:01-03:00
-------------------------------------

github pull in /home/lachaume/git/autolog
error: cannot pull with rebase: You have unstaged changes.
error: please commit or stash them.

github pull in /data/www/twoptwo.com

executing periodlog.py in /home/lachaume/git/autolog/scripts

git add * in /home/lachaume/git/autolog
git commit
git push
To github.com:loqueelvientoajuarez/obslog.git
   e485f038..539d37c4  master -> master


git add * in /data/www/twoptwo.com
git commit
Everything up-to-date


daily.sh at 2022-10-16T16:03:01-03:00
-------------------------------------

github pull in /home/lachaume/git/autolog
error: cannot pull with rebase: You have unstaged changes.
error: please commit or stash them.

github pull in /data/www/twoptwo.com

executing periodlog.py in /home/lachaume/git/autolog/scripts

git add * in /home/lachaume/git/autolog
git commit
git push
To github.com:loqueelvientoajuarez/obslog.git
   539d37c4..a9e67995  master -> master


git add * in /data/www/twoptwo.com
git commit
Everything up-to-date


daily.sh at 2022-10-16T16:04:01-03:00
-------------------------------------

github pull in /home/lachaume/git/autolog
error: cannot pull with rebase: You have unstaged changes.
error: please commit or stash them.

github pull in /data/www/twoptwo.com

executing periodlog.py in /home/lachaume/git/autolog/scripts

git add * in /home/lachaume/git/autolog
git commit
git push
To github.com:loqueelvientoajuarez/obslog.git
   a9e67995..a8988cd7  master -> master


git add * in /data/www/twoptwo.com
git commit
Everything up-to-date


daily.sh at 2022-10-16T16:05:01-03:00
-------------------------------------

github pull in /home/lachaume/git/autolog
error: cannot pull with rebase: You have unstaged changes.
error: please commit or stash them.

github pull in /data/www/twoptwo.com

executing periodlog.py in /home/lachaume/git/autolog/scripts

git add * in /home/lachaume/git/autolog
git commit
git push
To github.com:loqueelvientoajuarez/obslog.git
   a8988cd7..eeb2adb5  master -> master


git add * in /data/www/twoptwo.com
git commit
Everything up-to-date


daily.sh at 2022-10-16T16:06:01-03:00
-------------------------------------

github pull in /home/lachaume/git/autolog
error: cannot pull with rebase: You have unstaged changes.
error: please commit or stash them.

github pull in /data/www/twoptwo.com

executing periodlog.py in /home/lachaume/git/autolog/scripts

git add * in /home/lachaume/git/autolog
git commit
git push
To github.com:loqueelvientoajuarez/obslog.git
   eeb2adb5..2d143146  master -> master


git add * in /data/www/twoptwo.com
git commit
Everything up-to-date


daily.sh at 2022-10-16T16:07:01-03:00
-------------------------------------

github pull in /home/lachaume/git/autolog
error: cannot pull with rebase: You have unstaged changes.
error: please commit or stash them.

github pull in /data/www/twoptwo.com

executing periodlog.py in /home/lachaume/git/autolog/scripts

daily.sh at 2022-10-16T16:08:01-03:00
-------------------------------------

github pull in /home/lachaume/git/autolog
error: cannot pull with rebase: You have unstaged changes.
error: please commit or stash them.

github pull in /data/www/twoptwo.com

executing periodlog.py in /home/lachaume/git/autolog/scripts

git add * in /home/lachaume/git/autolog
git commit
git push
To github.com:loqueelvientoajuarez/obslog.git
   2d143146..a1a22b04  master -> master


git add * in /data/www/twoptwo.com
git commit
Everything up-to-date


git add * in /home/lachaume/git/autolog
git commit
git push
To github.com:loqueelvientoajuarez/obslog.git
   a1a22b04..963e5cd1  master -> master


git add * in /data/www/twoptwo.com
git commit
Everything up-to-date


daily.sh at 2022-10-16T16:09:01-03:00
-------------------------------------

github pull in /home/lachaume/git/autolog
error: cannot pull with rebase: You have unstaged changes.
error: please commit or stash them.

github pull in /data/www/twoptwo.com

executing periodlog.py in /home/lachaume/git/autolog/scripts

git add * in /home/lachaume/git/autolog
