
daily.sh at 2022-08-27T16:00:01-04:00
-------------------------------------

github pull in /home/lachaume/git/autolog

github pull in /data/www/twoptwo.com

executing periodlog.py in /home/lachaume/git/autolog/scripts

daily.sh at 2022-08-27T16:01:01-04:00
-------------------------------------

github pull in /home/lachaume/git/autolog

github pull in /data/www/twoptwo.com

executing periodlog.py in /home/lachaume/git/autolog/scripts

daily.sh at 2022-08-27T16:02:01-04:00
-------------------------------------

github pull in /home/lachaume/git/autolog

github pull in /data/www/twoptwo.com

executing periodlog.py in /home/lachaume/git/autolog/scripts

daily.sh at 2022-08-27T16:03:01-04:00
-------------------------------------

github pull in /home/lachaume/git/autolog

github pull in /data/www/twoptwo.com

executing periodlog.py in /home/lachaume/git/autolog/scripts

daily.sh at 2022-08-27T16:04:01-04:00
-------------------------------------

github pull in /home/lachaume/git/autolog

github pull in /data/www/twoptwo.com

executing periodlog.py in /home/lachaume/git/autolog/scripts
github pull in /home/lachaume/git/autolog

daily.sh at 2022-08-27T16:05:01-04:00
-------------------------------------


github pull in /data/www/twoptwo.com

executing periodlog.py in /home/lachaume/git/autolog/scripts

daily.sh at 2022-08-27T16:06:01-04:00
-------------------------------------

github pull in /home/lachaume/git/autolog

github pull in /data/www/twoptwo.com

executing periodlog.py in /home/lachaume/git/autolog/scripts

daily.sh at 2022-08-27T16:07:01-04:00
-------------------------------------

github pull in /home/lachaume/git/autolog

github pull in /data/www/twoptwo.com

executing periodlog.py in /home/lachaume/git/autolog/scripts

daily.sh at 2022-08-27T16:08:01-04:00
-------------------------------------

github pull in /home/lachaume/git/autolog

github pull in /data/www/twoptwo.com

executing periodlog.py in /home/lachaume/git/autolog/scripts

daily.sh at 2022-08-27T16:09:01-04:00
-------------------------------------

github pull in /home/lachaume/git/autolog

github pull in /data/www/twoptwo.com

executing periodlog.py in /home/lachaume/git/autolog/scripts
github pull in /home/lachaume/git/autolog

daily.sh at 2022-08-27T16:10:01-04:00
-------------------------------------


github pull in /data/www/twoptwo.com

executing periodlog.py in /home/lachaume/git/autolog/scripts

daily.sh at 2022-08-27T16:11:01-04:00
-------------------------------------

github pull in /home/lachaume/git/autolog

github pull in /data/www/twoptwo.com

executing periodlog.py in /home/lachaume/git/autolog/scripts

daily.sh at 2022-08-27T16:12:01-04:00
-------------------------------------

github pull in /home/lachaume/git/autolog

github pull in /data/www/twoptwo.com

executing periodlog.py in /home/lachaume/git/autolog/scripts

daily.sh at 2022-08-27T16:13:01-04:00
-------------------------------------

github pull in /home/lachaume/git/autolog

github pull in /data/www/twoptwo.com

executing periodlog.py in /home/lachaume/git/autolog/scripts

daily.sh at 2022-08-27T16:14:01-04:00
-------------------------------------

github pull in /home/lachaume/git/autolog

github pull in /data/www/twoptwo.com

executing periodlog.py in /home/lachaume/git/autolog/scripts

git add * in /home/lachaume/git/autolog
git commit

git add * in /home/lachaume/git/autolog
git commit
git push
git push
To github.com:loqueelvientoajuarez/obslog.git
   ac856390..615b862b  master -> master

To github.com:loqueelvientoajuarez/obslog.git
 ! [remote rejected]   master -> master (cannot lock ref 'refs/heads/master': is at 615b862bd6f03c3a14a84636f7229e8c1c64a1d8 but expected ac856390401859ce3f6db530f710474bbe737bc7)
error: failed to push some refs to 'github.com:loqueelvientoajuarez/obslog.git'


git add * in /data/www/twoptwo.com
git commit

git add * in /data/www/twoptwo.com
git commit

git add * in /home/lachaume/git/autolog
git commit
git push
To github.com:loqueelvientoajuarez/2.2m-website.git
 ! [remote rejected] main -> main (cannot lock ref 'refs/heads/main': is at 5398f902f2219566d1ae9ca20e9838503ffb940f but expected 322977334499176449bf9038a7939ec5805148ae)
error: failed to push some refs to 'github.com:loqueelvientoajuarez/2.2m-website.git'

To github.com:loqueelvientoajuarez/2.2m-website.git
   3229773..5398f90  main -> main

To github.com:loqueelvientoajuarez/obslog.git
   615b862b..ebbbe95c  master -> master


git add * in /data/www/twoptwo.com
git commit
Everything up-to-date


daily.sh at 2022-08-27T16:15:01-04:00
-------------------------------------

github pull in /home/lachaume/git/autolog

github pull in /data/www/twoptwo.com

executing periodlog.py in /home/lachaume/git/autolog/scripts

git add * in /home/lachaume/git/autolog
git commit
git push
To github.com:loqueelvientoajuarez/obslog.git
   ebbbe95c..60ba4223  master -> master


git add * in /data/www/twoptwo.com
git commit
Everything up-to-date


daily.sh at 2022-08-27T16:16:01-04:00
-------------------------------------

github pull in /home/lachaume/git/autolog

github pull in /data/www/twoptwo.com

executing periodlog.py in /home/lachaume/git/autolog/scripts

git add * in /home/lachaume/git/autolog
