
daily.sh at 2022-07-06T16:00:01-04:00
-------------------------------------

github pull in /home/lachaume/git/autolog
Already up to date.

github pull in /data/www/twoptwo.com
Already up to date.

executing periodlog.py in /home/lachaume/git/autolog/scripts
2022-04-01: fetching raw log from ESO TAP service

            SELECT period, object, target, ra, dec, dp_id, telescope, instrument, prog_id, pi_coi, dp_cat, dp_tech, dp_type, exposure, det_dit, det_ndit, filter_path, ob_name, ob_id, tel_airm_start, tel_airm_end, tel_ambi_fwhm_start, tel_ambi_fwhm_end, tpl_seqno, tpl_start, tpl_expno, exp_start
            FROM dbo.raw
            WHERE 
                    exp_start BETWEEN '2022-04-01T16:42:55' AND '2022-04-02T16:42:55'
                AND telescope in ('ESO-2.2m', 'ESO/2.2m', '2.2m', 'MPI-2.2', 'MPG-2.2', 'MPG/ESO-2.2', 'MPG/ESO-220')
            ORDER BY exp_start ASC
        

git add * in /home/lachaume/git/autolog
git commit
[master d4ae988] automatic update of 2022-07-06
 4 files changed, 2547 insertions(+)
 create mode 100644 scripts/logs/2022-07-06.err
 create mode 100644 scripts/logs/2022-07-06.log
git push

sync /data/www/twoptwo.com to live website http://www.astro.puc.cl/2.2m

daily.sh at 2022-07-06T16:01:01-04:00
-------------------------------------

github pull in /home/lachaume/git/autolog
ssh: Could not resolve hostname black.astro.puc.cl: Temporary failure in name resolution
rsync: connection unexpectedly closed (0 bytes received so far) [sender]
rsync error: unexplained error (code 255) at io.c(228) [sender=3.2.3]

git add * in /data/www/twoptwo.com
git commit
On branch main
Your branch is up to date with 'origin/main'.

nothing to commit, working tree clean

github pull in /data/www/twoptwo.com

Already up to date.

executing periodlog.py in /home/lachaume/git/autolog/scripts

daily.sh at 2022-07-06T16:02:01-04:00
-------------------------------------

github pull in /home/lachaume/git/autolog
2022-04-01: fetching raw log from ESO TAP service

            SELECT period, object, target, ra, dec, dp_id, telescope, instrument, prog_id, pi_coi, dp_cat, dp_tech, dp_type, exposure, det_dit, det_ndit, filter_path, ob_name, ob_id, tel_airm_start, tel_airm_end, tel_ambi_fwhm_start, tel_ambi_fwhm_end, tpl_seqno, tpl_start, tpl_expno, exp_start
            FROM dbo.raw
            WHERE 
                    exp_start BETWEEN '2022-04-01T16:42:55' AND '2022-04-02T16:42:55'
                AND telescope in ('ESO-2.2m', 'ESO/2.2m', '2.2m', 'MPI-2.2', 'MPG-2.2', 'MPG/ESO-2.2', 'MPG/ESO-220')
            ORDER BY exp_start ASC
        
Saving to ascii.ecsv
Cached to ./ESO-2.2m/taps/P109/2022-04-01/tap-ESO-2.2m-P109-2022-04-01.csv
2022-04-01: processing raw log
2022-04-01: ephemeris read from disk
Saving to ascii.ecsv
2022-04-01: cached to disk
2022-04-02: fetching raw log from ESO TAP service

            SELECT period, object, target, ra, dec, dp_id, telescope, instrument, prog_id, pi_coi, dp_cat, dp_tech, dp_type, exposure, det_dit, det_ndit, filter_path, ob_name, ob_id, tel_airm_start, tel_airm_end, tel_ambi_fwhm_start, tel_ambi_fwhm_end, tpl_seqno, tpl_start, tpl_expno, exp_start
            FROM dbo.raw
            WHERE 
                    exp_start BETWEEN '2022-04-02T16:42:55' AND '2022-04-03T16:42:55'
                AND telescope in ('ESO-2.2m', 'ESO/2.2m', '2.2m', 'MPI-2.2', 'MPG-2.2', 'MPG/ESO-2.2', 'MPG/ESO-220')
            ORDER BY exp_start ASC
        
Saving to ascii.ecsv
Cached to ./ESO-2.2m/taps/P109/2022-04-02/tap-ESO-2.2m-P109-2022-04-02.csv
2022-04-02: processing raw log
2022-04-02: ephemeris read from disk
Saving to ascii.ecsv
2022-04-02: cached to disk
2022-04-03: fetching raw log from ESO TAP service

            SELECT period, object, target, ra, dec, dp_id, telescope, instrument, prog_id, pi_coi, dp_cat, dp_tech, dp_type, exposure, det_dit, det_ndit, filter_path, ob_name, ob_id, tel_airm_start, tel_airm_end, tel_ambi_fwhm_start, tel_ambi_fwhm_end, tpl_seqno, tpl_start, tpl_expno, exp_start
            FROM dbo.raw
            WHERE 
                    exp_start BETWEEN '2022-04-03T16:42:55' AND '2022-04-04T16:42:55'
                AND telescope in ('ESO-2.2m', 'ESO/2.2m', '2.2m', 'MPI-2.2', 'MPG-2.2', 'MPG/ESO-2.2', 'MPG/ESO-220')
            ORDER BY exp_start ASC
        

git add * in /home/lachaume/git/autolog
