
daily.sh at 2022-10-20T16:00:01-03:00
-------------------------------------

github pull in /home/lachaume/git/autolog
error: cannot pull with rebase: You have unstaged changes.
error: please commit or stash them.

github pull in /data/www/twoptwo.com

executing periodlog.py in /home/lachaume/git/autolog/scripts

git add * in /home/lachaume/git/autolog
git commit
git push

daily.sh at 2022-10-20T16:01:01-03:00
-------------------------------------

github pull in /home/lachaume/git/autolog
error: cannot pull with rebase: You have unstaged changes.
error: please commit or stash them.

github pull in /data/www/twoptwo.com

executing periodlog.py in /home/lachaume/git/autolog/scripts
To github.com:loqueelvientoajuarez/obslog.git
   d9d20547..d1eccf31  master -> master


git add * in /data/www/twoptwo.com
git commit
To github.com:loqueelvientoajuarez/2.2m-website.git
   7eddd7c5..281a994f  main -> main


git add * in /home/lachaume/git/autolog
