
daily.sh at 2022-07-10T16:00:01-04:00
-------------------------------------

github pull in /home/lachaume/git/autolog

github pull in /data/www/twoptwo.com

executing periodlog.py in /home/lachaume/git/autolog/scripts

daily.sh at 2022-07-10T16:01:01-04:00
-------------------------------------

github pull in /home/lachaume/git/autolog

github pull in /data/www/twoptwo.com

executing periodlog.py in /home/lachaume/git/autolog/scripts

daily.sh at 2022-07-10T16:02:01-04:00
-------------------------------------

github pull in /home/lachaume/git/autolog

github pull in /data/www/twoptwo.com

executing periodlog.py in /home/lachaume/git/autolog/scripts

daily.sh at 2022-07-10T16:03:01-04:00
-------------------------------------

github pull in /home/lachaume/git/autolog

github pull in /data/www/twoptwo.com

executing periodlog.py in /home/lachaume/git/autolog/scripts

daily.sh at 2022-07-10T16:04:01-04:00
-------------------------------------

github pull in /home/lachaume/git/autolog

github pull in /data/www/twoptwo.com

executing periodlog.py in /home/lachaume/git/autolog/scripts

daily.sh at 2022-07-10T16:05:01-04:00
-------------------------------------

github pull in /home/lachaume/git/autolog

github pull in /data/www/twoptwo.com

executing periodlog.py in /home/lachaume/git/autolog/scripts

daily.sh at 2022-07-10T16:06:01-04:00
-------------------------------------

github pull in /home/lachaume/git/autolog

github pull in /data/www/twoptwo.com

executing periodlog.py in /home/lachaume/git/autolog/scripts

daily.sh at 2022-07-10T16:07:01-04:00
-------------------------------------

github pull in /home/lachaume/git/autolog

github pull in /data/www/twoptwo.com

executing periodlog.py in /home/lachaume/git/autolog/scripts

daily.sh at 2022-07-10T16:08:01-04:00
-------------------------------------

github pull in /home/lachaume/git/autolog

github pull in /data/www/twoptwo.com

executing periodlog.py in /home/lachaume/git/autolog/scripts

daily.sh at 2022-07-10T16:09:01-04:00
-------------------------------------

github pull in /home/lachaume/git/autolog

github pull in /data/www/twoptwo.com

executing periodlog.py in /home/lachaume/git/autolog/scripts

daily.sh at 2022-07-10T16:10:01-04:00
-------------------------------------

github pull in /home/lachaume/git/autolog

github pull in /data/www/twoptwo.com

executing periodlog.py in /home/lachaume/git/autolog/scripts

daily.sh at 2022-07-10T16:11:01-04:00
-------------------------------------

github pull in /home/lachaume/git/autolog

git add * in /home/lachaume/git/autolog
git commit
warning: fetch updated the current branch head.
fast-forwarding your working tree from
commit 01b224687e86821c1eaa2e577ec7381de5a445fc.
error: Your local changes to the following files would be overwritten by merge:
	scripts/ESO-2.2m/logs/P109/2022-04-01/index.shtml
	scripts/ESO-2.2m/logs/P109/2022-04-02/index.shtml
	scripts/ESO-2.2m/logs/P109/2022-04-03/index.shtml
	scripts/ESO-2.2m/logs/P109/2022-04-04/index.shtml
	scripts/ESO-2.2m/logs/P109/2022-04-05/index.shtml
	scripts/ESO-2.2m/logs/P109/2022-04-06/index.shtml
	scripts/ESO-2.2m/logs/P109/2022-04-07/index.shtml
	scripts/ESO-2.2m/logs/P109/2022-04-08/index.shtml
	scripts/ESO-2.2m/logs/P109/2022-04-09/index.shtml
	scripts/ESO-2.2m/logs/P109/2022-04-10/index.shtml
	scripts/ESO-2.2m/logs/P109/2022-04-11/index.shtml
	scripts/ESO-2.2m/logs/P109/2022-04-12/index.shtml
	scripts/ESO-2.2m/logs/P109/2022-04-13/index.shtml
	scripts/ESO-2.2m/logs/P109/2022-04-14/index.shtml
	scripts/ESO-2.2m/logs/P109/2022-04-15/index.shtml
	scripts/ESO-2.2m/logs/P109/2022-04-16/index.shtml
	scripts/ESO-2.2m/logs/P109/2022-04-17/index.shtml
	scripts/ESO-2.2m/logs/P109/2022-04-18/index.shtml
	scripts/ESO-2.2m/logs/P109/2022-04-19/index.shtml
	scripts/ESO-2.2m/logs/P109/2022-04-20/index.shtml
	scripts/ESO-2.2m/logs/P109/2022-04-21/index.shtml
	scripts/ESO-2.2m/logs/P109/2022-04-22/index.shtml
	scripts/ESO-2.2m/logs/P109/2022-04-23/index.shtml
	scripts/ESO-2.2m/logs/P109/2022-04-24/index.shtml
	scripts/ESO-2.2m/logs/P109/2022-04-25/index.shtml
	scripts/ESO-2.2m/logs/P109/2022-04-26/index.shtml
	scripts/ESO-2.2m/logs/P109/2022-04-27/index.shtml
	scripts/ESO-2.2m/logs/P109/2022-04-28/index.shtml
	scripts/ESO-2.2m/logs/P109/2022-04-29/index.shtml
	scripts/ESO-2.2m/logs/P109/2022-04-30/index.shtml
	scripts/ESO-2.2m/logs/P109/2022-05-01/index.shtml
	scripts/ESO-2.2m/logs/P109/2022-05-02/index.shtml
	scripts/ESO-2.2m/logs/P109/2022-05-03/index.shtml
	scripts/ESO-2.2m/logs/P109/2022-05-04/index.shtml
	scripts/ESO-2.2m/logs/P109/2022-05-05/index.shtml
	scripts/ESO-2.2m/logs/P109/2022-05-06/index.shtml
	scripts/ESO-2.2m/logs/P109/2022-05-07/index.shtml
	scripts/ESO-2.2m/logs/P109/2022-05-08/index.shtml
	scripts/ESO-2.2m/logs/P109/2022-05-09/index.shtml
	scripts/ESO-2.2m/logs/P109/2022-05-10/index.shtml
	scripts/ESO-2.2m/logs/P109/2022-05-11/index.shtml
	scripts/ESO-2.2m/logs/P109/2022-05-12/index.shtml
	scripts/ESO-2.2m/logs/P109/2022-05-13/index.shtml
	scripts/ESO-2.2m/logs/P109/2022-05-14/index.shtml
	scripts/ESO-2.2m/logs/P109/2022-05-15/index.shtml
	scripts/ESO-2.2m/logs/P109/2022-05-16/index.shtml
	scripts/ESO-2.2m/logs/P109/2022-05-17/index.shtml
	scripts/ESO-2.2m/logs/P109/2022-05-18/index.shtml
	scripts/ESO-2.2m/logs/P109/2022-05-19/index.shtml
	scripts/ESO-2.2m/logs/P109/2022-05-20/index.shtml
	scripts/ESO-2.2m/logs/P109/2022-05-21/index.shtml
	scripts/ESO-2.2m/logs/P109/2022-05-22/index.shtml
	scripts/ESO-2.2m/logs/P109/2022-05-23/index.shtml
	scripts/ESO-2.2m/logs/P109/2022-05-24/index.shtml
	scripts/ESO-2.2m/logs/P109/2022-05-25/index.shtml
	scripts/ESO-2.2m/logs/P109/2022-05-26/index.shtml
	scripts/ESO-2.2m/logs/P109/2022-05-27/index.shtml
	scripts/ESO-2.2m/logs/P109/2022-05-28/index.shtml
	scripts/ESO-2.2m/logs/P109/2022-05-29/index.shtml
	scripts/ESO-2.2m/logs/P109/2022-05-30/index.shtml
	scripts/ESO-2.2m/logs/P109/2022-05-31/index.shtml
	scripts/ESO-2.2m/logs/P109/2022-06-01/index.shtml
	scripts/ESO-2.2m/logs/P109/2022-06-02/index.shtml
	scripts/ESO-2.2m/logs/P109/2022-06-03/index.shtml
	scripts/ESO-2.2m/logs/P109/2022-06-04/index.shtml
	scripts/ESO-2.2m/logs/P109/2022-06-05/index.shtml
	scripts/ESO-2.2m/logs/P109/2022-06-06/index.shtml
	scripts/ESO-2.2m/logs/P109/2022-06-07/index.shtml
	scripts/ESO-2.2m/logs/P109/2022-06-08/index.shtml
	scripts/ESO-2.2m/logs/P109/2022-06-09/index.shtml
	scripts/ESO-2.2m/logs/P109/2022-06-10/index.shtml
	scripts/ESO-2.2m/logs/P109/2022-06-11/index.shtml
	scripts/ESO-2.2m/logs/P109/2022-06-12/index.shtml
	scripts/ESO-2.2m/logs/P109/2022-06-13/index.shtml
	scripts/ESO-2.2m/logs/P109/2022-06-14/index.shtml
	scripts/ESO-2.2m/logs/P109/2022-06-15/index.shtml
	scripts/ESO-2.2m/logs/P109/2022-06-16/index.shtml
	scripts/ESO-2.2m/logs/P109/2022-06-17/index.shtml
	scripts/ESO-2.2m/logs/P109/2022-06-1
error: The following untracked working tree files would be overwritten by merge:
	scripts/ESO-2.2m/logs/P109/2022-07-09/index.shtml
	scripts/ESO-2.2m/logs/P109/2022-07-09/log-ESO-2.2m-P109-2022-07-09.csv
	scripts/ESO-2.2m/taps/P109/2022-07-09/tap-ESO-2.2m-P109-2022-07-09.csv
	scripts/logs/2022-07-10.err
	scripts/logs/2022-07-10.log
Please move or remove them before you merge.
Aborting
fatal: Cannot fast-forward your working tree.
After making sure that you saved anything precious from
$ git diff 01b224687e86821c1eaa2e577ec7381de5a445fc
output, run
$ git reset --hard
to recover.

github pull in /data/www/twoptwo.com
git push

executing periodlog.py in /home/lachaume/git/autolog/scripts

git add * in /home/lachaume/git/autolog
