
daily.sh at 2023-02-08T16:00:01-03:00
-------------------------------------

github pull in /home/lachaume/git/autolog
error: cannot pull with rebase: You have unstaged changes.
error: please commit or stash them.

github pull in /data/www/twoptwo.com

executing periodlog.py in /home/lachaume/git/autolog/scripts

daily.sh at 2023-02-08T16:01:01-03:00
-------------------------------------

github pull in /home/lachaume/git/autolog
error: cannot pull with rebase: You have unstaged changes.
error: please commit or stash them.

github pull in /data/www/twoptwo.com

executing periodlog.py in /home/lachaume/git/autolog/scripts

daily.sh at 2023-02-08T16:02:01-03:00
-------------------------------------

github pull in /home/lachaume/git/autolog
error: cannot pull with rebase: You have unstaged changes.
error: please commit or stash them.

github pull in /data/www/twoptwo.com

executing periodlog.py in /home/lachaume/git/autolog/scripts

daily.sh at 2023-02-08T16:03:01-03:00
-------------------------------------

github pull in /home/lachaume/git/autolog
error: cannot pull with rebase: You have unstaged changes.
error: please commit or stash them.

github pull in /data/www/twoptwo.com

executing periodlog.py in /home/lachaume/git/autolog/scripts

daily.sh at 2023-02-08T16:04:01-03:00
-------------------------------------

github pull in /home/lachaume/git/autolog
error: cannot pull with rebase: You have unstaged changes.
error: please commit or stash them.

github pull in /data/www/twoptwo.com

executing periodlog.py in /home/lachaume/git/autolog/scripts

daily.sh at 2023-02-08T16:05:01-03:00
-------------------------------------

github pull in /home/lachaume/git/autolog
error: cannot pull with rebase: You have unstaged changes.
error: please commit or stash them.

github pull in /data/www/twoptwo.com

executing periodlog.py in /home/lachaume/git/autolog/scripts

daily.sh at 2023-02-08T16:06:01-03:00
-------------------------------------

github pull in /home/lachaume/git/autolog
error: cannot pull with rebase: You have unstaged changes.
error: please commit or stash them.

github pull in /data/www/twoptwo.com

executing periodlog.py in /home/lachaume/git/autolog/scripts

daily.sh at 2023-02-08T16:07:01-03:00
-------------------------------------

github pull in /home/lachaume/git/autolog
error: cannot pull with rebase: You have unstaged changes.
error: please commit or stash them.

github pull in /data/www/twoptwo.com

executing periodlog.py in /home/lachaume/git/autolog/scripts

git add * in /home/lachaume/git/autolog
git commit
git push

git add * in /home/lachaume/git/autolog
git commit
git push
To github.com:loqueelvientoajuarez/obslog.git
   bc0ca5c01..f14e1ec77  master -> master

To github.com:loqueelvientoajuarez/obslog.git
 ! [remote rejected]     master -> master (cannot lock ref 'refs/heads/master': is at f14e1ec77138edc11bbd82c5a27ab6045c0eeee6 but expected bc0ca5c0162bc4ef3c7c73b96841f43a275f7568)
error: failed to push some refs to 'github.com:loqueelvientoajuarez/obslog.git'


git add * in /data/www/twoptwo.com
git commit

git add * in /data/www/twoptwo.com
git commit
To github.com:loqueelvientoajuarez/2.2m-website.git
   57da63a1..8c2be021  main -> main

Everything up-to-date


git add * in /home/lachaume/git/autolog
git commit
git push
To github.com:loqueelvientoajuarez/obslog.git
   f14e1ec77..f65765ba5  master -> master


git add * in /data/www/twoptwo.com
git commit
Everything up-to-date


daily.sh at 2023-02-08T16:08:00-03:00
-------------------------------------

github pull in /home/lachaume/git/autolog
error: cannot pull with rebase: You have unstaged changes.
error: please commit or stash them.

github pull in /data/www/twoptwo.com

executing periodlog.py in /home/lachaume/git/autolog/scripts

git add * in /home/lachaume/git/autolog
git commit
git push
To github.com:loqueelvientoajuarez/obslog.git
   f65765ba5..2f026b39f  master -> master


git add * in /data/www/twoptwo.com
git commit
Everything up-to-date


daily.sh at 2023-02-08T16:09:01-03:00
-------------------------------------

github pull in /home/lachaume/git/autolog
error: cannot pull with rebase: You have unstaged changes.
error: please commit or stash them.

github pull in /data/www/twoptwo.com

executing periodlog.py in /home/lachaume/git/autolog/scripts

git add * in /home/lachaume/git/autolog
git commit
git push
To github.com:loqueelvientoajuarez/obslog.git
   2f026b39f..4da8af432  master -> master


daily.sh at 2023-02-08T16:10:01-03:00
-------------------------------------

github pull in /home/lachaume/git/autolog
error: cannot pull with rebase: You have unstaged changes.
error: please commit or stash them.

github pull in /data/www/twoptwo.com

git add * in /data/www/twoptwo.com
git commit

executing periodlog.py in /home/lachaume/git/autolog/scripts
Everything up-to-date


daily.sh at 2023-02-08T16:11:01-03:00
-------------------------------------

github pull in /home/lachaume/git/autolog
error: cannot pull with rebase: You have unstaged changes.
error: please commit or stash them.

github pull in /data/www/twoptwo.com

executing periodlog.py in /home/lachaume/git/autolog/scripts

git add * in /home/lachaume/git/autolog
git commit
git push
To github.com:loqueelvientoajuarez/obslog.git
   4da8af432..26e2a3ee8  master -> master


git add * in /data/www/twoptwo.com
git commit
To github.com:loqueelvientoajuarez/2.2m-website.git
   8c2be021..15e20699  main -> main


daily.sh at 2023-02-08T16:12:01-03:00
-------------------------------------

github pull in /home/lachaume/git/autolog
error: cannot pull with rebase: You have unstaged changes.
error: please commit or stash them.

github pull in /data/www/twoptwo.com

executing periodlog.py in /home/lachaume/git/autolog/scripts

git add * in /home/lachaume/git/autolog
git commit
git push
To github.com:loqueelvientoajuarez/obslog.git
   26e2a3ee8..e497a02e9  master -> master


git add * in /data/www/twoptwo.com
git commit
Everything up-to-date


daily.sh at 2023-02-08T16:13:01-03:00
-------------------------------------

github pull in /home/lachaume/git/autolog
error: cannot pull with rebase: You have unstaged changes.
error: please commit or stash them.

github pull in /data/www/twoptwo.com

git add * in /home/lachaume/git/autolog
git commit
git push

executing periodlog.py in /home/lachaume/git/autolog/scripts
To github.com:loqueelvientoajuarez/obslog.git
   e497a02e9..859e57d8c  master -> master


git add * in /data/www/twoptwo.com
git commit
Everything up-to-date


git add * in /home/lachaume/git/autolog
git commit
git push
To github.com:loqueelvientoajuarez/obslog.git
   859e57d8c..44fb76a2c  master -> master


git add * in /data/www/twoptwo.com
git commit
Everything up-to-date


daily.sh at 2023-02-08T16:14:01-03:00
-------------------------------------

github pull in /home/lachaume/git/autolog
error: cannot pull with rebase: You have unstaged changes.
error: please commit or stash them.

github pull in /data/www/twoptwo.com

executing periodlog.py in /home/lachaume/git/autolog/scripts

git add * in /home/lachaume/git/autolog
git commit
git push
To github.com:loqueelvientoajuarez/obslog.git
   44fb76a2c..06229329e  master -> master


git add * in /data/www/twoptwo.com
git commit

daily.sh at 2023-02-08T16:15:01-03:00
-------------------------------------

github pull in /home/lachaume/git/autolog
error: cannot pull with rebase: You have unstaged changes.
error: please commit or stash them.

github pull in /data/www/twoptwo.com
Everything up-to-date


executing periodlog.py in /home/lachaume/git/autolog/scripts

git add * in /home/lachaume/git/autolog
git commit
git push

daily.sh at 2023-02-08T16:16:01-03:00
-------------------------------------

github pull in /home/lachaume/git/autolog
error: cannot pull with rebase: You have unstaged changes.
error: please commit or stash them.

github pull in /data/www/twoptwo.com
To github.com:loqueelvientoajuarez/obslog.git
   06229329e..f9787ec7a  master -> master


git add * in /data/www/twoptwo.com
git commit

executing periodlog.py in /home/lachaume/git/autolog/scripts
Everything up-to-date


git add * in /home/lachaume/git/autolog
git commit
git push

daily.sh at 2023-02-08T16:17:01-03:00
-------------------------------------

github pull in /home/lachaume/git/autolog
error: cannot pull with rebase: You have unstaged changes.
error: please commit or stash them.

github pull in /data/www/twoptwo.com
To github.com:loqueelvientoajuarez/obslog.git
   f9787ec7a..c527c43a0  master -> master


executing periodlog.py in /home/lachaume/git/autolog/scripts

git add * in /data/www/twoptwo.com
git commit
Everything up-to-date


git add * in /home/lachaume/git/autolog
git commit
git push

daily.sh at 2023-02-08T16:18:01-03:00
-------------------------------------

github pull in /home/lachaume/git/autolog
error: cannot pull with rebase: You have unstaged changes.
error: please commit or stash them.

github pull in /data/www/twoptwo.com

executing periodlog.py in /home/lachaume/git/autolog/scripts
To github.com:loqueelvientoajuarez/obslog.git
   c527c43a0..0950103a0  master -> master


git add * in /data/www/twoptwo.com
git commit
To github.com:loqueelvientoajuarez/2.2m-website.git
   15e20699..c26425bb  main -> main


git add * in /home/lachaume/git/autolog
git commit
git push
To github.com:loqueelvientoajuarez/obslog.git
   0950103a0..a1dc15a40  master -> master


git add * in /data/www/twoptwo.com
git commit
Everything up-to-date


daily.sh at 2023-02-08T16:19:01-03:00
-------------------------------------

github pull in /home/lachaume/git/autolog
error: cannot pull with rebase: You have unstaged changes.
error: please commit or stash them.

github pull in /data/www/twoptwo.com

executing periodlog.py in /home/lachaume/git/autolog/scripts

daily.sh at 2023-02-08T16:20:01-03:00
-------------------------------------

github pull in /home/lachaume/git/autolog
error: cannot pull with rebase: You have unstaged changes.
error: please commit or stash them.

github pull in /data/www/twoptwo.com

executing periodlog.py in /home/lachaume/git/autolog/scripts

git add * in /home/lachaume/git/autolog
git commit
git push
To github.com:loqueelvientoajuarez/obslog.git
   a1dc15a40..3370508a2  master -> master


git add * in /data/www/twoptwo.com
git commit
Everything up-to-date


git add * in /home/lachaume/git/autolog
git commit
git push

daily.sh at 2023-02-08T16:21:01-03:00
-------------------------------------

github pull in /home/lachaume/git/autolog
error: cannot pull with rebase: You have unstaged changes.
error: please commit or stash them.

github pull in /data/www/twoptwo.com
To github.com:loqueelvientoajuarez/obslog.git
   3370508a2..94e77c4e6  master -> master


executing periodlog.py in /home/lachaume/git/autolog/scripts

git add * in /data/www/twoptwo.com
git commit
Everything up-to-date


git add * in /home/lachaume/git/autolog
git commit
git push
To github.com:loqueelvientoajuarez/obslog.git
   94e77c4e6..5b7b47567  master -> master


git add * in /data/www/twoptwo.com
git commit

daily.sh at 2023-02-08T16:22:01-03:00
-------------------------------------

github pull in /home/lachaume/git/autolog
error: cannot pull with rebase: You have unstaged changes.
error: please commit or stash them.

github pull in /data/www/twoptwo.com
Everything up-to-date


executing periodlog.py in /home/lachaume/git/autolog/scripts

git add * in /home/lachaume/git/autolog
git commit
git push

daily.sh at 2023-02-08T16:23:01-03:00
-------------------------------------

github pull in /home/lachaume/git/autolog
error: cannot pull with rebase: You have unstaged changes.
error: please commit or stash them.

github pull in /data/www/twoptwo.com
To github.com:loqueelvientoajuarez/obslog.git
   5b7b47567..d7fe72329  master -> master


executing periodlog.py in /home/lachaume/git/autolog/scripts

git add * in /data/www/twoptwo.com
git commit
Everything up-to-date


git add * in /home/lachaume/git/autolog
git commit
git push
To github.com:loqueelvientoajuarez/obslog.git
   d7fe72329..3018db6ef  master -> master


git add * in /data/www/twoptwo.com
git commit
Everything up-to-date


daily.sh at 2023-02-08T16:24:01-03:00
-------------------------------------

github pull in /home/lachaume/git/autolog
error: cannot pull with rebase: You have unstaged changes.
error: please commit or stash them.

github pull in /data/www/twoptwo.com

executing periodlog.py in /home/lachaume/git/autolog/scripts

git add * in /home/lachaume/git/autolog
git commit
git push

daily.sh at 2023-02-08T16:25:01-03:00
-------------------------------------

github pull in /home/lachaume/git/autolog
error: cannot pull with rebase: You have unstaged changes.
error: please commit or stash them.

github pull in /data/www/twoptwo.com
To github.com:loqueelvientoajuarez/obslog.git
   3018db6ef..dfbfbe119  master -> master


executing periodlog.py in /home/lachaume/git/autolog/scripts

git add * in /data/www/twoptwo.com
git commit
Everything up-to-date


git add * in /home/lachaume/git/autolog
git commit
git push

daily.sh at 2023-02-08T16:26:01-03:00
-------------------------------------

github pull in /home/lachaume/git/autolog
error: cannot pull with rebase: You have unstaged changes.
error: please commit or stash them.

github pull in /data/www/twoptwo.com

executing periodlog.py in /home/lachaume/git/autolog/scripts
To github.com:loqueelvientoajuarez/obslog.git
   dfbfbe119..2343f4a27  master -> master


git add * in /data/www/twoptwo.com
git commit
Everything up-to-date


git add * in /home/lachaume/git/autolog
git commit
git push
To github.com:loqueelvientoajuarez/obslog.git
   2343f4a27..d6dc7dcb9  master -> master


git add * in /data/www/twoptwo.com
git commit

daily.sh at 2023-02-08T16:27:01-03:00
-------------------------------------

github pull in /home/lachaume/git/autolog
error: cannot pull with rebase: You have unstaged changes.
error: please commit or stash them.

github pull in /data/www/twoptwo.com
Everything up-to-date


executing periodlog.py in /home/lachaume/git/autolog/scripts

git add * in /home/lachaume/git/autolog
git commit
git push

daily.sh at 2023-02-08T16:28:01-03:00
-------------------------------------

github pull in /home/lachaume/git/autolog
error: cannot pull with rebase: You have unstaged changes.
error: please commit or stash them.

github pull in /data/www/twoptwo.com

executing periodlog.py in /home/lachaume/git/autolog/scripts
To github.com:loqueelvientoajuarez/obslog.git
   d6dc7dcb9..4bbe44c55  master -> master


git add * in /data/www/twoptwo.com
git commit
To github.com:loqueelvientoajuarez/2.2m-website.git
   c26425bb..0dd7ede9  main -> main


git add * in /home/lachaume/git/autolog
git commit
git push
To github.com:loqueelvientoajuarez/obslog.git
   4bbe44c55..95eaa24b3  master -> master


git add * in /data/www/twoptwo.com
git commit
Everything up-to-date


daily.sh at 2023-02-08T16:29:01-03:00
-------------------------------------

github pull in /home/lachaume/git/autolog
error: cannot pull with rebase: You have unstaged changes.
error: please commit or stash them.

github pull in /data/www/twoptwo.com

executing periodlog.py in /home/lachaume/git/autolog/scripts

daily.sh at 2023-02-08T16:30:01-03:00
-------------------------------------

github pull in /home/lachaume/git/autolog
error: cannot pull with rebase: You have unstaged changes.
error: please commit or stash them.

github pull in /data/www/twoptwo.com

git add * in /home/lachaume/git/autolog
git commit
git push

executing periodlog.py in /home/lachaume/git/autolog/scripts
To github.com:loqueelvientoajuarez/obslog.git
   95eaa24b3..900b1f9a6  master -> master


git add * in /data/www/twoptwo.com
git commit
Everything up-to-date


git add * in /home/lachaume/git/autolog
git commit
git push

daily.sh at 2023-02-08T16:31:01-03:00
-------------------------------------

github pull in /home/lachaume/git/autolog
error: cannot pull with rebase: You have unstaged changes.
error: please commit or stash them.

github pull in /data/www/twoptwo.com
To github.com:loqueelvientoajuarez/obslog.git
   900b1f9a6..0c2281981  master -> master


executing periodlog.py in /home/lachaume/git/autolog/scripts

git add * in /data/www/twoptwo.com
git commit
Everything up-to-date


git add * in /home/lachaume/git/autolog
git commit
git push
To github.com:loqueelvientoajuarez/obslog.git
   0c2281981..7d8d25e48  master -> master


git add * in /data/www/twoptwo.com
git commit

daily.sh at 2023-02-08T16:32:01-03:00
-------------------------------------

github pull in /home/lachaume/git/autolog
error: cannot pull with rebase: You have unstaged changes.
error: please commit or stash them.

github pull in /data/www/twoptwo.com
Everything up-to-date


executing periodlog.py in /home/lachaume/git/autolog/scripts

git add * in /home/lachaume/git/autolog
git commit
git push

daily.sh at 2023-02-08T16:33:01-03:00
-------------------------------------

github pull in /home/lachaume/git/autolog
error: cannot pull with rebase: You have unstaged changes.
error: please commit or stash them.

github pull in /data/www/twoptwo.com
To github.com:loqueelvientoajuarez/obslog.git
   7d8d25e48..97e53521d  master -> master


executing periodlog.py in /home/lachaume/git/autolog/scripts

git add * in /data/www/twoptwo.com
git commit
Everything up-to-date


git add * in /home/lachaume/git/autolog
git commit
git push
To github.com:loqueelvientoajuarez/obslog.git
   97e53521d..ecff6ceaf  master -> master


git add * in /data/www/twoptwo.com
git commit
Everything up-to-date


daily.sh at 2023-02-08T16:34:01-03:00
-------------------------------------

github pull in /home/lachaume/git/autolog
error: cannot pull with rebase: You have unstaged changes.
error: please commit or stash them.

github pull in /data/www/twoptwo.com

executing periodlog.py in /home/lachaume/git/autolog/scripts

git add * in /home/lachaume/git/autolog
git commit
git push

daily.sh at 2023-02-08T16:35:01-03:00
-------------------------------------

github pull in /home/lachaume/git/autolog
error: cannot pull with rebase: You have unstaged changes.
error: please commit or stash them.

github pull in /data/www/twoptwo.com
To github.com:loqueelvientoajuarez/obslog.git
   ecff6ceaf..a9cc27533  master -> master


executing periodlog.py in /home/lachaume/git/autolog/scripts

git add * in /data/www/twoptwo.com
git commit
Everything up-to-date


git add * in /home/lachaume/git/autolog
