
daily.sh at 2023-07-20T12:38:36-04:00
-------------------------------------

github pull in /home/regis/git/autolog

daily.sh at 2023-07-20T12:38:52-04:00
-------------------------------------

github pull in /home/regis/git/autolog
From github.com:loqueelvientoajuarez/obslog
   c66db63a6..16bea01ae  master     -> origin/master
error: Your local changes to the following files would be overwritten by merge:
	scripts/ESO-2.2m/schedules/P111/index.shtml
	scripts/ESO-2.2m/supports/P111/index.shtml
Please commit your changes or stash them before you merge.
Aborting

github pull in /data/www/twoptwo.com
From github.com:loqueelvientoajuarez/2.2m-website
   840b5b6d..b4a57ff0  main       -> origin/main

executing periodlog.py in /home/regis/git/autolog/scripts

git add * in /home/regis/git/autolog
git commit
git push
To github.com:loqueelvientoajuarez/obslog.git
 ! [rejected]            master -> master (non-fast-forward)
error: failed to push some refs to 'github.com:loqueelvientoajuarez/obslog.git'
hint: Updates were rejected because the tip of your current branch is behind
hint: its remote counterpart. Integrate the remote changes (e.g.
hint: 'git pull ...') before pushing again.
hint: See the 'Note about fast-forwards' in 'git push --help' for details.


git add * in /data/www/twoptwo.com
git commit
To github.com:loqueelvientoajuarez/2.2m-website
   b4a57ff0..7fa44f72  main -> main


daily.sh at 2023-07-20T13:15:11-04:00
-------------------------------------

github pull in /home/regis/git/autolog

github pull in /data/www/twoptwo.com

executing periodlog.py in /home/regis/git/autolog/scripts

git add * in /home/regis/git/autolog
