
daily.sh at 2023-02-02T16:00:01-03:00
-------------------------------------

github pull in /home/lachaume/git/autolog
error: cannot pull with rebase: You have unstaged changes.
error: please commit or stash them.

github pull in /data/www/twoptwo.com

executing periodlog.py in /home/lachaume/git/autolog/scripts

daily.sh at 2023-02-02T16:01:01-03:00
-------------------------------------

github pull in /home/lachaume/git/autolog
error: cannot pull with rebase: You have unstaged changes.
error: please commit or stash them.

github pull in /data/www/twoptwo.com

executing periodlog.py in /home/lachaume/git/autolog/scripts

daily.sh at 2023-02-02T16:02:01-03:00
-------------------------------------

github pull in /home/lachaume/git/autolog
error: cannot pull with rebase: You have unstaged changes.
error: please commit or stash them.

github pull in /data/www/twoptwo.com

executing periodlog.py in /home/lachaume/git/autolog/scripts

daily.sh at 2023-02-02T16:03:01-03:00
-------------------------------------

github pull in /home/lachaume/git/autolog
error: cannot pull with rebase: You have unstaged changes.
error: please commit or stash them.

github pull in /data/www/twoptwo.com

executing periodlog.py in /home/lachaume/git/autolog/scripts

daily.sh at 2023-02-02T16:04:01-03:00
-------------------------------------

github pull in /home/lachaume/git/autolog
error: cannot pull with rebase: You have unstaged changes.
error: please commit or stash them.

github pull in /data/www/twoptwo.com

executing periodlog.py in /home/lachaume/git/autolog/scripts

daily.sh at 2023-02-02T16:05:01-03:00
-------------------------------------

github pull in /home/lachaume/git/autolog
error: cannot pull with rebase: You have unstaged changes.
error: please commit or stash them.

github pull in /data/www/twoptwo.com

executing periodlog.py in /home/lachaume/git/autolog/scripts

daily.sh at 2023-02-02T16:06:01-03:00
-------------------------------------

github pull in /home/lachaume/git/autolog
error: cannot pull with rebase: You have unstaged changes.
error: please commit or stash them.

github pull in /data/www/twoptwo.com

executing periodlog.py in /home/lachaume/git/autolog/scripts

daily.sh at 2023-02-02T16:07:01-03:00
-------------------------------------

github pull in /home/lachaume/git/autolog
error: cannot pull with rebase: You have unstaged changes.
error: please commit or stash them.

github pull in /data/www/twoptwo.com

executing periodlog.py in /home/lachaume/git/autolog/scripts

git add * in /home/lachaume/git/autolog
git commit
git push

git add * in /home/lachaume/git/autolog
git commit
git push
To github.com:loqueelvientoajuarez/obslog.git
   d3b08eb1..41fb04c9  master -> master

To github.com:loqueelvientoajuarez/obslog.git
 ! [remote rejected]   master -> master (cannot lock ref 'refs/heads/master': is at 41fb04c93f6795efc2f38a984bc28f625e98e354 but expected d3b08eb128de730aa9014eb91c5f520c12260177)
error: failed to push some refs to 'github.com:loqueelvientoajuarez/obslog.git'


git add * in /data/www/twoptwo.com
git commit

git add * in /data/www/twoptwo.com
git commit
To github.com:loqueelvientoajuarez/2.2m-website.git
   4639da12..4ea6a81e  main -> main

To github.com:loqueelvientoajuarez/2.2m-website.git
 ! [remote rejected]   main -> main (cannot lock ref 'refs/heads/main': is at 4ea6a81edc82a92cd781a7ba2b35ff605cb76934 but expected 4639da1233be765f135f17ea93c59901a26ff6f0)
error: failed to push some refs to 'github.com:loqueelvientoajuarez/2.2m-website.git'


git add * in /home/lachaume/git/autolog
git commit
git push

daily.sh at 2023-02-02T16:08:01-03:00
-------------------------------------

github pull in /home/lachaume/git/autolog
error: cannot pull with rebase: You have unstaged changes.
error: please commit or stash them.

github pull in /data/www/twoptwo.com
To github.com:loqueelvientoajuarez/obslog.git
   41fb04c9..f0b23bdf  master -> master


executing periodlog.py in /home/lachaume/git/autolog/scripts

git add * in /data/www/twoptwo.com
git commit
Everything up-to-date


git add * in /home/lachaume/git/autolog
git commit
git push
To github.com:loqueelvientoajuarez/obslog.git
   f0b23bdf..807a4524  master -> master


git add * in /data/www/twoptwo.com
git commit
Everything up-to-date


daily.sh at 2023-02-02T16:09:01-03:00
-------------------------------------

github pull in /home/lachaume/git/autolog
error: cannot pull with rebase: You have unstaged changes.
error: please commit or stash them.

github pull in /data/www/twoptwo.com

executing periodlog.py in /home/lachaume/git/autolog/scripts

git add * in /home/lachaume/git/autolog

daily.sh at 2023-02-02T16:10:01-03:00
-------------------------------------

github pull in /home/lachaume/git/autolog
error: cannot pull with rebase: You have unstaged changes.
error: please commit or stash them.

github pull in /data/www/twoptwo.com
git commit
git push

executing periodlog.py in /home/lachaume/git/autolog/scripts
To github.com:loqueelvientoajuarez/obslog.git
   807a4524..3ca9bd52  master -> master


git add * in /data/www/twoptwo.com
git commit
Everything up-to-date


daily.sh at 2023-02-02T16:11:01-03:00
-------------------------------------

github pull in /home/lachaume/git/autolog
error: cannot pull with rebase: You have unstaged changes.
error: please commit or stash them.

github pull in /data/www/twoptwo.com

executing periodlog.py in /home/lachaume/git/autolog/scripts

git add * in /home/lachaume/git/autolog
git commit
git push
To github.com:loqueelvientoajuarez/obslog.git
   3ca9bd52..1a761443  master -> master


git add * in /data/www/twoptwo.com
git commit
Everything up-to-date


daily.sh at 2023-02-02T16:12:01-03:00
-------------------------------------

github pull in /home/lachaume/git/autolog
error: cannot pull with rebase: You have unstaged changes.
error: please commit or stash them.

github pull in /data/www/twoptwo.com

executing periodlog.py in /home/lachaume/git/autolog/scripts

git add * in /home/lachaume/git/autolog
git commit
git push
To github.com:loqueelvientoajuarez/obslog.git
   1a761443..22c8d8af  master -> master


git add * in /data/www/twoptwo.com
git commit
Everything up-to-date


daily.sh at 2023-02-02T16:13:01-03:00
-------------------------------------

github pull in /home/lachaume/git/autolog
error: cannot pull with rebase: You have unstaged changes.
error: please commit or stash them.

github pull in /data/www/twoptwo.com

executing periodlog.py in /home/lachaume/git/autolog/scripts

git add * in /home/lachaume/git/autolog
git commit
git push
To github.com:loqueelvientoajuarez/obslog.git
   22c8d8af..175ffc26  master -> master


git add * in /data/www/twoptwo.com
git commit
Everything up-to-date


daily.sh at 2023-02-02T16:14:01-03:00
-------------------------------------

github pull in /home/lachaume/git/autolog
error: cannot pull with rebase: You have unstaged changes.
error: please commit or stash them.

github pull in /data/www/twoptwo.com

executing periodlog.py in /home/lachaume/git/autolog/scripts

git add * in /home/lachaume/git/autolog
git commit
git push
To github.com:loqueelvientoajuarez/obslog.git
   175ffc26..93ebeb64  master -> master


git add * in /data/www/twoptwo.com
git commit
Everything up-to-date


daily.sh at 2023-02-02T16:15:01-03:00
-------------------------------------

github pull in /home/lachaume/git/autolog
error: cannot pull with rebase: You have unstaged changes.
error: please commit or stash them.

github pull in /data/www/twoptwo.com

executing periodlog.py in /home/lachaume/git/autolog/scripts

git add * in /home/lachaume/git/autolog
git commit
git push
To github.com:loqueelvientoajuarez/obslog.git
   93ebeb64..e2a2ca1c  master -> master


daily.sh at 2023-02-02T16:16:01-03:00
-------------------------------------

github pull in /home/lachaume/git/autolog
error: cannot pull with rebase: You have unstaged changes.
error: please commit or stash them.

github pull in /data/www/twoptwo.com

git add * in /data/www/twoptwo.com
git commit

executing periodlog.py in /home/lachaume/git/autolog/scripts
Everything up-to-date


daily.sh at 2023-02-02T16:17:01-03:00
-------------------------------------

github pull in /home/lachaume/git/autolog

git add * in /home/lachaume/git/autolog
fatal: Unable to create '/home/lachaume/git/autolog/.git/index.lock': File exists.

Another git process seems to be running in this repository, e.g.
an editor opened by 'git commit'. Please make sure all processes
are terminated then try again. If it still fails, a git process
may have crashed in this repository earlier:
remove the file manually to continue.
git commit
error: cannot pull with rebase: You have unstaged changes.
error: please commit or stash them.

github pull in /data/www/twoptwo.com
git push
Everything up-to-date


executing periodlog.py in /home/lachaume/git/autolog/scripts

git add * in /data/www/twoptwo.com
git commit
Everything up-to-date


git add * in /home/lachaume/git/autolog
git commit
git push

daily.sh at 2023-02-02T16:18:01-03:00
-------------------------------------

github pull in /home/lachaume/git/autolog
error: cannot pull with rebase: You have unstaged changes.
error: please commit or stash them.

github pull in /data/www/twoptwo.com
To github.com:loqueelvientoajuarez/obslog.git
   e2a2ca1c..bb786da2  master -> master


git add * in /data/www/twoptwo.com
git commit

executing periodlog.py in /home/lachaume/git/autolog/scripts
Everything up-to-date


git add * in /home/lachaume/git/autolog
git commit
git push

daily.sh at 2023-02-02T16:19:01-03:00
-------------------------------------

github pull in /home/lachaume/git/autolog
error: cannot pull with rebase: You have unstaged changes.
error: please commit or stash them.

github pull in /data/www/twoptwo.com
To github.com:loqueelvientoajuarez/obslog.git
   bb786da2..3bdff8cc  master -> master


executing periodlog.py in /home/lachaume/git/autolog/scripts

git add * in /data/www/twoptwo.com
git commit
Everything up-to-date


git add * in /home/lachaume/git/autolog
git commit
git push

daily.sh at 2023-02-02T16:20:01-03:00
-------------------------------------

github pull in /home/lachaume/git/autolog
error: cannot pull with rebase: You have unstaged changes.
error: please commit or stash them.

github pull in /data/www/twoptwo.com
To github.com:loqueelvientoajuarez/obslog.git
   3bdff8cc..b92a43cb  master -> master


executing periodlog.py in /home/lachaume/git/autolog/scripts

git add * in /data/www/twoptwo.com
git commit
Everything up-to-date


daily.sh at 2023-02-02T16:21:01-03:00
-------------------------------------

github pull in /home/lachaume/git/autolog
error: cannot pull with rebase: You have unstaged changes.
error: please commit or stash them.

github pull in /data/www/twoptwo.com

git add * in /home/lachaume/git/autolog
git commit
git push

executing periodlog.py in /home/lachaume/git/autolog/scripts
To github.com:loqueelvientoajuarez/obslog.git
   b92a43cb..9d344ffb  master -> master


git add * in /data/www/twoptwo.com
git commit
Everything up-to-date


git add * in /home/lachaume/git/autolog
git commit
git push

daily.sh at 2023-02-02T16:22:01-03:00
-------------------------------------

github pull in /home/lachaume/git/autolog
error: cannot pull with rebase: You have unstaged changes.
error: please commit or stash them.

github pull in /data/www/twoptwo.com

executing periodlog.py in /home/lachaume/git/autolog/scripts
To github.com:loqueelvientoajuarez/obslog.git
   9d344ffb..b88fe5e4  master -> master


git add * in /data/www/twoptwo.com
git commit
Everything up-to-date


git add * in /home/lachaume/git/autolog
git commit
git push
To github.com:loqueelvientoajuarez/obslog.git
   b88fe5e4..3a6208ec  master -> master


daily.sh at 2023-02-02T16:23:01-03:00
-------------------------------------

github pull in /home/lachaume/git/autolog
error: cannot pull with rebase: You have unstaged changes.
error: please commit or stash them.

github pull in /data/www/twoptwo.com

git add * in /data/www/twoptwo.com
git commit
Everything up-to-date


executing periodlog.py in /home/lachaume/git/autolog/scripts

git add * in /home/lachaume/git/autolog
