
daily.sh at 2023-05-03T16:00:01-04:00
-------------------------------------

github pull in /home/lachaume/git/autolog
From github.com:loqueelvientoajuarez/obslog
   b619f8b2a..ac7df5bd7  master     -> origin/master
Applied autostash.

github pull in /data/www/twoptwo.com
From github.com:loqueelvientoajuarez/2.2m-website
   f818442b..66911f8e  main       -> origin/main

executing periodlog.py in /home/lachaume/git/autolog/scripts

daily.sh at 2023-05-03T16:01:01-04:00
-------------------------------------

github pull in /home/lachaume/git/autolog

github pull in /data/www/twoptwo.com

executing periodlog.py in /home/lachaume/git/autolog/scripts

daily.sh at 2023-05-03T16:02:01-04:00
-------------------------------------

github pull in /home/lachaume/git/autolog

github pull in /data/www/twoptwo.com

executing periodlog.py in /home/lachaume/git/autolog/scripts
WARNING: TimeDeltaMissingUnitWarning: Numerical value without unit or explicit format passed to TimeDelta, assuming days [astropy.time.core]

git add * in /home/lachaume/git/autolog
