
daily.sh at 2023-03-03T16:00:01-03:00
-------------------------------------

github pull in /home/lachaume/git/autolog
error: cannot pull with rebase: You have unstaged changes.
error: please commit or stash them.

github pull in /data/www/twoptwo.com

executing periodlog.py in /home/lachaume/git/autolog/scripts

daily.sh at 2023-03-03T16:01:01-03:00
-------------------------------------

github pull in /home/lachaume/git/autolog
error: cannot pull with rebase: You have unstaged changes.
error: please commit or stash them.

github pull in /data/www/twoptwo.com

executing periodlog.py in /home/lachaume/git/autolog/scripts

daily.sh at 2023-03-03T16:02:01-03:00
-------------------------------------

github pull in /home/lachaume/git/autolog
error: cannot pull with rebase: You have unstaged changes.
error: please commit or stash them.

github pull in /data/www/twoptwo.com

executing periodlog.py in /home/lachaume/git/autolog/scripts

daily.sh at 2023-03-03T16:03:01-03:00
-------------------------------------

github pull in /home/lachaume/git/autolog
error: cannot pull with rebase: You have unstaged changes.
error: please commit or stash them.

github pull in /data/www/twoptwo.com

executing periodlog.py in /home/lachaume/git/autolog/scripts

daily.sh at 2023-03-03T16:04:01-03:00
-------------------------------------

github pull in /home/lachaume/git/autolog
error: cannot pull with rebase: You have unstaged changes.
error: please commit or stash them.

github pull in /data/www/twoptwo.com

executing periodlog.py in /home/lachaume/git/autolog/scripts

daily.sh at 2023-03-03T16:05:01-03:00
-------------------------------------

github pull in /home/lachaume/git/autolog
error: cannot pull with rebase: You have unstaged changes.
error: please commit or stash them.

github pull in /data/www/twoptwo.com

executing periodlog.py in /home/lachaume/git/autolog/scripts

daily.sh at 2023-03-03T16:06:01-03:00
-------------------------------------

github pull in /home/lachaume/git/autolog
error: cannot pull with rebase: You have unstaged changes.
error: please commit or stash them.

github pull in /data/www/twoptwo.com

executing periodlog.py in /home/lachaume/git/autolog/scripts

daily.sh at 2023-03-03T16:07:01-03:00
-------------------------------------

github pull in /home/lachaume/git/autolog
error: cannot pull with rebase: You have unstaged changes.
error: please commit or stash them.

github pull in /data/www/twoptwo.com

executing periodlog.py in /home/lachaume/git/autolog/scripts

daily.sh at 2023-03-03T16:08:01-03:00
-------------------------------------

github pull in /home/lachaume/git/autolog
error: cannot pull with rebase: You have unstaged changes.
error: please commit or stash them.

github pull in /data/www/twoptwo.com

executing periodlog.py in /home/lachaume/git/autolog/scripts

git add * in /home/lachaume/git/autolog
git commit
git push

git add * in /home/lachaume/git/autolog
git commit
git push
To github.com:loqueelvientoajuarez/obslog.git
 ! [rejected]            master -> master (fetch first)
error: failed to push some refs to 'github.com:loqueelvientoajuarez/obslog.git'
hint: Updates were rejected because the remote contains work that you do
hint: not have locally. This is usually caused by another repository pushing
hint: to the same ref. You may want to first integrate the remote changes
hint: (e.g., 'git pull ...') before pushing again.
hint: See the 'Note about fast-forwards' in 'git push --help' for details.

To github.com:loqueelvientoajuarez/obslog.git
 ! [rejected]            master -> master (fetch first)
error: failed to push some refs to 'github.com:loqueelvientoajuarez/obslog.git'
hint: Updates were rejected because the remote contains work that you do
hint: not have locally. This is usually caused by another repository pushing
hint: to the same ref. You may want to first integrate the remote changes
hint: (e.g., 'git pull ...') before pushing again.
hint: See the 'Note about fast-forwards' in 'git push --help' for details.


git add * in /data/www/twoptwo.com
git commit

git add * in /data/www/twoptwo.com
git commit
To github.com:loqueelvientoajuarez/2.2m-website.git
   a5a5774f..a29d274f  main -> main

Everything up-to-date


daily.sh at 2023-03-03T16:09:01-03:00
-------------------------------------

github pull in /home/lachaume/git/autolog
error: cannot pull with rebase: You have unstaged changes.
error: please commit or stash them.

github pull in /data/www/twoptwo.com

executing periodlog.py in /home/lachaume/git/autolog/scripts

git add * in /home/lachaume/git/autolog
git commit
git push
To github.com:loqueelvientoajuarez/obslog.git
 ! [rejected]            master -> master (fetch first)
error: failed to push some refs to 'github.com:loqueelvientoajuarez/obslog.git'
hint: Updates were rejected because the remote contains work that you do
hint: not have locally. This is usually caused by another repository pushing
hint: to the same ref. You may want to first integrate the remote changes
hint: (e.g., 'git pull ...') before pushing again.
hint: See the 'Note about fast-forwards' in 'git push --help' for details.


git add * in /data/www/twoptwo.com
git commit
Everything up-to-date


daily.sh at 2023-03-03T16:10:01-03:00
-------------------------------------

github pull in /home/lachaume/git/autolog
error: cannot pull with rebase: You have unstaged changes.
error: please commit or stash them.

github pull in /data/www/twoptwo.com

executing periodlog.py in /home/lachaume/git/autolog/scripts

git add * in /home/lachaume/git/autolog
git commit
git push
To github.com:loqueelvientoajuarez/obslog.git
 ! [rejected]            master -> master (fetch first)
error: failed to push some refs to 'github.com:loqueelvientoajuarez/obslog.git'
hint: Updates were rejected because the remote contains work that you do
hint: not have locally. This is usually caused by another repository pushing
hint: to the same ref. You may want to first integrate the remote changes
hint: (e.g., 'git pull ...') before pushing again.
hint: See the 'Note about fast-forwards' in 'git push --help' for details.


git add * in /data/www/twoptwo.com
git commit
Everything up-to-date


daily.sh at 2023-03-03T16:11:01-03:00
-------------------------------------

github pull in /home/lachaume/git/autolog
error: cannot pull with rebase: You have unstaged changes.
error: please commit or stash them.

github pull in /data/www/twoptwo.com

executing periodlog.py in /home/lachaume/git/autolog/scripts

git add * in /home/lachaume/git/autolog
git commit
git push
To github.com:loqueelvientoajuarez/obslog.git
 ! [rejected]            master -> master (fetch first)
error: failed to push some refs to 'github.com:loqueelvientoajuarez/obslog.git'
hint: Updates were rejected because the remote contains work that you do
hint: not have locally. This is usually caused by another repository pushing
hint: to the same ref. You may want to first integrate the remote changes
hint: (e.g., 'git pull ...') before pushing again.
hint: See the 'Note about fast-forwards' in 'git push --help' for details.


git add * in /data/www/twoptwo.com
git commit
Everything up-to-date


daily.sh at 2023-03-03T16:12:01-03:00
-------------------------------------

github pull in /home/lachaume/git/autolog
error: cannot pull with rebase: You have unstaged changes.
error: please commit or stash them.

github pull in /data/www/twoptwo.com

executing periodlog.py in /home/lachaume/git/autolog/scripts

git add * in /home/lachaume/git/autolog
git commit
git push
To github.com:loqueelvientoajuarez/obslog.git
 ! [rejected]            master -> master (fetch first)
error: failed to push some refs to 'github.com:loqueelvientoajuarez/obslog.git'
hint: Updates were rejected because the remote contains work that you do
hint: not have locally. This is usually caused by another repository pushing
hint: to the same ref. You may want to first integrate the remote changes
hint: (e.g., 'git pull ...') before pushing again.
hint: See the 'Note about fast-forwards' in 'git push --help' for details.


git add * in /data/www/twoptwo.com
git commit

daily.sh at 2023-03-03T16:13:01-03:00
-------------------------------------

github pull in /home/lachaume/git/autolog
error: cannot pull with rebase: You have unstaged changes.
error: please commit or stash them.

github pull in /data/www/twoptwo.com
Everything up-to-date


executing periodlog.py in /home/lachaume/git/autolog/scripts

git add * in /home/lachaume/git/autolog
git commit
git push
To github.com:loqueelvientoajuarez/obslog.git
 ! [rejected]            master -> master (fetch first)
error: failed to push some refs to 'github.com:loqueelvientoajuarez/obslog.git'
hint: Updates were rejected because the remote contains work that you do
hint: not have locally. This is usually caused by another repository pushing
hint: to the same ref. You may want to first integrate the remote changes
hint: (e.g., 'git pull ...') before pushing again.
hint: See the 'Note about fast-forwards' in 'git push --help' for details.


git add * in /data/www/twoptwo.com
git commit

daily.sh at 2023-03-03T16:14:01-03:00
-------------------------------------

github pull in /home/lachaume/git/autolog
error: cannot pull with rebase: You have unstaged changes.
error: please commit or stash them.

github pull in /data/www/twoptwo.com
Everything up-to-date


executing periodlog.py in /home/lachaume/git/autolog/scripts

daily.sh at 2023-03-03T16:15:01-03:00
-------------------------------------

github pull in /home/lachaume/git/autolog
error: cannot pull with rebase: You have unstaged changes.
error: please commit or stash them.

github pull in /data/www/twoptwo.com

executing periodlog.py in /home/lachaume/git/autolog/scripts

git add * in /home/lachaume/git/autolog
git commit
git push
To github.com:loqueelvientoajuarez/obslog.git
 ! [rejected]            master -> master (fetch first)
error: failed to push some refs to 'github.com:loqueelvientoajuarez/obslog.git'
hint: Updates were rejected because the remote contains work that you do
hint: not have locally. This is usually caused by another repository pushing
hint: to the same ref. You may want to first integrate the remote changes
hint: (e.g., 'git pull ...') before pushing again.
hint: See the 'Note about fast-forwards' in 'git push --help' for details.


git add * in /data/www/twoptwo.com
git commit
Everything up-to-date


daily.sh at 2023-03-03T16:16:01-03:00
-------------------------------------

github pull in /home/lachaume/git/autolog

git add * in /home/lachaume/git/autolog
fatal: Unable to create '/home/lachaume/git/autolog/.git/index.lock': File exists.

Another git process seems to be running in this repository, e.g.
an editor opened by 'git commit'. Please make sure all processes
are terminated then try again. If it still fails, a git process
may have crashed in this repository earlier:
remove the file manually to continue.
git commit
fatal: Unable to create '/home/lachaume/git/autolog/.git/index.lock': File exists.

Another git process seems to be running in this repository, e.g.
an editor opened by 'git commit'. Please make sure all processes
are terminated then try again. If it still fails, a git process
may have crashed in this repository earlier:
remove the file manually to continue.
git push
error: cannot pull with rebase: You have unstaged changes.
error: please commit or stash them.

github pull in /data/www/twoptwo.com
To github.com:loqueelvientoajuarez/obslog.git
 ! [rejected]            master -> master (fetch first)
error: failed to push some refs to 'github.com:loqueelvientoajuarez/obslog.git'
hint: Updates were rejected because the remote contains work that you do
hint: not have locally. This is usually caused by another repository pushing
hint: to the same ref. You may want to first integrate the remote changes
hint: (e.g., 'git pull ...') before pushing again.
hint: See the 'Note about fast-forwards' in 'git push --help' for details.


executing periodlog.py in /home/lachaume/git/autolog/scripts

git add * in /data/www/twoptwo.com
git commit
Everything up-to-date


git add * in /home/lachaume/git/autolog
git commit
git push
To github.com:loqueelvientoajuarez/obslog.git
 ! [rejected]            master -> master (fetch first)
error: failed to push some refs to 'github.com:loqueelvientoajuarez/obslog.git'
hint: Updates were rejected because the remote contains work that you do
hint: not have locally. This is usually caused by another repository pushing
hint: to the same ref. You may want to first integrate the remote changes
hint: (e.g., 'git pull ...') before pushing again.
hint: See the 'Note about fast-forwards' in 'git push --help' for details.


daily.sh at 2023-03-03T16:17:01-03:00
-------------------------------------

github pull in /home/lachaume/git/autolog
error: cannot pull with rebase: You have unstaged changes.
error: please commit or stash them.

github pull in /data/www/twoptwo.com

git add * in /data/www/twoptwo.com
git commit

executing periodlog.py in /home/lachaume/git/autolog/scripts
Everything up-to-date


git add * in /home/lachaume/git/autolog
git commit
git push
To github.com:loqueelvientoajuarez/obslog.git
 ! [rejected]            master -> master (fetch first)
error: failed to push some refs to 'github.com:loqueelvientoajuarez/obslog.git'
hint: Updates were rejected because the remote contains work that you do
hint: not have locally. This is usually caused by another repository pushing
hint: to the same ref. You may want to first integrate the remote changes
hint: (e.g., 'git pull ...') before pushing again.
hint: See the 'Note about fast-forwards' in 'git push --help' for details.


git add * in /data/www/twoptwo.com
git commit
To github.com:loqueelvientoajuarez/2.2m-website.git
   a29d274f..fa8398bc  main -> main


daily.sh at 2023-03-03T16:18:01-03:00
-------------------------------------

github pull in /home/lachaume/git/autolog
error: cannot pull with rebase: You have unstaged changes.
error: please commit or stash them.

github pull in /data/www/twoptwo.com

executing periodlog.py in /home/lachaume/git/autolog/scripts

git add * in /home/lachaume/git/autolog
git commit
git push
To github.com:loqueelvientoajuarez/obslog.git
 ! [rejected]            master -> master (fetch first)
error: failed to push some refs to 'github.com:loqueelvientoajuarez/obslog.git'
hint: Updates were rejected because the remote contains work that you do
hint: not have locally. This is usually caused by another repository pushing
hint: to the same ref. You may want to first integrate the remote changes
hint: (e.g., 'git pull ...') before pushing again.
hint: See the 'Note about fast-forwards' in 'git push --help' for details.


git add * in /data/www/twoptwo.com
git commit

daily.sh at 2023-03-03T16:19:01-03:00
-------------------------------------

github pull in /home/lachaume/git/autolog
error: cannot pull with rebase: You have unstaged changes.
error: please commit or stash them.

github pull in /data/www/twoptwo.com
Everything up-to-date


executing periodlog.py in /home/lachaume/git/autolog/scripts

daily.sh at 2023-03-03T16:20:01-03:00
-------------------------------------

github pull in /home/lachaume/git/autolog
error: cannot pull with rebase: You have unstaged changes.
error: please commit or stash them.

github pull in /data/www/twoptwo.com

executing periodlog.py in /home/lachaume/git/autolog/scripts

git add * in /home/lachaume/git/autolog
git commit
git push
To github.com:loqueelvientoajuarez/obslog.git
 ! [rejected]            master -> master (fetch first)
error: failed to push some refs to 'github.com:loqueelvientoajuarez/obslog.git'
hint: Updates were rejected because the remote contains work that you do
hint: not have locally. This is usually caused by another repository pushing
hint: to the same ref. You may want to first integrate the remote changes
hint: (e.g., 'git pull ...') before pushing again.
hint: See the 'Note about fast-forwards' in 'git push --help' for details.


git add * in /data/www/twoptwo.com
git commit
Everything up-to-date


daily.sh at 2023-03-03T16:21:01-03:00
-------------------------------------

github pull in /home/lachaume/git/autolog
error: cannot pull with rebase: You have unstaged changes.
error: please commit or stash them.

github pull in /data/www/twoptwo.com

executing periodlog.py in /home/lachaume/git/autolog/scripts

git add * in /home/lachaume/git/autolog
git commit
git push
To github.com:loqueelvientoajuarez/obslog.git
 ! [rejected]            master -> master (fetch first)
error: failed to push some refs to 'github.com:loqueelvientoajuarez/obslog.git'
hint: Updates were rejected because the remote contains work that you do
hint: not have locally. This is usually caused by another repository pushing
hint: to the same ref. You may want to first integrate the remote changes
hint: (e.g., 'git pull ...') before pushing again.
hint: See the 'Note about fast-forwards' in 'git push --help' for details.


git add * in /data/www/twoptwo.com
git commit
Everything up-to-date


daily.sh at 2023-03-03T16:22:01-03:00
-------------------------------------

github pull in /home/lachaume/git/autolog

git add * in /home/lachaume/git/autolog
fatal: Unable to create '/home/lachaume/git/autolog/.git/index.lock': File exists.

Another git process seems to be running in this repository, e.g.
an editor opened by 'git commit'. Please make sure all processes
are terminated then try again. If it still fails, a git process
may have crashed in this repository earlier:
remove the file manually to continue.
git commit
fatal: Unable to create '/home/lachaume/git/autolog/.git/index.lock': File exists.

Another git process seems to be running in this repository, e.g.
an editor opened by 'git commit'. Please make sure all processes
are terminated then try again. If it still fails, a git process
may have crashed in this repository earlier:
remove the file manually to continue.
git push
error: cannot pull with rebase: You have unstaged changes.
error: please commit or stash them.

github pull in /data/www/twoptwo.com
To github.com:loqueelvientoajuarez/obslog.git
 ! [rejected]            master -> master (fetch first)
error: failed to push some refs to 'github.com:loqueelvientoajuarez/obslog.git'
hint: Updates were rejected because the remote contains work that you do
hint: not have locally. This is usually caused by another repository pushing
hint: to the same ref. You may want to first integrate the remote changes
hint: (e.g., 'git pull ...') before pushing again.
hint: See the 'Note about fast-forwards' in 'git push --help' for details.


executing periodlog.py in /home/lachaume/git/autolog/scripts

git add * in /data/www/twoptwo.com
git commit
Everything up-to-date


git add * in /home/lachaume/git/autolog
git commit
git push

daily.sh at 2023-03-03T16:23:01-03:00
-------------------------------------

github pull in /home/lachaume/git/autolog
error: cannot pull with rebase: You have unstaged changes.
error: please commit or stash them.

github pull in /data/www/twoptwo.com
To github.com:loqueelvientoajuarez/obslog.git
 ! [rejected]            master -> master (fetch first)
error: failed to push some refs to 'github.com:loqueelvientoajuarez/obslog.git'
hint: Updates were rejected because the remote contains work that you do
hint: not have locally. This is usually caused by another repository pushing
hint: to the same ref. You may want to first integrate the remote changes
hint: (e.g., 'git pull ...') before pushing again.
hint: See the 'Note about fast-forwards' in 'git push --help' for details.


executing periodlog.py in /home/lachaume/git/autolog/scripts

git add * in /data/www/twoptwo.com
git commit
To github.com:loqueelvientoajuarez/2.2m-website.git
   fa8398bc..386c4d76  main -> main


daily.sh at 2023-03-03T16:24:01-03:00
-------------------------------------

github pull in /home/lachaume/git/autolog
error: cannot pull with rebase: You have unstaged changes.
error: please commit or stash them.

github pull in /data/www/twoptwo.com

git add * in /home/lachaume/git/autolog
git commit
git push

executing periodlog.py in /home/lachaume/git/autolog/scripts
To github.com:loqueelvientoajuarez/obslog.git
 ! [rejected]            master -> master (fetch first)
error: failed to push some refs to 'github.com:loqueelvientoajuarez/obslog.git'
hint: Updates were rejected because the remote contains work that you do
hint: not have locally. This is usually caused by another repository pushing
hint: to the same ref. You may want to first integrate the remote changes
hint: (e.g., 'git pull ...') before pushing again.
hint: See the 'Note about fast-forwards' in 'git push --help' for details.


git add * in /data/www/twoptwo.com
git commit
Everything up-to-date

github pull in /home/lachaume/git/autolog

daily.sh at 2023-03-03T16:25:01-03:00
-------------------------------------

error: cannot pull with rebase: You have unstaged changes.
error: please commit or stash them.

github pull in /data/www/twoptwo.com

executing periodlog.py in /home/lachaume/git/autolog/scripts

git add * in /home/lachaume/git/autolog
git commit
git push
To github.com:loqueelvientoajuarez/obslog.git
 ! [rejected]            master -> master (fetch first)
error: failed to push some refs to 'github.com:loqueelvientoajuarez/obslog.git'
hint: Updates were rejected because the remote contains work that you do
hint: not have locally. This is usually caused by another repository pushing
hint: to the same ref. You may want to first integrate the remote changes
hint: (e.g., 'git pull ...') before pushing again.
hint: See the 'Note about fast-forwards' in 'git push --help' for details.


git add * in /data/www/twoptwo.com
git commit
Everything up-to-date


git add * in /home/lachaume/git/autolog
git commit
git push

daily.sh at 2023-03-03T16:26:01-03:00
-------------------------------------

github pull in /home/lachaume/git/autolog
error: cannot pull with rebase: You have unstaged changes.
error: please commit or stash them.

github pull in /data/www/twoptwo.com
To github.com:loqueelvientoajuarez/obslog.git
 ! [rejected]            master -> master (fetch first)
error: failed to push some refs to 'github.com:loqueelvientoajuarez/obslog.git'
hint: Updates were rejected because the remote contains work that you do
hint: not have locally. This is usually caused by another repository pushing
hint: to the same ref. You may want to first integrate the remote changes
hint: (e.g., 'git pull ...') before pushing again.
hint: See the 'Note about fast-forwards' in 'git push --help' for details.


executing periodlog.py in /home/lachaume/git/autolog/scripts

git add * in /data/www/twoptwo.com
git commit
Everything up-to-date


daily.sh at 2023-03-03T16:27:01-03:00
-------------------------------------

github pull in /home/lachaume/git/autolog
error: cannot pull with rebase: You have unstaged changes.
error: please commit or stash them.

github pull in /data/www/twoptwo.com

executing periodlog.py in /home/lachaume/git/autolog/scripts

git add * in /home/lachaume/git/autolog
git commit
git push
To github.com:loqueelvientoajuarez/obslog.git
 ! [rejected]            master -> master (fetch first)
error: failed to push some refs to 'github.com:loqueelvientoajuarez/obslog.git'
hint: Updates were rejected because the remote contains work that you do
hint: not have locally. This is usually caused by another repository pushing
hint: to the same ref. You may want to first integrate the remote changes
hint: (e.g., 'git pull ...') before pushing again.
hint: See the 'Note about fast-forwards' in 'git push --help' for details.


git add * in /data/www/twoptwo.com
git commit
Everything up-to-date

github pull in /home/lachaume/git/autolog

daily.sh at 2023-03-03T16:28:01-03:00
-------------------------------------

error: cannot pull with rebase: You have unstaged changes.
error: please commit or stash them.

github pull in /data/www/twoptwo.com

git add * in /home/lachaume/git/autolog
git commit
git push

executing periodlog.py in /home/lachaume/git/autolog/scripts
To github.com:loqueelvientoajuarez/obslog.git
 ! [rejected]            master -> master (fetch first)
error: failed to push some refs to 'github.com:loqueelvientoajuarez/obslog.git'
hint: Updates were rejected because the remote contains work that you do
hint: not have locally. This is usually caused by another repository pushing
hint: to the same ref. You may want to first integrate the remote changes
hint: (e.g., 'git pull ...') before pushing again.
hint: See the 'Note about fast-forwards' in 'git push --help' for details.


git add * in /data/www/twoptwo.com
git commit
Everything up-to-date


git add * in /home/lachaume/git/autolog
git commit
git push

daily.sh at 2023-03-03T16:29:01-03:00
-------------------------------------

github pull in /home/lachaume/git/autolog
error: cannot pull with rebase: You have unstaged changes.
error: please commit or stash them.

github pull in /data/www/twoptwo.com
To github.com:loqueelvientoajuarez/obslog.git
 ! [rejected]            master -> master (fetch first)
error: failed to push some refs to 'github.com:loqueelvientoajuarez/obslog.git'
hint: Updates were rejected because the remote contains work that you do
hint: not have locally. This is usually caused by another repository pushing
hint: to the same ref. You may want to first integrate the remote changes
hint: (e.g., 'git pull ...') before pushing again.
hint: See the 'Note about fast-forwards' in 'git push --help' for details.


executing periodlog.py in /home/lachaume/git/autolog/scripts

git add * in /data/www/twoptwo.com
git commit
To github.com:loqueelvientoajuarez/2.2m-website.git
   386c4d76..ab4efa90  main -> main


daily.sh at 2023-03-03T16:30:01-03:00
-------------------------------------

github pull in /home/lachaume/git/autolog
error: cannot pull with rebase: You have unstaged changes.
error: please commit or stash them.

github pull in /data/www/twoptwo.com

executing periodlog.py in /home/lachaume/git/autolog/scripts

git add * in /home/lachaume/git/autolog
git commit
git push
To github.com:loqueelvientoajuarez/obslog.git
 ! [rejected]            master -> master (fetch first)
error: failed to push some refs to 'github.com:loqueelvientoajuarez/obslog.git'
hint: Updates were rejected because the remote contains work that you do
hint: not have locally. This is usually caused by another repository pushing
hint: to the same ref. You may want to first integrate the remote changes
hint: (e.g., 'git pull ...') before pushing again.
hint: See the 'Note about fast-forwards' in 'git push --help' for details.


git add * in /data/www/twoptwo.com
git commit
Everything up-to-date


daily.sh at 2023-03-03T16:31:01-03:00
-------------------------------------

github pull in /home/lachaume/git/autolog
error: cannot pull with rebase: You have unstaged changes.
error: please commit or stash them.

github pull in /data/www/twoptwo.com

executing periodlog.py in /home/lachaume/git/autolog/scripts

git add * in /home/lachaume/git/autolog
git commit
git push
To github.com:loqueelvientoajuarez/obslog.git
 ! [rejected]            master -> master (fetch first)
error: failed to push some refs to 'github.com:loqueelvientoajuarez/obslog.git'
hint: Updates were rejected because the remote contains work that you do
hint: not have locally. This is usually caused by another repository pushing
hint: to the same ref. You may want to first integrate the remote changes
hint: (e.g., 'git pull ...') before pushing again.
hint: See the 'Note about fast-forwards' in 'git push --help' for details.


git add * in /data/www/twoptwo.com
git commit
Everything up-to-date


git add * in /home/lachaume/git/autolog
git commit
git push

daily.sh at 2023-03-03T16:32:01-03:00
-------------------------------------

github pull in /home/lachaume/git/autolog
error: cannot pull with rebase: You have unstaged changes.
error: please commit or stash them.

github pull in /data/www/twoptwo.com
To github.com:loqueelvientoajuarez/obslog.git
 ! [rejected]            master -> master (fetch first)
error: failed to push some refs to 'github.com:loqueelvientoajuarez/obslog.git'
hint: Updates were rejected because the remote contains work that you do
hint: not have locally. This is usually caused by another repository pushing
hint: to the same ref. You may want to first integrate the remote changes
hint: (e.g., 'git pull ...') before pushing again.
hint: See the 'Note about fast-forwards' in 'git push --help' for details.


executing periodlog.py in /home/lachaume/git/autolog/scripts

git add * in /data/www/twoptwo.com
git commit
Everything up-to-date


git add * in /home/lachaume/git/autolog
git commit
git push
To github.com:loqueelvientoajuarez/obslog.git
 ! [rejected]            master -> master (fetch first)
error: failed to push some refs to 'github.com:loqueelvientoajuarez/obslog.git'
hint: Updates were rejected because the remote contains work that you do
hint: not have locally. This is usually caused by another repository pushing
hint: to the same ref. You may want to first integrate the remote changes
hint: (e.g., 'git pull ...') before pushing again.
hint: See the 'Note about fast-forwards' in 'git push --help' for details.


daily.sh at 2023-03-03T16:33:01-03:00
-------------------------------------

github pull in /home/lachaume/git/autolog
error: cannot pull with rebase: You have unstaged changes.
error: please commit or stash them.

github pull in /data/www/twoptwo.com

git add * in /data/www/twoptwo.com
git commit

executing periodlog.py in /home/lachaume/git/autolog/scripts
Everything up-to-date


git add * in /home/lachaume/git/autolog
git commit
git push
To github.com:loqueelvientoajuarez/obslog.git
 ! [rejected]            master -> master (fetch first)
error: failed to push some refs to 'github.com:loqueelvientoajuarez/obslog.git'
hint: Updates were rejected because the remote contains work that you do
hint: not have locally. This is usually caused by another repository pushing
hint: to the same ref. You may want to first integrate the remote changes
hint: (e.g., 'git pull ...') before pushing again.
hint: See the 'Note about fast-forwards' in 'git push --help' for details.


git add * in /data/www/twoptwo.com
git commit
Everything up-to-date


daily.sh at 2023-03-03T16:34:01-03:00
-------------------------------------

github pull in /home/lachaume/git/autolog
error: cannot pull with rebase: You have unstaged changes.
error: please commit or stash them.

github pull in /data/www/twoptwo.com

executing periodlog.py in /home/lachaume/git/autolog/scripts

daily.sh at 2023-03-03T16:35:01-03:00
-------------------------------------

github pull in /home/lachaume/git/autolog
error: cannot pull with rebase: You have unstaged changes.
error: please commit or stash them.

github pull in /data/www/twoptwo.com

executing periodlog.py in /home/lachaume/git/autolog/scripts

git add * in /home/lachaume/git/autolog
git commit
git push
To github.com:loqueelvientoajuarez/obslog.git
 ! [rejected]            master -> master (fetch first)
error: failed to push some refs to 'github.com:loqueelvientoajuarez/obslog.git'
hint: Updates were rejected because the remote contains work that you do
hint: not have locally. This is usually caused by another repository pushing
hint: to the same ref. You may want to first integrate the remote changes
hint: (e.g., 'git pull ...') before pushing again.
hint: See the 'Note about fast-forwards' in 'git push --help' for details.


git add * in /data/www/twoptwo.com
git commit
To github.com:loqueelvientoajuarez/2.2m-website.git
   ab4efa90..8dfed697  main -> main


git add * in /home/lachaume/git/autolog
git commit
git push

daily.sh at 2023-03-03T16:36:01-03:00
-------------------------------------

github pull in /home/lachaume/git/autolog
error: cannot pull with rebase: You have unstaged changes.
error: please commit or stash them.

github pull in /data/www/twoptwo.com
To github.com:loqueelvientoajuarez/obslog.git
 ! [rejected]            master -> master (fetch first)
error: failed to push some refs to 'github.com:loqueelvientoajuarez/obslog.git'
hint: Updates were rejected because the remote contains work that you do
hint: not have locally. This is usually caused by another repository pushing
hint: to the same ref. You may want to first integrate the remote changes
hint: (e.g., 'git pull ...') before pushing again.
hint: See the 'Note about fast-forwards' in 'git push --help' for details.


executing periodlog.py in /home/lachaume/git/autolog/scripts

git add * in /data/www/twoptwo.com
git commit
Everything up-to-date


git add * in /home/lachaume/git/autolog
git commit
git push
To github.com:loqueelvientoajuarez/obslog.git
 ! [rejected]            master -> master (fetch first)
error: failed to push some refs to 'github.com:loqueelvientoajuarez/obslog.git'
hint: Updates were rejected because the remote contains work that you do
hint: not have locally. This is usually caused by another repository pushing
hint: to the same ref. You may want to first integrate the remote changes
hint: (e.g., 'git pull ...') before pushing again.
hint: See the 'Note about fast-forwards' in 'git push --help' for details.


daily.sh at 2023-03-03T16:37:01-03:00
-------------------------------------

github pull in /home/lachaume/git/autolog
error: cannot pull with rebase: You have unstaged changes.
error: please commit or stash them.

github pull in /data/www/twoptwo.com

git add * in /data/www/twoptwo.com
git commit
Everything up-to-date


executing periodlog.py in /home/lachaume/git/autolog/scripts

daily.sh at 2023-03-03T16:38:02-03:00
-------------------------------------

github pull in /home/lachaume/git/autolog
error: cannot pull with rebase: You have unstaged changes.
error: please commit or stash them.

github pull in /data/www/twoptwo.com

executing periodlog.py in /home/lachaume/git/autolog/scripts

git add * in /home/lachaume/git/autolog
git commit
git push
To github.com:loqueelvientoajuarez/obslog.git
 ! [rejected]            master -> master (fetch first)
error: failed to push some refs to 'github.com:loqueelvientoajuarez/obslog.git'
hint: Updates were rejected because the remote contains work that you do
hint: not have locally. This is usually caused by another repository pushing
hint: to the same ref. You may want to first integrate the remote changes
hint: (e.g., 'git pull ...') before pushing again.
hint: See the 'Note about fast-forwards' in 'git push --help' for details.


git add * in /data/www/twoptwo.com
git commit
Everything up-to-date


git add * in /home/lachaume/git/autolog
git commit
git push
To github.com:loqueelvientoajuarez/obslog.git
 ! [rejected]            master -> master (fetch first)
error: failed to push some refs to 'github.com:loqueelvientoajuarez/obslog.git'
hint: Updates were rejected because the remote contains work that you do
hint: not have locally. This is usually caused by another repository pushing
hint: to the same ref. You may want to first integrate the remote changes
hint: (e.g., 'git pull ...') before pushing again.
hint: See the 'Note about fast-forwards' in 'git push --help' for details.


git add * in /data/www/twoptwo.com
git commit
Everything up-to-date


daily.sh at 2023-03-03T16:39:01-03:00
-------------------------------------

github pull in /home/lachaume/git/autolog
error: cannot pull with rebase: You have unstaged changes.
error: please commit or stash them.

github pull in /data/www/twoptwo.com

executing periodlog.py in /home/lachaume/git/autolog/scripts

daily.sh at 2023-03-03T16:40:01-03:00
-------------------------------------

github pull in /home/lachaume/git/autolog
error: cannot pull with rebase: You have unstaged changes.
error: please commit or stash them.

github pull in /data/www/twoptwo.com

executing periodlog.py in /home/lachaume/git/autolog/scripts

git add * in /home/lachaume/git/autolog
git commit
git push
To github.com:loqueelvientoajuarez/obslog.git
 ! [rejected]            master -> master (fetch first)
error: failed to push some refs to 'github.com:loqueelvientoajuarez/obslog.git'
hint: Updates were rejected because the remote contains work that you do
hint: not have locally. This is usually caused by another repository pushing
hint: to the same ref. You may want to first integrate the remote changes
hint: (e.g., 'git pull ...') before pushing again.
hint: See the 'Note about fast-forwards' in 'git push --help' for details.


git add * in /data/www/twoptwo.com
git commit
Everything up-to-date


git add * in /home/lachaume/git/autolog
git commit
git push

daily.sh at 2023-03-03T16:41:01-03:00
-------------------------------------

github pull in /home/lachaume/git/autolog
error: cannot pull with rebase: You have unstaged changes.
error: please commit or stash them.

github pull in /data/www/twoptwo.com
To github.com:loqueelvientoajuarez/obslog.git
 ! [rejected]            master -> master (fetch first)
error: failed to push some refs to 'github.com:loqueelvientoajuarez/obslog.git'
hint: Updates were rejected because the remote contains work that you do
hint: not have locally. This is usually caused by another repository pushing
hint: to the same ref. You may want to first integrate the remote changes
hint: (e.g., 'git pull ...') before pushing again.
hint: See the 'Note about fast-forwards' in 'git push --help' for details.


executing periodlog.py in /home/lachaume/git/autolog/scripts

git add * in /data/www/twoptwo.com
git commit
Everything up-to-date


git add * in /home/lachaume/git/autolog
git commit
git push
To github.com:loqueelvientoajuarez/obslog.git
 ! [rejected]            master -> master (fetch first)
error: failed to push some refs to 'github.com:loqueelvientoajuarez/obslog.git'
hint: Updates were rejected because the remote contains work that you do
hint: not have locally. This is usually caused by another repository pushing
hint: to the same ref. You may want to first integrate the remote changes
hint: (e.g., 'git pull ...') before pushing again.
hint: See the 'Note about fast-forwards' in 'git push --help' for details.


daily.sh at 2023-03-03T16:42:01-03:00
-------------------------------------

github pull in /home/lachaume/git/autolog
error: cannot pull with rebase: You have unstaged changes.
error: please commit or stash them.

github pull in /data/www/twoptwo.com

git add * in /data/www/twoptwo.com
git commit
warning: fetch updated the current branch head.
fast-forwarding your working tree from
commit 8dfed69776464d217441502cd7a243d7ed4161ce.
error: Your local changes to the following files would be overwritten by merge:
	ESO-2.2m/logs/P110/2023-03-02/index.shtml
	ESO-2.2m/logs/P110/index.shtml
	ESO-2.2m/reports/P110/index.shtml
	ESO-2.2m/targets/P110/index.shtml
Please commit your changes or stash them before you merge.
Aborting
fatal: Cannot fast-forward your working tree.
After making sure that you saved anything precious from
$ git diff 8dfed69776464d217441502cd7a243d7ed4161ce
output, run
$ git reset --hard
to recover.

executing periodlog.py in /home/lachaume/git/autolog/scripts
To github.com:loqueelvientoajuarez/2.2m-website.git
   8dfed697..31a30a9b  main -> main


daily.sh at 2023-03-03T16:43:01-03:00
-------------------------------------

github pull in /home/lachaume/git/autolog
error: cannot pull with rebase: You have unstaged changes.
error: please commit or stash them.

github pull in /data/www/twoptwo.com

git add * in /home/lachaume/git/autolog
git commit
git push

executing periodlog.py in /home/lachaume/git/autolog/scripts
To github.com:loqueelvientoajuarez/obslog.git
 ! [rejected]            master -> master (fetch first)
error: failed to push some refs to 'github.com:loqueelvientoajuarez/obslog.git'
hint: Updates were rejected because the remote contains work that you do
hint: not have locally. This is usually caused by another repository pushing
hint: to the same ref. You may want to first integrate the remote changes
hint: (e.g., 'git pull ...') before pushing again.
hint: See the 'Note about fast-forwards' in 'git push --help' for details.


git add * in /data/www/twoptwo.com
git commit
Everything up-to-date


git add * in /home/lachaume/git/autolog
git commit
git push

daily.sh at 2023-03-03T16:44:01-03:00
-------------------------------------

github pull in /home/lachaume/git/autolog
error: cannot pull with rebase: You have unstaged changes.
error: please commit or stash them.

github pull in /data/www/twoptwo.com
To github.com:loqueelvientoajuarez/obslog.git
 ! [rejected]            master -> master (fetch first)
error: failed to push some refs to 'github.com:loqueelvientoajuarez/obslog.git'
hint: Updates were rejected because the remote contains work that you do
hint: not have locally. This is usually caused by another repository pushing
hint: to the same ref. You may want to first integrate the remote changes
hint: (e.g., 'git pull ...') before pushing again.
hint: See the 'Note about fast-forwards' in 'git push --help' for details.


executing periodlog.py in /home/lachaume/git/autolog/scripts

git add * in /data/www/twoptwo.com
git commit
Everything up-to-date


daily.sh at 2023-03-03T16:45:01-03:00
-------------------------------------

github pull in /home/lachaume/git/autolog
error: cannot pull with rebase: You have unstaged changes.
error: please commit or stash them.

github pull in /data/www/twoptwo.com

executing periodlog.py in /home/lachaume/git/autolog/scripts

git add * in /home/lachaume/git/autolog
git commit
git push
To github.com:loqueelvientoajuarez/obslog.git
 ! [rejected]            master -> master (fetch first)
error: failed to push some refs to 'github.com:loqueelvientoajuarez/obslog.git'
hint: Updates were rejected because the remote contains work that you do
hint: not have locally. This is usually caused by another repository pushing
hint: to the same ref. You may want to first integrate the remote changes
hint: (e.g., 'git pull ...') before pushing again.
hint: See the 'Note about fast-forwards' in 'git push --help' for details.


git add * in /data/www/twoptwo.com
git commit
Everything up-to-date


git add * in /home/lachaume/git/autolog
git commit
git push
To github.com:loqueelvientoajuarez/obslog.git
 ! [rejected]            master -> master (fetch first)
error: failed to push some refs to 'github.com:loqueelvientoajuarez/obslog.git'
hint: Updates were rejected because the remote contains work that you do
hint: not have locally. This is usually caused by another repository pushing
hint: to the same ref. You may want to first integrate the remote changes
hint: (e.g., 'git pull ...') before pushing again.
hint: See the 'Note about fast-forwards' in 'git push --help' for details.


daily.sh at 2023-03-03T16:46:01-03:00
-------------------------------------

github pull in /home/lachaume/git/autolog
error: cannot pull with rebase: You have unstaged changes.
error: please commit or stash them.

github pull in /data/www/twoptwo.com

git add * in /data/www/twoptwo.com
git commit

executing periodlog.py in /home/lachaume/git/autolog/scripts
Everything up-to-date


git add * in /home/lachaume/git/autolog
git commit
git push
To github.com:loqueelvientoajuarez/obslog.git
 ! [rejected]            master -> master (fetch first)
error: failed to push some refs to 'github.com:loqueelvientoajuarez/obslog.git'
hint: Updates were rejected because the remote contains work that you do
hint: not have locally. This is usually caused by another repository pushing
hint: to the same ref. You may want to first integrate the remote changes
hint: (e.g., 'git pull ...') before pushing again.
hint: See the 'Note about fast-forwards' in 'git push --help' for details.


git add * in /data/www/twoptwo.com
git commit

daily.sh at 2023-03-03T16:47:01-03:00
-------------------------------------

github pull in /home/lachaume/git/autolog
error: cannot pull with rebase: You have unstaged changes.
error: please commit or stash them.

github pull in /data/www/twoptwo.com
Everything up-to-date


executing periodlog.py in /home/lachaume/git/autolog/scripts

git add * in /home/lachaume/git/autolog
git commit

daily.sh at 2023-03-03T16:48:01-03:00
-------------------------------------

github pull in /home/lachaume/git/autolog
error: cannot pull with rebase: You have unstaged changes.
error: please commit or stash them.

github pull in /data/www/twoptwo.com
git push
To github.com:loqueelvientoajuarez/obslog.git
 ! [rejected]            master -> master (fetch first)
error: failed to push some refs to 'github.com:loqueelvientoajuarez/obslog.git'
hint: Updates were rejected because the remote contains work that you do
hint: not have locally. This is usually caused by another repository pushing
hint: to the same ref. You may want to first integrate the remote changes
hint: (e.g., 'git pull ...') before pushing again.
hint: See the 'Note about fast-forwards' in 'git push --help' for details.


executing periodlog.py in /home/lachaume/git/autolog/scripts

git add * in /data/www/twoptwo.com
git commit
Everything up-to-date


daily.sh at 2023-03-03T16:49:01-03:00
-------------------------------------

github pull in /home/lachaume/git/autolog
error: cannot pull with rebase: You have unstaged changes.
error: please commit or stash them.

github pull in /data/www/twoptwo.com

git add * in /home/lachaume/git/autolog
git commit
git push

executing periodlog.py in /home/lachaume/git/autolog/scripts
To github.com:loqueelvientoajuarez/obslog.git
 ! [rejected]            master -> master (fetch first)
error: failed to push some refs to 'github.com:loqueelvientoajuarez/obslog.git'
hint: Updates were rejected because the remote contains work that you do
hint: not have locally. This is usually caused by another repository pushing
hint: to the same ref. You may want to first integrate the remote changes
hint: (e.g., 'git pull ...') before pushing again.
hint: See the 'Note about fast-forwards' in 'git push --help' for details.


git add * in /data/www/twoptwo.com
git commit
Everything up-to-date


daily.sh at 2023-03-03T16:50:01-03:00
-------------------------------------

github pull in /home/lachaume/git/autolog
error: cannot pull with rebase: You have unstaged changes.
error: please commit or stash them.

github pull in /data/www/twoptwo.com

executing periodlog.py in /home/lachaume/git/autolog/scripts

git add * in /home/lachaume/git/autolog
git commit
git push
To github.com:loqueelvientoajuarez/obslog.git
 ! [rejected]            master -> master (fetch first)
error: failed to push some refs to 'github.com:loqueelvientoajuarez/obslog.git'
hint: Updates were rejected because the remote contains work that you do
hint: not have locally. This is usually caused by another repository pushing
hint: to the same ref. You may want to first integrate the remote changes
hint: (e.g., 'git pull ...') before pushing again.
hint: See the 'Note about fast-forwards' in 'git push --help' for details.


git add * in /data/www/twoptwo.com
git commit
To github.com:loqueelvientoajuarez/2.2m-website.git
   31a30a9b..d602aeb0  main -> main


git add * in /home/lachaume/git/autolog
git commit
git push
To github.com:loqueelvientoajuarez/obslog.git
 ! [rejected]            master -> master (fetch first)
error: failed to push some refs to 'github.com:loqueelvientoajuarez/obslog.git'
hint: Updates were rejected because the remote contains work that you do
hint: not have locally. This is usually caused by another repository pushing
hint: to the same ref. You may want to first integrate the remote changes
hint: (e.g., 'git pull ...') before pushing again.
hint: See the 'Note about fast-forwards' in 'git push --help' for details.


daily.sh at 2023-03-03T16:51:01-03:00
-------------------------------------

github pull in /home/lachaume/git/autolog
error: cannot pull with rebase: You have unstaged changes.
error: please commit or stash them.

github pull in /data/www/twoptwo.com

git add * in /data/www/twoptwo.com
git commit

executing periodlog.py in /home/lachaume/git/autolog/scripts
Everything up-to-date


daily.sh at 2023-03-03T16:52:01-03:00
-------------------------------------

github pull in /home/lachaume/git/autolog
error: cannot pull with rebase: You have unstaged changes.
error: please commit or stash them.

github pull in /data/www/twoptwo.com

executing periodlog.py in /home/lachaume/git/autolog/scripts

git add * in /home/lachaume/git/autolog
git commit
git push
To github.com:loqueelvientoajuarez/obslog.git
 ! [rejected]            master -> master (fetch first)
error: failed to push some refs to 'github.com:loqueelvientoajuarez/obslog.git'
hint: Updates were rejected because the remote contains work that you do
hint: not have locally. This is usually caused by another repository pushing
hint: to the same ref. You may want to first integrate the remote changes
hint: (e.g., 'git pull ...') before pushing again.
hint: See the 'Note about fast-forwards' in 'git push --help' for details.


git add * in /data/www/twoptwo.com
git commit
Everything up-to-date


daily.sh at 2023-03-03T16:53:01-03:00
-------------------------------------

github pull in /home/lachaume/git/autolog
error: cannot pull with rebase: You have unstaged changes.
error: please commit or stash them.

github pull in /data/www/twoptwo.com

executing periodlog.py in /home/lachaume/git/autolog/scripts

git add * in /home/lachaume/git/autolog
git commit
git push
To github.com:loqueelvientoajuarez/obslog.git
 ! [rejected]            master -> master (fetch first)
error: failed to push some refs to 'github.com:loqueelvientoajuarez/obslog.git'
hint: Updates were rejected because the remote contains work that you do
hint: not have locally. This is usually caused by another repository pushing
hint: to the same ref. You may want to first integrate the remote changes
hint: (e.g., 'git pull ...') before pushing again.
hint: See the 'Note about fast-forwards' in 'git push --help' for details.


git add * in /data/www/twoptwo.com
git commit
Everything up-to-date


git add * in /home/lachaume/git/autolog
git commit
git push

daily.sh at 2023-03-03T16:54:01-03:00
-------------------------------------

github pull in /home/lachaume/git/autolog
error: cannot pull with rebase: You have unstaged changes.
error: please commit or stash them.

github pull in /data/www/twoptwo.com
To github.com:loqueelvientoajuarez/obslog.git
 ! [rejected]            master -> master (fetch first)
error: failed to push some refs to 'github.com:loqueelvientoajuarez/obslog.git'
hint: Updates were rejected because the remote contains work that you do
hint: not have locally. This is usually caused by another repository pushing
hint: to the same ref. You may want to first integrate the remote changes
hint: (e.g., 'git pull ...') before pushing again.
hint: See the 'Note about fast-forwards' in 'git push --help' for details.


executing periodlog.py in /home/lachaume/git/autolog/scripts

git add * in /data/www/twoptwo.com
git commit
Everything up-to-date


daily.sh at 2023-03-03T16:55:01-03:00
-------------------------------------

github pull in /home/lachaume/git/autolog
error: cannot pull with rebase: You have unstaged changes.
error: please commit or stash them.

github pull in /data/www/twoptwo.com

executing periodlog.py in /home/lachaume/git/autolog/scripts

git add * in /home/lachaume/git/autolog
git commit
git push
To github.com:loqueelvientoajuarez/obslog.git
 ! [rejected]            master -> master (fetch first)
error: failed to push some refs to 'github.com:loqueelvientoajuarez/obslog.git'
hint: Updates were rejected because the remote contains work that you do
hint: not have locally. This is usually caused by another repository pushing
hint: to the same ref. You may want to first integrate the remote changes
hint: (e.g., 'git pull ...') before pushing again.
hint: See the 'Note about fast-forwards' in 'git push --help' for details.


git add * in /data/www/twoptwo.com
git commit
To github.com:loqueelvientoajuarez/2.2m-website.git
   d602aeb0..052da067  main -> main


daily.sh at 2023-03-03T16:56:01-03:00
-------------------------------------

github pull in /home/lachaume/git/autolog
error: cannot pull with rebase: You have unstaged changes.
error: please commit or stash them.

github pull in /data/www/twoptwo.com

executing periodlog.py in /home/lachaume/git/autolog/scripts

git add * in /home/lachaume/git/autolog
git commit
git push
To github.com:loqueelvientoajuarez/obslog.git
 ! [rejected]            master -> master (fetch first)
error: failed to push some refs to 'github.com:loqueelvientoajuarez/obslog.git'
hint: Updates were rejected because the remote contains work that you do
hint: not have locally. This is usually caused by another repository pushing
hint: to the same ref. You may want to first integrate the remote changes
hint: (e.g., 'git pull ...') before pushing again.
hint: See the 'Note about fast-forwards' in 'git push --help' for details.


git add * in /data/www/twoptwo.com
git commit
Everything up-to-date


daily.sh at 2023-03-03T16:57:01-03:00
-------------------------------------

github pull in /home/lachaume/git/autolog
error: cannot pull with rebase: You have unstaged changes.
error: please commit or stash them.

github pull in /data/www/twoptwo.com

executing periodlog.py in /home/lachaume/git/autolog/scripts

git add * in /home/lachaume/git/autolog
git commit
git push
To github.com:loqueelvientoajuarez/obslog.git
 ! [rejected]            master -> master (fetch first)
error: failed to push some refs to 'github.com:loqueelvientoajuarez/obslog.git'
hint: Updates were rejected because the remote contains work that you do
hint: not have locally. This is usually caused by another repository pushing
hint: to the same ref. You may want to first integrate the remote changes
hint: (e.g., 'git pull ...') before pushing again.
hint: See the 'Note about fast-forwards' in 'git push --help' for details.


git add * in /data/www/twoptwo.com
git commit
Everything up-to-date


git add * in /home/lachaume/git/autolog
git commit
git push
To github.com:loqueelvientoajuarez/obslog.git
 ! [rejected]            master -> master (fetch first)
error: failed to push some refs to 'github.com:loqueelvientoajuarez/obslog.git'
hint: Updates were rejected because the remote contains work that you do
hint: not have locally. This is usually caused by another repository pushing
hint: to the same ref. You may want to first integrate the remote changes
hint: (e.g., 'git pull ...') before pushing again.
hint: See the 'Note about fast-forwards' in 'git push --help' for details.


git add * in /data/www/twoptwo.com
git commit

daily.sh at 2023-03-03T16:58:01-03:00
-------------------------------------

github pull in /home/lachaume/git/autolog
error: cannot pull with rebase: You have unstaged changes.
error: please commit or stash them.

github pull in /data/www/twoptwo.com
Everything up-to-date


executing periodlog.py in /home/lachaume/git/autolog/scripts

daily.sh at 2023-03-03T16:59:01-03:00
-------------------------------------

github pull in /home/lachaume/git/autolog
error: cannot pull with rebase: You have unstaged changes.
error: please commit or stash them.

github pull in /data/www/twoptwo.com

git add * in /home/lachaume/git/autolog
git commit
git push

executing periodlog.py in /home/lachaume/git/autolog/scripts
To github.com:loqueelvientoajuarez/obslog.git
 ! [rejected]            master -> master (fetch first)
error: failed to push some refs to 'github.com:loqueelvientoajuarez/obslog.git'
hint: Updates were rejected because the remote contains work that you do
hint: not have locally. This is usually caused by another repository pushing
hint: to the same ref. You may want to first integrate the remote changes
hint: (e.g., 'git pull ...') before pushing again.
hint: See the 'Note about fast-forwards' in 'git push --help' for details.


git add * in /data/www/twoptwo.com
git commit
Everything up-to-date


git add * in /home/lachaume/git/autolog
