
daily.sh at 2023-03-18T16:00:01-03:00
-------------------------------------

github pull in /home/lachaume/git/autolog
error: cannot pull with rebase: You have unstaged changes.
error: please commit or stash them.

github pull in /data/www/twoptwo.com

executing periodlog.py in /home/lachaume/git/autolog/scripts

daily.sh at 2023-03-18T16:01:01-03:00
-------------------------------------

github pull in /home/lachaume/git/autolog
error: cannot pull with rebase: You have unstaged changes.
error: please commit or stash them.

github pull in /data/www/twoptwo.com

executing periodlog.py in /home/lachaume/git/autolog/scripts

daily.sh at 2023-03-18T16:02:01-03:00
-------------------------------------

github pull in /home/lachaume/git/autolog
error: cannot pull with rebase: You have unstaged changes.
error: please commit or stash them.

github pull in /data/www/twoptwo.com

executing periodlog.py in /home/lachaume/git/autolog/scripts

daily.sh at 2023-03-18T16:03:01-03:00
-------------------------------------

github pull in /home/lachaume/git/autolog
error: cannot pull with rebase: You have unstaged changes.
error: please commit or stash them.

github pull in /data/www/twoptwo.com

executing periodlog.py in /home/lachaume/git/autolog/scripts

daily.sh at 2023-03-18T16:04:01-03:00
-------------------------------------

github pull in /home/lachaume/git/autolog
error: cannot pull with rebase: You have unstaged changes.
error: please commit or stash them.

github pull in /data/www/twoptwo.com

executing periodlog.py in /home/lachaume/git/autolog/scripts

daily.sh at 2023-03-18T16:05:01-03:00
-------------------------------------

github pull in /home/lachaume/git/autolog
error: cannot pull with rebase: You have unstaged changes.
error: please commit or stash them.

github pull in /data/www/twoptwo.com

executing periodlog.py in /home/lachaume/git/autolog/scripts

daily.sh at 2023-03-18T16:06:01-03:00
-------------------------------------

github pull in /home/lachaume/git/autolog
error: cannot pull with rebase: You have unstaged changes.
error: please commit or stash them.

github pull in /data/www/twoptwo.com

executing periodlog.py in /home/lachaume/git/autolog/scripts

daily.sh at 2023-03-18T16:07:01-03:00
-------------------------------------

github pull in /home/lachaume/git/autolog
error: cannot pull with rebase: You have unstaged changes.
error: please commit or stash them.

github pull in /data/www/twoptwo.com

executing periodlog.py in /home/lachaume/git/autolog/scripts

daily.sh at 2023-03-18T16:08:01-03:00
-------------------------------------

github pull in /home/lachaume/git/autolog
error: cannot pull with rebase: You have unstaged changes.
error: please commit or stash them.

github pull in /data/www/twoptwo.com

executing periodlog.py in /home/lachaume/git/autolog/scripts

daily.sh at 2023-03-18T16:09:01-03:00
-------------------------------------

github pull in /home/lachaume/git/autolog
error: cannot pull with rebase: You have unstaged changes.
error: please commit or stash them.

github pull in /data/www/twoptwo.com

executing periodlog.py in /home/lachaume/git/autolog/scripts

daily.sh at 2023-03-18T16:10:01-03:00
-------------------------------------

github pull in /home/lachaume/git/autolog
error: cannot pull with rebase: You have unstaged changes.
error: please commit or stash them.

github pull in /data/www/twoptwo.com

executing periodlog.py in /home/lachaume/git/autolog/scripts
github pull in /home/lachaume/git/autolog

daily.sh at 2023-03-18T16:11:01-03:00
-------------------------------------

error: cannot pull with rebase: You have unstaged changes.
error: please commit or stash them.

github pull in /data/www/twoptwo.com

executing periodlog.py in /home/lachaume/git/autolog/scripts

git add * in /home/lachaume/git/autolog
git commit
git push

git add * in /home/lachaume/git/autolog
git commit
git push
To github.com:loqueelvientoajuarez/obslog.git
 ! [rejected]            master -> master (fetch first)
error: failed to push some refs to 'github.com:loqueelvientoajuarez/obslog.git'
hint: Updates were rejected because the remote contains work that you do
hint: not have locally. This is usually caused by another repository pushing
hint: to the same ref. You may want to first integrate the remote changes
hint: (e.g., 'git pull ...') before pushing again.
hint: See the 'Note about fast-forwards' in 'git push --help' for details.

To github.com:loqueelvientoajuarez/obslog.git
 ! [rejected]            master -> master (fetch first)
error: failed to push some refs to 'github.com:loqueelvientoajuarez/obslog.git'
hint: Updates were rejected because the remote contains work that you do
hint: not have locally. This is usually caused by another repository pushing
hint: to the same ref. You may want to first integrate the remote changes
hint: (e.g., 'git pull ...') before pushing again.
hint: See the 'Note about fast-forwards' in 'git push --help' for details.


daily.sh at 2023-03-18T16:12:01-03:00
-------------------------------------

github pull in /home/lachaume/git/autolog
error: cannot pull with rebase: You have unstaged changes.
error: please commit or stash them.

github pull in /data/www/twoptwo.com

git add * in /data/www/twoptwo.com
git commit

git add * in /home/lachaume/git/autolog

git add * in /data/www/twoptwo.com
git commit
git commit
git push
warning: fetch updated the current branch head.
fast-forwarding your working tree from
commit 81338ef5060b56cf4abd5dd607396eed6a62a1d0.
error: Your local changes to the following files would be overwritten by merge:
	ESO-2.2m/logs/P110/2022-10-01/index.shtml
	ESO-2.2m/logs/P110/2022-10-02/index.shtml
	ESO-2.2m/logs/P110/2022-10-03/index.shtml
	ESO-2.2m/logs/P110/2022-10-04/index.shtml
	ESO-2.2m/logs/P110/2022-10-05/index.shtml
	ESO-2.2m/logs/P110/2022-10-06/index.shtml
	ESO-2.2m/logs/P110/2022-10-07/index.shtml
	ESO-2.2m/logs/P110/2022-10-08/index.shtml
	ESO-2.2m/logs/P110/2022-10-09/index.shtml
	ESO-2.2m/logs/P110/2022-10-10/index.shtml
	ESO-2.2m/logs/P110/2022-10-11/index.shtml
	ESO-2.2m/logs/P110/2022-10-12/index.shtml
	ESO-2.2m/logs/P110/2022-10-13/index.shtml
	ESO-2.2m/logs/P110/2022-10-14/index.shtml
	ESO-2.2m/logs/P110/2022-10-15/index.shtml
	ESO-2.2m/logs/P110/2022-10-16/index.shtml
	ESO-2.2m/logs/P110/2022-10-17/index.shtml
	ESO-2.2m/logs/P110/2022-10-18/index.shtml
	ESO-2.2m/logs/P110/2022-10-19/index.shtml
	ESO-2.2m/logs/P110/2022-10-20/index.shtml
	ESO-2.2m/logs/P110/2022-10-21/index.shtml
	ESO-2.2m/logs/P110/2022-10-22/index.shtml
	ESO-2.2m/logs/P110/2022-10-23/index.shtml
	ESO-2.2m/logs/P110/2022-10-24/index.shtml
	ESO-2.2m/logs/P110/2022-10-25/index.shtml
	ESO-2.2m/logs/P110/2022-10-26/index.shtml
	ESO-2.2m/logs/P110/2022-10-27/index.shtml
	ESO-2.2m/logs/P110/2022-10-28/index.shtml
	ESO-2.2m/logs/P110/2022-10-29/index.shtml
	ESO-2.2m/logs/P110/2022-10-30/index.shtml
	ESO-2.2m/logs/P110/2022-10-31/index.shtml
	ESO-2.2m/logs/P110/2022-11-01/index.shtml
	ESO-2.2m/logs/P110/2022-11-02/index.shtml
	ESO-2.2m/logs/P110/2022-11-03/index.shtml
	ESO-2.2m/logs/P110/2022-11-04/index.shtml
	ESO-2.2m/logs/P110/2022-11-05/index.shtml
	ESO-2.2m/logs/P110/2022-11-06/index.shtml
	ESO-2.2m/logs/P110/2022-11-07/index.shtml
	ESO-2.2m/logs/P110/2022-11-08/index.shtml
	ESO-2.2m/logs/P110/2022-11-09/index.shtml
	ESO-2.2m/logs/P110/2022-11-10/index.shtml
	ESO-2.2m/logs/P110/2022-11-11/index.shtml
	ESO-2.2m/logs/P110/2022-11-12/index.shtml
	ESO-2.2m/logs/P110/2022-11-13/index.shtml
	ESO-2.2m/logs/P110/2022-11-14/index.shtml
	ESO-2.2m/logs/P110/2022-11-15/index.shtml
	ESO-2.2m/logs/P110/2022-11-16/index.shtml
	ESO-2.2m/logs/P110/2022-11-17/index.shtml
	ESO-2.2m/logs/P110/2022-11-18/index.shtml
	ESO-2.2m/logs/P110/2022-11-19/index.shtml
	ESO-2.2m/logs/P110/2022-11-20/index.shtml
	ESO-2.2m/logs/P110/2022-11-21/index.shtml
	ESO-2.2m/logs/P110/2022-11-22/index.shtml
	ESO-2.2m/logs/P110/2022-11-23/index.shtml
	ESO-2.2m/logs/P110/2022-11-24/index.shtml
	ESO-2.2m/logs/P110/2022-11-25/index.shtml
	ESO-2.2m/logs/P110/2022-11-26/index.shtml
	ESO-2.2m/logs/P110/2022-11-27/index.shtml
	ESO-2.2m/logs/P110/2022-11-28/index.shtml
	ESO-2.2m/logs/P110/2022-11-29/index.shtml
	ESO-2.2m/logs/P110/2022-11-30/index.shtml
	ESO-2.2m/logs/P110/2022-12-01/index.shtml
	ESO-2.2m/logs/P110/2022-12-02/index.shtml
	ESO-2.2m/logs/P110/2022-12-03/index.shtml
	ESO-2.2m/logs/P110/2022-12-04/index.shtml
	ESO-2.2m/logs/P110/2022-12-05/index.shtml
	ESO-2.2m/logs/P110/2022-12-06/index.shtml
	ESO-2.2m/logs/P110/2022-12-07/index.shtml
	ESO-2.2m/logs/P110/2022-12-08/index.shtml
	ESO-2.2m/logs/P110/2022-12-09/index.shtml
	ESO-2.2m/logs/P110/2022-12-10/index.shtml
	ESO-2.2m/logs/P110/2022-12-11/index.shtml
	ESO-2.2m/logs/P110/2022-12-12/index.shtml
	ESO-2.2m/logs/P110/2022-12-13/index.shtml
	ESO-2.2m/logs/P110/2022-12-14/index.shtml
	ESO-2.2m/logs/P110/2022-12-15/index.shtml
	ESO-2.2m/logs/P110/2022-12-16/index.shtml
	ESO-2.2m/logs/P110/2022-12-17/index.shtml
	ESO-2.2m/logs/P110/2022-12-18/index.shtml
	ESO-2.2m/logs/P110/2022-12-19/index.shtml
	ESO-2.2m/logs/P110/2022-12-20/index.shtml
	ESO-2.2m/logs/P110/2022-12-21/index.shtml
	ESO-2.2m/logs/P110/2022-12-22/index.shtml
	ESO-2.2m/logs/P110/2022-12-23/index.shtml
	ESO-2.2m/logs/P110/2022-12-24/index.shtml
	ESO-2.2m/logs/P110/2022-12-25/index.shtml
	ESO-2.2m/logs/P110/2022-12-26/index.shtml
	ESO-2.2m/logs/P110/2022-12-27/index.shtml
	ESO-2.2m/logs/P110/2022-12-28/index.shtml
	ESO-2.2m/logs/P110/2022-12-29/index.shtml
	ESO-2.2m/logs/P110/2022-12-30/index.shtml
	ESO-2.2m/logs/P110/2022-12-31/index.shtml
	ESO-2.2m/logs/P110/2023-01-01/index.shtml
	ESO-2.2m/logs/P
error: The following untracked working tree files would be overwritten by merge:
	ESO-2.2m/logs/P110/2023-03-17/index.shtml
Please move or remove them before you merge.
Aborting
fatal: Cannot fast-forward your working tree.
After making sure that you saved anything precious from
$ git diff 81338ef5060b56cf4abd5dd607396eed6a62a1d0
output, run
$ git reset --hard
to recover.

executing periodlog.py in /home/lachaume/git/autolog/scripts
To github.com:loqueelvientoajuarez/obslog.git
 ! [rejected]            master -> master (fetch first)
error: failed to push some refs to 'github.com:loqueelvientoajuarez/obslog.git'
hint: Updates were rejected because the remote contains work that you do
hint: not have locally. This is usually caused by another repository pushing
hint: to the same ref. You may want to first integrate the remote changes
hint: (e.g., 'git pull ...') before pushing again.
hint: See the 'Note about fast-forwards' in 'git push --help' for details.

To github.com:loqueelvientoajuarez/2.2m-website.git
   81338ef5..fa081a64  main -> main

To github.com:loqueelvientoajuarez/2.2m-website.git
 ! [remote rejected]   main -> main (cannot lock ref 'refs/heads/main': is at fa081a6428b3e85fca1aa023a98828807b03e680 but expected 81338ef5060b56cf4abd5dd607396eed6a62a1d0)
error: failed to push some refs to 'github.com:loqueelvientoajuarez/2.2m-website.git'


git add * in /data/www/twoptwo.com
git commit
Everything up-to-date


git add * in /home/lachaume/git/autolog
git commit
git push
To github.com:loqueelvientoajuarez/obslog.git
 ! [rejected]            master -> master (fetch first)
error: failed to push some refs to 'github.com:loqueelvientoajuarez/obslog.git'
hint: Updates were rejected because the remote contains work that you do
hint: not have locally. This is usually caused by another repository pushing
hint: to the same ref. You may want to first integrate the remote changes
hint: (e.g., 'git pull ...') before pushing again.
hint: See the 'Note about fast-forwards' in 'git push --help' for details.


git add * in /data/www/twoptwo.com
git commit
Everything up-to-date


daily.sh at 2023-03-18T16:13:01-03:00
-------------------------------------

github pull in /home/lachaume/git/autolog
error: cannot pull with rebase: You have unstaged changes.
error: please commit or stash them.

github pull in /data/www/twoptwo.com

executing periodlog.py in /home/lachaume/git/autolog/scripts

git add * in /home/lachaume/git/autolog
git commit
git push
To github.com:loqueelvientoajuarez/obslog.git
 ! [rejected]            master -> master (fetch first)
error: failed to push some refs to 'github.com:loqueelvientoajuarez/obslog.git'
hint: Updates were rejected because the remote contains work that you do
hint: not have locally. This is usually caused by another repository pushing
hint: to the same ref. You may want to first integrate the remote changes
hint: (e.g., 'git pull ...') before pushing again.
hint: See the 'Note about fast-forwards' in 'git push --help' for details.


git add * in /data/www/twoptwo.com
git commit
Everything up-to-date


daily.sh at 2023-03-18T16:14:01-03:00
-------------------------------------

github pull in /home/lachaume/git/autolog
error: cannot pull with rebase: You have unstaged changes.
error: please commit or stash them.

github pull in /data/www/twoptwo.com

executing periodlog.py in /home/lachaume/git/autolog/scripts

git add * in /home/lachaume/git/autolog
git commit
git push
To github.com:loqueelvientoajuarez/obslog.git
 ! [rejected]            master -> master (fetch first)
error: failed to push some refs to 'github.com:loqueelvientoajuarez/obslog.git'
hint: Updates were rejected because the remote contains work that you do
hint: not have locally. This is usually caused by another repository pushing
hint: to the same ref. You may want to first integrate the remote changes
hint: (e.g., 'git pull ...') before pushing again.
hint: See the 'Note about fast-forwards' in 'git push --help' for details.


git add * in /data/www/twoptwo.com
git commit
Everything up-to-date


daily.sh at 2023-03-18T16:15:01-03:00
-------------------------------------

github pull in /home/lachaume/git/autolog
error: cannot pull with rebase: You have unstaged changes.
error: please commit or stash them.

github pull in /data/www/twoptwo.com

executing periodlog.py in /home/lachaume/git/autolog/scripts

daily.sh at 2023-03-18T16:16:01-03:00
-------------------------------------

github pull in /home/lachaume/git/autolog
error: cannot pull with rebase: You have unstaged changes.
error: please commit or stash them.

github pull in /data/www/twoptwo.com

executing periodlog.py in /home/lachaume/git/autolog/scripts

git add * in /home/lachaume/git/autolog
git commit
git push
To github.com:loqueelvientoajuarez/obslog.git
 ! [rejected]            master -> master (fetch first)
error: failed to push some refs to 'github.com:loqueelvientoajuarez/obslog.git'
hint: Updates were rejected because the remote contains work that you do
hint: not have locally. This is usually caused by another repository pushing
hint: to the same ref. You may want to first integrate the remote changes
hint: (e.g., 'git pull ...') before pushing again.
hint: See the 'Note about fast-forwards' in 'git push --help' for details.


git add * in /data/www/twoptwo.com
git commit
Everything up-to-date


daily.sh at 2023-03-18T16:17:01-03:00
-------------------------------------

github pull in /home/lachaume/git/autolog
error: cannot pull with rebase: You have unstaged changes.
error: please commit or stash them.

github pull in /data/www/twoptwo.com

executing periodlog.py in /home/lachaume/git/autolog/scripts

git add * in /home/lachaume/git/autolog
git commit
git push
To github.com:loqueelvientoajuarez/obslog.git
 ! [rejected]            master -> master (fetch first)
error: failed to push some refs to 'github.com:loqueelvientoajuarez/obslog.git'
hint: Updates were rejected because the remote contains work that you do
hint: not have locally. This is usually caused by another repository pushing
hint: to the same ref. You may want to first integrate the remote changes
hint: (e.g., 'git pull ...') before pushing again.
hint: See the 'Note about fast-forwards' in 'git push --help' for details.


git add * in /data/www/twoptwo.com
git commit
Everything up-to-date


daily.sh at 2023-03-18T16:18:01-03:00
-------------------------------------

github pull in /home/lachaume/git/autolog
error: cannot pull with rebase: You have unstaged changes.
error: please commit or stash them.

github pull in /data/www/twoptwo.com

executing periodlog.py in /home/lachaume/git/autolog/scripts

git add * in /home/lachaume/git/autolog
git commit
git push
To github.com:loqueelvientoajuarez/obslog.git
 ! [rejected]            master -> master (fetch first)
error: failed to push some refs to 'github.com:loqueelvientoajuarez/obslog.git'
hint: Updates were rejected because the remote contains work that you do
hint: not have locally. This is usually caused by another repository pushing
hint: to the same ref. You may want to first integrate the remote changes
hint: (e.g., 'git pull ...') before pushing again.
hint: See the 'Note about fast-forwards' in 'git push --help' for details.


git add * in /data/www/twoptwo.com
git commit
Everything up-to-date


daily.sh at 2023-03-18T16:19:01-03:00
-------------------------------------

github pull in /home/lachaume/git/autolog
error: cannot pull with rebase: You have unstaged changes.
error: please commit or stash them.

github pull in /data/www/twoptwo.com

executing periodlog.py in /home/lachaume/git/autolog/scripts

git add * in /home/lachaume/git/autolog
git commit
git push
To github.com:loqueelvientoajuarez/obslog.git
 ! [rejected]            master -> master (fetch first)
error: failed to push some refs to 'github.com:loqueelvientoajuarez/obslog.git'
hint: Updates were rejected because the remote contains work that you do
hint: not have locally. This is usually caused by another repository pushing
hint: to the same ref. You may want to first integrate the remote changes
hint: (e.g., 'git pull ...') before pushing again.
hint: See the 'Note about fast-forwards' in 'git push --help' for details.


git add * in /data/www/twoptwo.com
git commit
Everything up-to-date

github pull in /home/lachaume/git/autolog

daily.sh at 2023-03-18T16:20:01-03:00
-------------------------------------

error: cannot pull with rebase: You have unstaged changes.
error: please commit or stash them.

github pull in /data/www/twoptwo.com

executing periodlog.py in /home/lachaume/git/autolog/scripts

git add * in /home/lachaume/git/autolog
git commit
git push
To github.com:loqueelvientoajuarez/obslog.git
 ! [rejected]            master -> master (fetch first)
error: failed to push some refs to 'github.com:loqueelvientoajuarez/obslog.git'
hint: Updates were rejected because the remote contains work that you do
hint: not have locally. This is usually caused by another repository pushing
hint: to the same ref. You may want to first integrate the remote changes
hint: (e.g., 'git pull ...') before pushing again.
hint: See the 'Note about fast-forwards' in 'git push --help' for details.


git add * in /data/www/twoptwo.com
git commit
To github.com:loqueelvientoajuarez/2.2m-website.git
   fa081a64..fed4300d  main -> main


daily.sh at 2023-03-18T16:21:01-03:00
-------------------------------------

github pull in /home/lachaume/git/autolog
error: cannot pull with rebase: You have unstaged changes.
error: please commit or stash them.

github pull in /data/www/twoptwo.com

executing periodlog.py in /home/lachaume/git/autolog/scripts

git add * in /home/lachaume/git/autolog
git commit
git push
To github.com:loqueelvientoajuarez/obslog.git
 ! [rejected]            master -> master (fetch first)
error: failed to push some refs to 'github.com:loqueelvientoajuarez/obslog.git'
hint: Updates were rejected because the remote contains work that you do
hint: not have locally. This is usually caused by another repository pushing
hint: to the same ref. You may want to first integrate the remote changes
hint: (e.g., 'git pull ...') before pushing again.
hint: See the 'Note about fast-forwards' in 'git push --help' for details.


git add * in /data/www/twoptwo.com
git commit
To github.com:loqueelvientoajuarez/2.2m-website.git
   fed4300d..9443abd2  main -> main


daily.sh at 2023-03-18T16:22:01-03:00
-------------------------------------

github pull in /home/lachaume/git/autolog
error: cannot pull with rebase: You have unstaged changes.
error: please commit or stash them.

github pull in /data/www/twoptwo.com

executing periodlog.py in /home/lachaume/git/autolog/scripts

git add * in /home/lachaume/git/autolog
git commit
git push
To github.com:loqueelvientoajuarez/obslog.git
 ! [rejected]            master -> master (fetch first)
error: failed to push some refs to 'github.com:loqueelvientoajuarez/obslog.git'
hint: Updates were rejected because the remote contains work that you do
hint: not have locally. This is usually caused by another repository pushing
hint: to the same ref. You may want to first integrate the remote changes
hint: (e.g., 'git pull ...') before pushing again.
hint: See the 'Note about fast-forwards' in 'git push --help' for details.


git add * in /data/www/twoptwo.com
git commit
Everything up-to-date


daily.sh at 2023-03-18T16:23:01-03:00
-------------------------------------

github pull in /home/lachaume/git/autolog
error: cannot pull with rebase: You have unstaged changes.
error: please commit or stash them.

github pull in /data/www/twoptwo.com

executing periodlog.py in /home/lachaume/git/autolog/scripts

git add * in /home/lachaume/git/autolog
git commit
git push
To github.com:loqueelvientoajuarez/obslog.git
 ! [rejected]            master -> master (fetch first)
error: failed to push some refs to 'github.com:loqueelvientoajuarez/obslog.git'
hint: Updates were rejected because the remote contains work that you do
hint: not have locally. This is usually caused by another repository pushing
hint: to the same ref. You may want to first integrate the remote changes
hint: (e.g., 'git pull ...') before pushing again.
hint: See the 'Note about fast-forwards' in 'git push --help' for details.


git add * in /data/www/twoptwo.com
git commit
Everything up-to-date


daily.sh at 2023-03-18T16:24:01-03:00
-------------------------------------

github pull in /home/lachaume/git/autolog
error: cannot pull with rebase: You have unstaged changes.
error: please commit or stash them.

github pull in /data/www/twoptwo.com

executing periodlog.py in /home/lachaume/git/autolog/scripts

git add * in /home/lachaume/git/autolog
