
daily.sh at 2023-02-09T16:00:01-03:00
-------------------------------------

github pull in /home/lachaume/git/autolog
error: cannot pull with rebase: You have unstaged changes.
error: please commit or stash them.

github pull in /data/www/twoptwo.com

executing periodlog.py in /home/lachaume/git/autolog/scripts

daily.sh at 2023-02-09T16:01:01-03:00
-------------------------------------

github pull in /home/lachaume/git/autolog
error: cannot pull with rebase: You have unstaged changes.
error: please commit or stash them.

github pull in /data/www/twoptwo.com

executing periodlog.py in /home/lachaume/git/autolog/scripts

daily.sh at 2023-02-09T16:02:01-03:00
-------------------------------------

github pull in /home/lachaume/git/autolog
error: cannot pull with rebase: You have unstaged changes.
error: please commit or stash them.

github pull in /data/www/twoptwo.com

executing periodlog.py in /home/lachaume/git/autolog/scripts

daily.sh at 2023-02-09T16:03:01-03:00
-------------------------------------

github pull in /home/lachaume/git/autolog
error: cannot pull with rebase: You have unstaged changes.
error: please commit or stash them.

github pull in /data/www/twoptwo.com

executing periodlog.py in /home/lachaume/git/autolog/scripts

daily.sh at 2023-02-09T16:04:01-03:00
-------------------------------------

github pull in /home/lachaume/git/autolog
error: cannot pull with rebase: You have unstaged changes.
error: please commit or stash them.

github pull in /data/www/twoptwo.com

executing periodlog.py in /home/lachaume/git/autolog/scripts

daily.sh at 2023-02-09T16:05:01-03:00
-------------------------------------

github pull in /home/lachaume/git/autolog
error: cannot pull with rebase: You have unstaged changes.
error: please commit or stash them.

github pull in /data/www/twoptwo.com

executing periodlog.py in /home/lachaume/git/autolog/scripts

daily.sh at 2023-02-09T16:06:01-03:00
-------------------------------------

github pull in /home/lachaume/git/autolog
error: cannot pull with rebase: You have unstaged changes.
error: please commit or stash them.

github pull in /data/www/twoptwo.com

executing periodlog.py in /home/lachaume/git/autolog/scripts

daily.sh at 2023-02-09T16:07:01-03:00
-------------------------------------

github pull in /home/lachaume/git/autolog
error: cannot pull with rebase: You have unstaged changes.
error: please commit or stash them.

github pull in /data/www/twoptwo.com

executing periodlog.py in /home/lachaume/git/autolog/scripts

git add * in /home/lachaume/git/autolog
git commit
git push

git add * in /home/lachaume/git/autolog
git commit
git push

daily.sh at 2023-02-09T16:08:01-03:00
-------------------------------------

github pull in /home/lachaume/git/autolog
error: cannot pull with rebase: You have unstaged changes.
error: please commit or stash them.

github pull in /data/www/twoptwo.com

executing periodlog.py in /home/lachaume/git/autolog/scripts
To github.com:loqueelvientoajuarez/obslog.git
 ! [remote rejected]     master -> master (cannot lock ref 'refs/heads/master': is at 0c1c001a1f618959e59cbcd58ade86756a14543b but expected dfe44f93a6f05ff4f16a9d856d5f56a35cc3ebae)
error: failed to push some refs to 'github.com:loqueelvientoajuarez/obslog.git'

To github.com:loqueelvientoajuarez/obslog.git
   dfe44f93a..0c1c001a1  master -> master


git add * in /home/lachaume/git/autolog
